CRITICAL - 2024-03-07 13:07:44 --> The route for "not_good_id_method" cannot be found.
in SYSTEMPATH\HTTP\RedirectResponse.php on line 60.
 1 SYSTEMPATH\HTTP\RedirectResponse.php(60): CodeIgniter\HTTP\Exceptions\HTTPException::forInvalidRedirectRoute('not_good_id_method')
 2 SYSTEMPATH\Common.php(861): CodeIgniter\HTTP\RedirectResponse->route(false)
 3 APPPATH\Controllers\Rolemanagement.php(51): redirect('not_good_id_method', 'refresh')
 4 SYSTEMPATH\CodeIgniter.php(925): App\Controllers\Rolemanagement->getselectedrole('FCPATH\\js', 'gleek.js')
 5 SYSTEMPATH\CodeIgniter.php(480): CodeIgniter\CodeIgniter->runController(Object(App\Controllers\Rolemanagement))
 6 SYSTEMPATH\CodeIgniter.php(349): CodeIgniter\CodeIgniter->handleRequest(null, Object(Config\Cache), false)
 7 FCPATH\index.php(67): CodeIgniter\CodeIgniter->run()
CRITICAL - 2024-03-07 13:07:44 --> The route for "not_good_id_method" cannot be found.
in SYSTEMPATH\HTTP\RedirectResponse.php on line 60.
 1 SYSTEMPATH\HTTP\RedirectResponse.php(60): CodeIgniter\HTTP\Exceptions\HTTPException::forInvalidRedirectRoute('not_good_id_method')
 2 SYSTEMPATH\Common.php(861): CodeIgniter\HTTP\RedirectResponse->route(false)
 3 APPPATH\Controllers\Rolemanagement.php(51): redirect('not_good_id_method', 'refresh')
 4 SYSTEMPATH\CodeIgniter.php(925): App\Controllers\Rolemanagement->getselectedrole('FCPATH\\images', 'user', '1.png')
 5 SYSTEMPATH\CodeIgniter.php(480): CodeIgniter\CodeIgniter->runController(Object(App\Controllers\Rolemanagement))
 6 SYSTEMPATH\CodeIgniter.php(349): CodeIgniter\CodeIgniter->handleRequest(null, Object(Config\Cache), false)
 7 FCPATH\index.php(67): CodeIgniter\CodeIgniter->run()
CRITICAL - 2024-03-07 13:07:44 --> The route for "not_good_id_method" cannot be found.
in SYSTEMPATH\HTTP\RedirectResponse.php on line 60.
 1 SYSTEMPATH\HTTP\RedirectResponse.php(60): CodeIgniter\HTTP\Exceptions\HTTPException::forInvalidRedirectRoute('not_good_id_method')
 2 SYSTEMPATH\Common.php(861): CodeIgniter\HTTP\RedirectResponse->route(false)
 3 APPPATH\Controllers\Rolemanagement.php(51): redirect('not_good_id_method', 'refresh')
 4 SYSTEMPATH\CodeIgniter.php(925): App\Controllers\Rolemanagement->getselectedrole('FCPATH\\js', 'settings.js')
 5 SYSTEMPATH\CodeIgniter.php(480): CodeIgniter\CodeIgniter->runController(Object(App\Controllers\Rolemanagement))
 6 SYSTEMPATH\CodeIgniter.php(349): CodeIgniter\CodeIgniter->handleRequest(null, Object(Config\Cache), false)
 7 FCPATH\index.php(67): CodeIgniter\CodeIgniter->run()
CRITICAL - 2024-03-07 13:07:44 --> The route for "not_good_id_method" cannot be found.
in SYSTEMPATH\HTTP\RedirectResponse.php on line 60.
 1 SYSTEMPATH\HTTP\RedirectResponse.php(60): CodeIgniter\HTTP\Exceptions\HTTPException::forInvalidRedirectRoute('not_good_id_method')
 2 SYSTEMPATH\Common.php(861): CodeIgniter\HTTP\RedirectResponse->route(false)
 3 APPPATH\Controllers\Rolemanagement.php(51): redirect('not_good_id_method', 'refresh')
 4 SYSTEMPATH\CodeIgniter.php(925): App\Controllers\Rolemanagement->getselectedrole('FCPATH\\js', 'gleek.js')
 5 SYSTEMPATH\CodeIgniter.php(480): CodeIgniter\CodeIgniter->runController(Object(App\Controllers\Rolemanagement))
 6 SYSTEMPATH\CodeIgniter.php(349): CodeIgniter\CodeIgniter->handleRequest(null, Object(Config\Cache), false)
 7 FCPATH\index.php(67): CodeIgniter\CodeIgniter->run()
CRITICAL - 2024-03-07 13:07:45 --> The route for "not_good_id_method" cannot be found.
in SYSTEMPATH\HTTP\RedirectResponse.php on line 60.
 1 SYSTEMPATH\HTTP\RedirectResponse.php(60): CodeIgniter\HTTP\Exceptions\HTTPException::forInvalidRedirectRoute('not_good_id_method')
 2 SYSTEMPATH\Common.php(861): CodeIgniter\HTTP\RedirectResponse->route(false)
 3 APPPATH\Controllers\Rolemanagement.php(51): redirect('not_good_id_method', 'refresh')
 4 SYSTEMPATH\CodeIgniter.php(925): App\Controllers\Rolemanagement->getselectedrole('FCPATH\\images', 'favicon.png')
 5 SYSTEMPATH\CodeIgniter.php(480): CodeIgniter\CodeIgniter->runController(Object(App\Controllers\Rolemanagement))
 6 SYSTEMPATH\CodeIgniter.php(349): CodeIgniter\CodeIgniter->handleRequest(null, Object(Config\Cache), false)
 7 FCPATH\index.php(67): CodeIgniter\CodeIgniter->run()
CRITICAL - 2024-03-07 13:39:58 --> Undefined variable $data
in APPPATH\Controllers\Usermanagement.php on line 24.
 1 APPPATH\Controllers\Usermanagement.php(24): CodeIgniter\Debug\Exceptions->errorHandler(2, 'Undefined variable $data', 'APPPATH\\Controllers\\Usermanagement.php', 24)
 2 SYSTEMPATH\CodeIgniter.php(925): App\Controllers\Usermanagement->adduserlist()
 3 SYSTEMPATH\CodeIgniter.php(480): CodeIgniter\CodeIgniter->runController(Object(App\Controllers\Usermanagement))
 4 SYSTEMPATH\CodeIgniter.php(349): CodeIgniter\CodeIgniter->handleRequest(null, Object(Config\Cache), false)
 5 FCPATH\index.php(67): CodeIgniter\CodeIgniter->run()
CRITICAL - 2024-03-07 13:40:44 --> Undefined variable $data
in APPPATH\Controllers\Usermanagement.php on line 24.
 1 APPPATH\Controllers\Usermanagement.php(24): CodeIgniter\Debug\Exceptions->errorHandler(2, 'Undefined variable $data', 'APPPATH\\Controllers\\Usermanagement.php', 24)
 2 SYSTEMPATH\CodeIgniter.php(925): App\Controllers\Usermanagement->adduserlist()
 3 SYSTEMPATH\CodeIgniter.php(480): CodeIgniter\CodeIgniter->runController(Object(App\Controllers\Usermanagement))
 4 SYSTEMPATH\CodeIgniter.php(349): CodeIgniter\CodeIgniter->handleRequest(null, Object(Config\Cache), false)
 5 FCPATH\index.php(67): CodeIgniter\CodeIgniter->run()
CRITICAL - 2024-03-07 15:28:06 --> Undefined variable $departments
in APPPATH\Views\usermanagement\adduser.php on line 69.
 1 APPPATH\Views\usermanagement\adduser.php(69): CodeIgniter\Debug\Exceptions->errorHandler(2, 'Undefined variable $departments', 'APPPATH\\Views\\usermanagement\\adduser.php', 69)
 2 SYSTEMPATH\View\View.php(213): include('APPPATH\\Views\\usermanagement\\adduser.php')
 3 SYSTEMPATH\View\View.php(216): CodeIgniter\View\View->CodeIgniter\View\{closure}()
 4 SYSTEMPATH\Common.php(1135): CodeIgniter\View\View->render('usermanagement/adduser', [], true)
 5 APPPATH\Controllers\Usermanagement.php(31): view('usermanagement/adduser')
 6 SYSTEMPATH\CodeIgniter.php(925): App\Controllers\Usermanagement->adduserload()
 7 SYSTEMPATH\CodeIgniter.php(480): CodeIgniter\CodeIgniter->runController(Object(App\Controllers\Usermanagement))
 8 SYSTEMPATH\CodeIgniter.php(349): CodeIgniter\CodeIgniter->handleRequest(null, Object(Config\Cache), false)
 9 FCPATH\index.php(67): CodeIgniter\CodeIgniter->run()
CRITICAL - 2024-03-07 15:29:20 --> Undefined variable $departments
in APPPATH\Views\usermanagement\adduser.php on line 69.
 1 APPPATH\Views\usermanagement\adduser.php(69): CodeIgniter\Debug\Exceptions->errorHandler(2, 'Undefined variable $departments', 'APPPATH\\Views\\usermanagement\\adduser.php', 69)
 2 SYSTEMPATH\View\View.php(213): include('APPPATH\\Views\\usermanagement\\adduser.php')
 3 SYSTEMPATH\View\View.php(216): CodeIgniter\View\View->CodeIgniter\View\{closure}()
 4 SYSTEMPATH\Common.php(1135): CodeIgniter\View\View->render('usermanagement/adduser', [], true)
 5 APPPATH\Controllers\Usermanagement.php(33): view('usermanagement/adduser')
 6 SYSTEMPATH\CodeIgniter.php(925): App\Controllers\Usermanagement->adduserload()
 7 SYSTEMPATH\CodeIgniter.php(480): CodeIgniter\CodeIgniter->runController(Object(App\Controllers\Usermanagement))
 8 SYSTEMPATH\CodeIgniter.php(349): CodeIgniter\CodeIgniter->handleRequest(null, Object(Config\Cache), false)
 9 FCPATH\index.php(67): CodeIgniter\CodeIgniter->run()
CRITICAL - 2024-03-07 15:30:45 --> Undefined variable $departments
in APPPATH\Views\usermanagement\adduser.php on line 69.
 1 APPPATH\Views\usermanagement\adduser.php(69): CodeIgniter\Debug\Exceptions->errorHandler(2, 'Undefined variable $departments', 'APPPATH\\Views\\usermanagement\\adduser.php', 69)
 2 SYSTEMPATH\View\View.php(213): include('APPPATH\\Views\\usermanagement\\adduser.php')
 3 SYSTEMPATH\View\View.php(216): CodeIgniter\View\View->CodeIgniter\View\{closure}()
 4 SYSTEMPATH\Common.php(1135): CodeIgniter\View\View->render('usermanagement/adduser', [], true)
 5 APPPATH\Controllers\Usermanagement.php(33): view('usermanagement/adduser')
 6 SYSTEMPATH\CodeIgniter.php(925): App\Controllers\Usermanagement->adduserload()
 7 SYSTEMPATH\CodeIgniter.php(480): CodeIgniter\CodeIgniter->runController(Object(App\Controllers\Usermanagement))
 8 SYSTEMPATH\CodeIgniter.php(349): CodeIgniter\CodeIgniter->handleRequest(null, Object(Config\Cache), false)
 9 FCPATH\index.php(67): CodeIgniter\CodeIgniter->run()
CRITICAL - 2024-03-07 15:30:48 --> Undefined variable $departments
in APPPATH\Views\usermanagement\adduser.php on line 69.
 1 APPPATH\Views\usermanagement\adduser.php(69): CodeIgniter\Debug\Exceptions->errorHandler(2, 'Undefined variable $departments', 'APPPATH\\Views\\usermanagement\\adduser.php', 69)
 2 SYSTEMPATH\View\View.php(213): include('APPPATH\\Views\\usermanagement\\adduser.php')
 3 SYSTEMPATH\View\View.php(216): CodeIgniter\View\View->CodeIgniter\View\{closure}()
 4 SYSTEMPATH\Common.php(1135): CodeIgniter\View\View->render('usermanagement/adduser', [], true)
 5 APPPATH\Controllers\Usermanagement.php(33): view('usermanagement/adduser')
 6 SYSTEMPATH\CodeIgniter.php(925): App\Controllers\Usermanagement->adduserload()
 7 SYSTEMPATH\CodeIgniter.php(480): CodeIgniter\CodeIgniter->runController(Object(App\Controllers\Usermanagement))
 8 SYSTEMPATH\CodeIgniter.php(349): CodeIgniter\CodeIgniter->handleRequest(null, Object(Config\Cache), false)
 9 FCPATH\index.php(67): CodeIgniter\CodeIgniter->run()
CRITICAL - 2024-03-07 15:36:31 --> Undefined variable $departments
in APPPATH\Views\usermanagement\adduser.php on line 69.
 1 APPPATH\Views\usermanagement\adduser.php(69): CodeIgniter\Debug\Exceptions->errorHandler(2, 'Undefined variable $departments', 'APPPATH\\Views\\usermanagement\\adduser.php', 69)
 2 SYSTEMPATH\View\View.php(213): include('APPPATH\\Views\\usermanagement\\adduser.php')
 3 SYSTEMPATH\View\View.php(216): CodeIgniter\View\View->CodeIgniter\View\{closure}()
 4 SYSTEMPATH\Common.php(1135): CodeIgniter\View\View->render('usermanagement/adduser', [], true)
 5 APPPATH\Controllers\Usermanagement.php(33): view('usermanagement/adduser')
 6 SYSTEMPATH\CodeIgniter.php(925): App\Controllers\Usermanagement->adduserload()
 7 SYSTEMPATH\CodeIgniter.php(480): CodeIgniter\CodeIgniter->runController(Object(App\Controllers\Usermanagement))
 8 SYSTEMPATH\CodeIgniter.php(349): CodeIgniter\CodeIgniter->handleRequest(null, Object(Config\Cache), false)
 9 FCPATH\index.php(67): CodeIgniter\CodeIgniter->run()
CRITICAL - 2024-03-07 15:36:54 --> Undefined variable $departments
in APPPATH\Views\usermanagement\adduser.php on line 69.
 1 APPPATH\Views\usermanagement\adduser.php(69): CodeIgniter\Debug\Exceptions->errorHandler(2, 'Undefined variable $departments', 'APPPATH\\Views\\usermanagement\\adduser.php', 69)
 2 SYSTEMPATH\View\View.php(213): include('APPPATH\\Views\\usermanagement\\adduser.php')
 3 SYSTEMPATH\View\View.php(216): CodeIgniter\View\View->CodeIgniter\View\{closure}()
 4 SYSTEMPATH\Common.php(1135): CodeIgniter\View\View->render('usermanagement/adduser', [], true)
 5 APPPATH\Controllers\Usermanagement.php(33): view('usermanagement/adduser')
 6 SYSTEMPATH\CodeIgniter.php(925): App\Controllers\Usermanagement->adduserload()
 7 SYSTEMPATH\CodeIgniter.php(480): CodeIgniter\CodeIgniter->runController(Object(App\Controllers\Usermanagement))
 8 SYSTEMPATH\CodeIgniter.php(349): CodeIgniter\CodeIgniter->handleRequest(null, Object(Config\Cache), false)
 9 FCPATH\index.php(67): CodeIgniter\CodeIgniter->run()
CRITICAL - 2024-03-07 15:36:56 --> Undefined variable $departments
in APPPATH\Views\usermanagement\adduser.php on line 69.
 1 APPPATH\Views\usermanagement\adduser.php(69): CodeIgniter\Debug\Exceptions->errorHandler(2, 'Undefined variable $departments', 'APPPATH\\Views\\usermanagement\\adduser.php', 69)
 2 SYSTEMPATH\View\View.php(213): include('APPPATH\\Views\\usermanagement\\adduser.php')
 3 SYSTEMPATH\View\View.php(216): CodeIgniter\View\View->CodeIgniter\View\{closure}()
 4 SYSTEMPATH\Common.php(1135): CodeIgniter\View\View->render('usermanagement/adduser', [], true)
 5 APPPATH\Controllers\Usermanagement.php(33): view('usermanagement/adduser')
 6 SYSTEMPATH\CodeIgniter.php(925): App\Controllers\Usermanagement->adduserload()
 7 SYSTEMPATH\CodeIgniter.php(480): CodeIgniter\CodeIgniter->runController(Object(App\Controllers\Usermanagement))
 8 SYSTEMPATH\CodeIgniter.php(349): CodeIgniter\CodeIgniter->handleRequest(null, Object(Config\Cache), false)
 9 FCPATH\index.php(67): CodeIgniter\CodeIgniter->run()
CRITICAL - 2024-03-07 15:36:57 --> Undefined variable $departments
in APPPATH\Views\usermanagement\adduser.php on line 69.
 1 APPPATH\Views\usermanagement\adduser.php(69): CodeIgniter\Debug\Exceptions->errorHandler(2, 'Undefined variable $departments', 'APPPATH\\Views\\usermanagement\\adduser.php', 69)
 2 SYSTEMPATH\View\View.php(213): include('APPPATH\\Views\\usermanagement\\adduser.php')
 3 SYSTEMPATH\View\View.php(216): CodeIgniter\View\View->CodeIgniter\View\{closure}()
 4 SYSTEMPATH\Common.php(1135): CodeIgniter\View\View->render('usermanagement/adduser', [], true)
 5 APPPATH\Controllers\Usermanagement.php(33): view('usermanagement/adduser')
 6 SYSTEMPATH\CodeIgniter.php(925): App\Controllers\Usermanagement->adduserload()
 7 SYSTEMPATH\CodeIgniter.php(480): CodeIgniter\CodeIgniter->runController(Object(App\Controllers\Usermanagement))
 8 SYSTEMPATH\CodeIgniter.php(349): CodeIgniter\CodeIgniter->handleRequest(null, Object(Config\Cache), false)
 9 FCPATH\index.php(67): CodeIgniter\CodeIgniter->run()
CRITICAL - 2024-03-07 15:37:03 --> Undefined variable $departments
in APPPATH\Views\usermanagement\adduser.php on line 69.
 1 APPPATH\Views\usermanagement\adduser.php(69): CodeIgniter\Debug\Exceptions->errorHandler(2, 'Undefined variable $departments', 'APPPATH\\Views\\usermanagement\\adduser.php', 69)
 2 SYSTEMPATH\View\View.php(213): include('APPPATH\\Views\\usermanagement\\adduser.php')
 3 SYSTEMPATH\View\View.php(216): CodeIgniter\View\View->CodeIgniter\View\{closure}()
 4 SYSTEMPATH\Common.php(1135): CodeIgniter\View\View->render('usermanagement/adduser', [], true)
 5 APPPATH\Controllers\Usermanagement.php(33): view('usermanagement/adduser')
 6 SYSTEMPATH\CodeIgniter.php(925): App\Controllers\Usermanagement->adduserload()
 7 SYSTEMPATH\CodeIgniter.php(480): CodeIgniter\CodeIgniter->runController(Object(App\Controllers\Usermanagement))
 8 SYSTEMPATH\CodeIgniter.php(349): CodeIgniter\CodeIgniter->handleRequest(null, Object(Config\Cache), false)
 9 FCPATH\index.php(67): CodeIgniter\CodeIgniter->run()
CRITICAL - 2024-03-07 15:37:05 --> Undefined variable $departments
in APPPATH\Views\usermanagement\adduser.php on line 69.
 1 APPPATH\Views\usermanagement\adduser.php(69): CodeIgniter\Debug\Exceptions->errorHandler(2, 'Undefined variable $departments', 'APPPATH\\Views\\usermanagement\\adduser.php', 69)
 2 SYSTEMPATH\View\View.php(213): include('APPPATH\\Views\\usermanagement\\adduser.php')
 3 SYSTEMPATH\View\View.php(216): CodeIgniter\View\View->CodeIgniter\View\{closure}()
 4 SYSTEMPATH\Common.php(1135): CodeIgniter\View\View->render('usermanagement/adduser', [], true)
 5 APPPATH\Controllers\Usermanagement.php(33): view('usermanagement/adduser')
 6 SYSTEMPATH\CodeIgniter.php(925): App\Controllers\Usermanagement->adduserload()
 7 SYSTEMPATH\CodeIgniter.php(480): CodeIgniter\CodeIgniter->runController(Object(App\Controllers\Usermanagement))
 8 SYSTEMPATH\CodeIgniter.php(349): CodeIgniter\CodeIgniter->handleRequest(null, Object(Config\Cache), false)
 9 FCPATH\index.php(67): CodeIgniter\CodeIgniter->run()
CRITICAL - 2024-03-07 15:37:07 --> Undefined variable $departments
in APPPATH\Views\usermanagement\adduser.php on line 69.
 1 APPPATH\Views\usermanagement\adduser.php(69): CodeIgniter\Debug\Exceptions->errorHandler(2, 'Undefined variable $departments', 'APPPATH\\Views\\usermanagement\\adduser.php', 69)
 2 SYSTEMPATH\View\View.php(213): include('APPPATH\\Views\\usermanagement\\adduser.php')
 3 SYSTEMPATH\View\View.php(216): CodeIgniter\View\View->CodeIgniter\View\{closure}()
 4 SYSTEMPATH\Common.php(1135): CodeIgniter\View\View->render('usermanagement/adduser', [], true)
 5 APPPATH\Controllers\Usermanagement.php(33): view('usermanagement/adduser')
 6 SYSTEMPATH\CodeIgniter.php(925): App\Controllers\Usermanagement->adduserload()
 7 SYSTEMPATH\CodeIgniter.php(480): CodeIgniter\CodeIgniter->runController(Object(App\Controllers\Usermanagement))
 8 SYSTEMPATH\CodeIgniter.php(349): CodeIgniter\CodeIgniter->handleRequest(null, Object(Config\Cache), false)
 9 FCPATH\index.php(67): CodeIgniter\CodeIgniter->run()
CRITICAL - 2024-03-07 15:37:43 --> Undefined variable $departments
in APPPATH\Views\usermanagement\adduser.php on line 69.
 1 APPPATH\Views\usermanagement\adduser.php(69): CodeIgniter\Debug\Exceptions->errorHandler(2, 'Undefined variable $departments', 'APPPATH\\Views\\usermanagement\\adduser.php', 69)
 2 SYSTEMPATH\View\View.php(213): include('APPPATH\\Views\\usermanagement\\adduser.php')
 3 SYSTEMPATH\View\View.php(216): CodeIgniter\View\View->CodeIgniter\View\{closure}()
 4 SYSTEMPATH\Common.php(1135): CodeIgniter\View\View->render('usermanagement/adduser', [], true)
 5 APPPATH\Controllers\Usermanagement.php(33): view('usermanagement/adduser')
 6 SYSTEMPATH\CodeIgniter.php(925): App\Controllers\Usermanagement->adduserload()
 7 SYSTEMPATH\CodeIgniter.php(480): CodeIgniter\CodeIgniter->runController(Object(App\Controllers\Usermanagement))
 8 SYSTEMPATH\CodeIgniter.php(349): CodeIgniter\CodeIgniter->handleRequest(null, Object(Config\Cache), false)
 9 FCPATH\index.php(67): CodeIgniter\CodeIgniter->run()
CRITICAL - 2024-03-07 15:38:18 --> Undefined variable $departments
in APPPATH\Views\usermanagement\adduser.php on line 69.
 1 APPPATH\Views\usermanagement\adduser.php(69): CodeIgniter\Debug\Exceptions->errorHandler(2, 'Undefined variable $departments', 'APPPATH\\Views\\usermanagement\\adduser.php', 69)
 2 SYSTEMPATH\View\View.php(213): include('APPPATH\\Views\\usermanagement\\adduser.php')
 3 SYSTEMPATH\View\View.php(216): CodeIgniter\View\View->CodeIgniter\View\{closure}()
 4 SYSTEMPATH\Common.php(1135): CodeIgniter\View\View->render('usermanagement/adduser', [], true)
 5 APPPATH\Controllers\Usermanagement.php(33): view('usermanagement/adduser')
 6 SYSTEMPATH\CodeIgniter.php(925): App\Controllers\Usermanagement->adduserload()
 7 SYSTEMPATH\CodeIgniter.php(480): CodeIgniter\CodeIgniter->runController(Object(App\Controllers\Usermanagement))
 8 SYSTEMPATH\CodeIgniter.php(349): CodeIgniter\CodeIgniter->handleRequest(null, Object(Config\Cache), false)
 9 FCPATH\index.php(67): CodeIgniter\CodeIgniter->run()
CRITICAL - 2024-03-07 15:38:24 --> Undefined variable $departments
in APPPATH\Views\usermanagement\adduser.php on line 69.
 1 APPPATH\Views\usermanagement\adduser.php(69): CodeIgniter\Debug\Exceptions->errorHandler(2, 'Undefined variable $departments', 'APPPATH\\Views\\usermanagement\\adduser.php', 69)
 2 SYSTEMPATH\View\View.php(213): include('APPPATH\\Views\\usermanagement\\adduser.php')
 3 SYSTEMPATH\View\View.php(216): CodeIgniter\View\View->CodeIgniter\View\{closure}()
 4 SYSTEMPATH\Common.php(1135): CodeIgniter\View\View->render('usermanagement/adduser', [], true)
 5 APPPATH\Controllers\Usermanagement.php(33): view('usermanagement/adduser')
 6 SYSTEMPATH\CodeIgniter.php(925): App\Controllers\Usermanagement->adduserload()
 7 SYSTEMPATH\CodeIgniter.php(480): CodeIgniter\CodeIgniter->runController(Object(App\Controllers\Usermanagement))
 8 SYSTEMPATH\CodeIgniter.php(349): CodeIgniter\CodeIgniter->handleRequest(null, Object(Config\Cache), false)
 9 FCPATH\index.php(67): CodeIgniter\CodeIgniter->run()
CRITICAL - 2024-03-07 15:47:09 --> Undefined variable $departments
in APPPATH\Views\usermanagement\adduser.php on line 72.
 1 APPPATH\Views\usermanagement\adduser.php(72): CodeIgniter\Debug\Exceptions->errorHandler(2, 'Undefined variable $departments', 'APPPATH\\Views\\usermanagement\\adduser.php', 72)
 2 SYSTEMPATH\View\View.php(213): include('APPPATH\\Views\\usermanagement\\adduser.php')
 3 SYSTEMPATH\View\View.php(216): CodeIgniter\View\View->CodeIgniter\View\{closure}()
 4 SYSTEMPATH\Common.php(1135): CodeIgniter\View\View->render('usermanagement/adduser', [], true)
 5 APPPATH\Controllers\Usermanagement.php(33): view('usermanagement/adduser')
 6 SYSTEMPATH\CodeIgniter.php(925): App\Controllers\Usermanagement->adduserload()
 7 SYSTEMPATH\CodeIgniter.php(480): CodeIgniter\CodeIgniter->runController(Object(App\Controllers\Usermanagement))
 8 SYSTEMPATH\CodeIgniter.php(349): CodeIgniter\CodeIgniter->handleRequest(null, Object(Config\Cache), false)
 9 FCPATH\index.php(67): CodeIgniter\CodeIgniter->run()
