CRITICAL - 2024-03-13 17:14:28 --> Undefined array key "u_Avatar"
in APPPATH\Views\usermanagement\editprofile.php on line 149.
 1 APPPATH\Views\usermanagement\editprofile.php(149): CodeIgniter\Debug\Exceptions->errorHandler(2, 'Undefined array key "u_Avatar"', 'APPPATH\\Views\\usermanagement\\editprofile.php', 149)
 2 SYSTEMPATH\View\View.php(213): include('APPPATH\\Views\\usermanagement\\editprofile.php')
 3 SYSTEMPATH\View\View.php(216): CodeIgniter\View\View->CodeIgniter\View\{closure}()
 4 SYSTEMPATH\Common.php(1135): CodeIgniter\View\View->render('usermanagement/editprofile', [], true)
 5 APPPATH\Controllers\Usermanagement.php(235): view('usermanagement/editprofile', [...])
 6 SYSTEMPATH\CodeIgniter.php(925): App\Controllers\Usermanagement->loadprofileforedit()
 7 SYSTEMPATH\CodeIgniter.php(480): CodeIgniter\CodeIgniter->runController(Object(App\Controllers\Usermanagement))
 8 SYSTEMPATH\CodeIgniter.php(349): CodeIgniter\CodeIgniter->handleRequest(null, Object(Config\Cache), false)
 9 FCPATH\index.php(67): CodeIgniter\CodeIgniter->run()
CRITICAL - 2024-03-13 17:14:35 --> Undefined array key "u_Avatar"
in APPPATH\Views\usermanagement\editprofile.php on line 149.
 1 APPPATH\Views\usermanagement\editprofile.php(149): CodeIgniter\Debug\Exceptions->errorHandler(2, 'Undefined array key "u_Avatar"', 'APPPATH\\Views\\usermanagement\\editprofile.php', 149)
 2 SYSTEMPATH\View\View.php(213): include('APPPATH\\Views\\usermanagement\\editprofile.php')
 3 SYSTEMPATH\View\View.php(216): CodeIgniter\View\View->CodeIgniter\View\{closure}()
 4 SYSTEMPATH\Common.php(1135): CodeIgniter\View\View->render('usermanagement/editprofile', [], true)
 5 APPPATH\Controllers\Usermanagement.php(235): view('usermanagement/editprofile', [...])
 6 SYSTEMPATH\CodeIgniter.php(925): App\Controllers\Usermanagement->loadprofileforedit()
 7 SYSTEMPATH\CodeIgniter.php(480): CodeIgniter\CodeIgniter->runController(Object(App\Controllers\Usermanagement))
 8 SYSTEMPATH\CodeIgniter.php(349): CodeIgniter\CodeIgniter->handleRequest(null, Object(Config\Cache), false)
 9 FCPATH\index.php(67): CodeIgniter\CodeIgniter->run()
CRITICAL - 2024-03-13 17:14:45 --> Undefined array key "u_Avatar"
in APPPATH\Views\usermanagement\editprofile.php on line 149.
 1 APPPATH\Views\usermanagement\editprofile.php(149): CodeIgniter\Debug\Exceptions->errorHandler(2, 'Undefined array key "u_Avatar"', 'APPPATH\\Views\\usermanagement\\editprofile.php', 149)
 2 SYSTEMPATH\View\View.php(213): include('APPPATH\\Views\\usermanagement\\editprofile.php')
 3 SYSTEMPATH\View\View.php(216): CodeIgniter\View\View->CodeIgniter\View\{closure}()
 4 SYSTEMPATH\Common.php(1135): CodeIgniter\View\View->render('usermanagement/editprofile', [], true)
 5 APPPATH\Controllers\Usermanagement.php(235): view('usermanagement/editprofile', [...])
 6 SYSTEMPATH\CodeIgniter.php(925): App\Controllers\Usermanagement->loadprofileforedit()
 7 SYSTEMPATH\CodeIgniter.php(480): CodeIgniter\CodeIgniter->runController(Object(App\Controllers\Usermanagement))
 8 SYSTEMPATH\CodeIgniter.php(349): CodeIgniter\CodeIgniter->handleRequest(null, Object(Config\Cache), false)
 9 FCPATH\index.php(67): CodeIgniter\CodeIgniter->run()
CRITICAL - 2024-03-13 17:14:54 --> Undefined array key "u_Avatar"
in APPPATH\Views\usermanagement\editprofile.php on line 149.
 1 APPPATH\Views\usermanagement\editprofile.php(149): CodeIgniter\Debug\Exceptions->errorHandler(2, 'Undefined array key "u_Avatar"', 'APPPATH\\Views\\usermanagement\\editprofile.php', 149)
 2 SYSTEMPATH\View\View.php(213): include('APPPATH\\Views\\usermanagement\\editprofile.php')
 3 SYSTEMPATH\View\View.php(216): CodeIgniter\View\View->CodeIgniter\View\{closure}()
 4 SYSTEMPATH\Common.php(1135): CodeIgniter\View\View->render('usermanagement/editprofile', [], true)
 5 APPPATH\Controllers\Usermanagement.php(235): view('usermanagement/editprofile', [...])
 6 SYSTEMPATH\CodeIgniter.php(925): App\Controllers\Usermanagement->loadprofileforedit()
 7 SYSTEMPATH\CodeIgniter.php(480): CodeIgniter\CodeIgniter->runController(Object(App\Controllers\Usermanagement))
 8 SYSTEMPATH\CodeIgniter.php(349): CodeIgniter\CodeIgniter->handleRequest(null, Object(Config\Cache), false)
 9 FCPATH\index.php(67): CodeIgniter\CodeIgniter->run()
CRITICAL - 2024-03-13 17:14:57 --> Undefined array key "u_Avatar"
in APPPATH\Views\usermanagement\editprofile.php on line 149.
 1 APPPATH\Views\usermanagement\editprofile.php(149): CodeIgniter\Debug\Exceptions->errorHandler(2, 'Undefined array key "u_Avatar"', 'APPPATH\\Views\\usermanagement\\editprofile.php', 149)
 2 SYSTEMPATH\View\View.php(213): include('APPPATH\\Views\\usermanagement\\editprofile.php')
 3 SYSTEMPATH\View\View.php(216): CodeIgniter\View\View->CodeIgniter\View\{closure}()
 4 SYSTEMPATH\Common.php(1135): CodeIgniter\View\View->render('usermanagement/editprofile', [], true)
 5 APPPATH\Controllers\Usermanagement.php(235): view('usermanagement/editprofile', [...])
 6 SYSTEMPATH\CodeIgniter.php(925): App\Controllers\Usermanagement->loadprofileforedit()
 7 SYSTEMPATH\CodeIgniter.php(480): CodeIgniter\CodeIgniter->runController(Object(App\Controllers\Usermanagement))
 8 SYSTEMPATH\CodeIgniter.php(349): CodeIgniter\CodeIgniter->handleRequest(null, Object(Config\Cache), false)
 9 FCPATH\index.php(67): CodeIgniter\CodeIgniter->run()
CRITICAL - 2024-03-13 17:15:00 --> Undefined array key "u_Avatar"
in APPPATH\Views\usermanagement\editprofile.php on line 149.
 1 APPPATH\Views\usermanagement\editprofile.php(149): CodeIgniter\Debug\Exceptions->errorHandler(2, 'Undefined array key "u_Avatar"', 'APPPATH\\Views\\usermanagement\\editprofile.php', 149)
 2 SYSTEMPATH\View\View.php(213): include('APPPATH\\Views\\usermanagement\\editprofile.php')
 3 SYSTEMPATH\View\View.php(216): CodeIgniter\View\View->CodeIgniter\View\{closure}()
 4 SYSTEMPATH\Common.php(1135): CodeIgniter\View\View->render('usermanagement/editprofile', [], true)
 5 APPPATH\Controllers\Usermanagement.php(235): view('usermanagement/editprofile', [...])
 6 SYSTEMPATH\CodeIgniter.php(925): App\Controllers\Usermanagement->loadprofileforedit()
 7 SYSTEMPATH\CodeIgniter.php(480): CodeIgniter\CodeIgniter->runController(Object(App\Controllers\Usermanagement))
 8 SYSTEMPATH\CodeIgniter.php(349): CodeIgniter\CodeIgniter->handleRequest(null, Object(Config\Cache), false)
 9 FCPATH\index.php(67): CodeIgniter\CodeIgniter->run()
CRITICAL - 2024-03-13 17:15:01 --> Undefined array key "u_Avatar"
in APPPATH\Views\usermanagement\editprofile.php on line 149.
 1 APPPATH\Views\usermanagement\editprofile.php(149): CodeIgniter\Debug\Exceptions->errorHandler(2, 'Undefined array key "u_Avatar"', 'APPPATH\\Views\\usermanagement\\editprofile.php', 149)
 2 SYSTEMPATH\View\View.php(213): include('APPPATH\\Views\\usermanagement\\editprofile.php')
 3 SYSTEMPATH\View\View.php(216): CodeIgniter\View\View->CodeIgniter\View\{closure}()
 4 SYSTEMPATH\Common.php(1135): CodeIgniter\View\View->render('usermanagement/editprofile', [], true)
 5 APPPATH\Controllers\Usermanagement.php(235): view('usermanagement/editprofile', [...])
 6 SYSTEMPATH\CodeIgniter.php(925): App\Controllers\Usermanagement->loadprofileforedit()
 7 SYSTEMPATH\CodeIgniter.php(480): CodeIgniter\CodeIgniter->runController(Object(App\Controllers\Usermanagement))
 8 SYSTEMPATH\CodeIgniter.php(349): CodeIgniter\CodeIgniter->handleRequest(null, Object(Config\Cache), false)
 9 FCPATH\index.php(67): CodeIgniter\CodeIgniter->run()
CRITICAL - 2024-03-13 17:15:11 --> Undefined array key "u_Avatar"
in APPPATH\Views\usermanagement\editprofile.php on line 149.
 1 APPPATH\Views\usermanagement\editprofile.php(149): CodeIgniter\Debug\Exceptions->errorHandler(2, 'Undefined array key "u_Avatar"', 'APPPATH\\Views\\usermanagement\\editprofile.php', 149)
 2 SYSTEMPATH\View\View.php(213): include('APPPATH\\Views\\usermanagement\\editprofile.php')
 3 SYSTEMPATH\View\View.php(216): CodeIgniter\View\View->CodeIgniter\View\{closure}()
 4 SYSTEMPATH\Common.php(1135): CodeIgniter\View\View->render('usermanagement/editprofile', [], true)
 5 APPPATH\Controllers\Usermanagement.php(235): view('usermanagement/editprofile', [...])
 6 SYSTEMPATH\CodeIgniter.php(925): App\Controllers\Usermanagement->loadprofileforedit()
 7 SYSTEMPATH\CodeIgniter.php(480): CodeIgniter\CodeIgniter->runController(Object(App\Controllers\Usermanagement))
 8 SYSTEMPATH\CodeIgniter.php(349): CodeIgniter\CodeIgniter->handleRequest(null, Object(Config\Cache), false)
 9 FCPATH\index.php(67): CodeIgniter\CodeIgniter->run()
