CRITICAL - 2024-03-08 16:46:23 --> Undefined variable $departments
in APPPATH\Views\reports\faccessdetailreport.php on line 90.
 1 APPPATH\Views\reports\faccessdetailreport.php(90): CodeIgniter\Debug\Exceptions->errorHandler(2, 'Undefined variable $departments', 'APPPATH\\Views\\reports\\faccessdetailreport.php', 90)
 2 SYSTEMPATH\View\View.php(213): include('APPPATH\\Views\\reports\\faccessdetailreport.php')
 3 SYSTEMPATH\View\View.php(216): CodeIgniter\View\View->CodeIgniter\View\{closure}()
 4 SYSTEMPATH\Common.php(1135): CodeIgniter\View\View->render('reports/faccessdetailreport', [], true)
 5 APPPATH\Controllers\Reportmanager.php(32): view('reports/faccessdetailreport', [...])
 6 SYSTEMPATH\CodeIgniter.php(925): App\Controllers\Reportmanager->fwaccessdreport()
 7 SYSTEMPATH\CodeIgniter.php(480): CodeIgniter\CodeIgniter->runController(Object(App\Controllers\Reportmanager))
 8 SYSTEMPATH\CodeIgniter.php(349): CodeIgniter\CodeIgniter->handleRequest(null, Object(Config\Cache), false)
 9 FCPATH\index.php(67): CodeIgniter\CodeIgniter->run()
ERROR - 2024-03-08 16:47:03 --> mysqli_sql_exception: Table 'itformmanagement.designationmaster' doesn't exist in C:\xampp\htdocs\IT_form_management\system\Database\MySQLi\Connection.php:292
Stack trace:
#0 C:\xampp\htdocs\IT_form_management\system\Database\MySQLi\Connection.php(292): mysqli->query('SELECT *\nFROM `...', 0)
#1 C:\xampp\htdocs\IT_form_management\system\Database\BaseConnection.php(666): CodeIgniter\Database\MySQLi\Connection->execute('SELECT *\nFROM `...')
#2 C:\xampp\htdocs\IT_form_management\system\Database\BaseConnection.php(593): CodeIgniter\Database\BaseConnection->simpleQuery('SELECT *\nFROM `...')
#3 C:\xampp\htdocs\IT_form_management\system\Database\BaseBuilder.php(1585): CodeIgniter\Database\BaseConnection->query('SELECT *\nFROM `...', Array, false)
#4 C:\xampp\htdocs\IT_form_management\system\Model.php(805): CodeIgniter\Database\BaseBuilder->get()
#5 C:\xampp\htdocs\IT_form_management\app\Models\DesignationModel.php(32): CodeIgniter\Model->__call('get', Array)
#6 C:\xampp\htdocs\IT_form_management\app\Controllers\Usermanagement.php(36): App\Models\DesignationModel->getDesignation()
#7 C:\xampp\htdocs\IT_form_management\system\CodeIgniter.php(925): App\Controllers\Usermanagement->adduserload()
#8 C:\xampp\htdocs\IT_form_management\system\CodeIgniter.php(480): CodeIgniter\CodeIgniter->runController(Object(App\Controllers\Usermanagement))
#9 C:\xampp\htdocs\IT_form_management\system\CodeIgniter.php(349): CodeIgniter\CodeIgniter->handleRequest(NULL, Object(Config\Cache), false)
#10 C:\xampp\htdocs\IT_form_management\public\index.php(67): CodeIgniter\CodeIgniter->run()
#11 {main}
CRITICAL - 2024-03-08 16:47:03 --> Call to a member function getResult() on bool
in APPPATH\Models\DesignationModel.php on line 32.
 1 APPPATH\Controllers\Usermanagement.php(36): App\Models\DesignationModel->getDesignation()
 2 SYSTEMPATH\CodeIgniter.php(925): App\Controllers\Usermanagement->adduserload()
 3 SYSTEMPATH\CodeIgniter.php(480): CodeIgniter\CodeIgniter->runController(Object(App\Controllers\Usermanagement))
 4 SYSTEMPATH\CodeIgniter.php(349): CodeIgniter\CodeIgniter->handleRequest(null, Object(Config\Cache), false)
 5 FCPATH\index.php(67): CodeIgniter\CodeIgniter->run()
ERROR - 2024-03-08 16:47:36 --> mysqli_sql_exception: Table 'itformmanagement.designationmaster' doesn't exist in C:\xampp\htdocs\IT_form_management\system\Database\MySQLi\Connection.php:292
Stack trace:
#0 C:\xampp\htdocs\IT_form_management\system\Database\MySQLi\Connection.php(292): mysqli->query('SELECT *\nFROM `...', 0)
#1 C:\xampp\htdocs\IT_form_management\system\Database\BaseConnection.php(666): CodeIgniter\Database\MySQLi\Connection->execute('SELECT *\nFROM `...')
#2 C:\xampp\htdocs\IT_form_management\system\Database\BaseConnection.php(593): CodeIgniter\Database\BaseConnection->simpleQuery('SELECT *\nFROM `...')
#3 C:\xampp\htdocs\IT_form_management\system\Database\BaseBuilder.php(1585): CodeIgniter\Database\BaseConnection->query('SELECT *\nFROM `...', Array, false)
#4 C:\xampp\htdocs\IT_form_management\system\Model.php(805): CodeIgniter\Database\BaseBuilder->get()
#5 C:\xampp\htdocs\IT_form_management\app\Models\DesignationModel.php(32): CodeIgniter\Model->__call('get', Array)
#6 C:\xampp\htdocs\IT_form_management\app\Controllers\Usermanagement.php(36): App\Models\DesignationModel->getDesignation()
#7 C:\xampp\htdocs\IT_form_management\system\CodeIgniter.php(925): App\Controllers\Usermanagement->adduserload()
#8 C:\xampp\htdocs\IT_form_management\system\CodeIgniter.php(480): CodeIgniter\CodeIgniter->runController(Object(App\Controllers\Usermanagement))
#9 C:\xampp\htdocs\IT_form_management\system\CodeIgniter.php(349): CodeIgniter\CodeIgniter->handleRequest(NULL, Object(Config\Cache), false)
#10 C:\xampp\htdocs\IT_form_management\public\index.php(67): CodeIgniter\CodeIgniter->run()
#11 {main}
CRITICAL - 2024-03-08 16:47:36 --> Call to a member function getResult() on bool
in APPPATH\Models\DesignationModel.php on line 32.
 1 APPPATH\Controllers\Usermanagement.php(36): App\Models\DesignationModel->getDesignation()
 2 SYSTEMPATH\CodeIgniter.php(925): App\Controllers\Usermanagement->adduserload()
 3 SYSTEMPATH\CodeIgniter.php(480): CodeIgniter\CodeIgniter->runController(Object(App\Controllers\Usermanagement))
 4 SYSTEMPATH\CodeIgniter.php(349): CodeIgniter\CodeIgniter->handleRequest(null, Object(Config\Cache), false)
 5 FCPATH\index.php(67): CodeIgniter\CodeIgniter->run()
ERROR - 2024-03-08 16:47:46 --> mysqli_sql_exception: Table 'itformmanagement.designationmaster' doesn't exist in C:\xampp\htdocs\IT_form_management\system\Database\MySQLi\Connection.php:292
Stack trace:
#0 C:\xampp\htdocs\IT_form_management\system\Database\MySQLi\Connection.php(292): mysqli->query('SELECT *\nFROM `...', 0)
#1 C:\xampp\htdocs\IT_form_management\system\Database\BaseConnection.php(666): CodeIgniter\Database\MySQLi\Connection->execute('SELECT *\nFROM `...')
#2 C:\xampp\htdocs\IT_form_management\system\Database\BaseConnection.php(593): CodeIgniter\Database\BaseConnection->simpleQuery('SELECT *\nFROM `...')
#3 C:\xampp\htdocs\IT_form_management\system\Database\BaseBuilder.php(1585): CodeIgniter\Database\BaseConnection->query('SELECT *\nFROM `...', Array, false)
#4 C:\xampp\htdocs\IT_form_management\system\Model.php(805): CodeIgniter\Database\BaseBuilder->get()
#5 C:\xampp\htdocs\IT_form_management\app\Models\DesignationModel.php(32): CodeIgniter\Model->__call('get', Array)
#6 C:\xampp\htdocs\IT_form_management\app\Controllers\Usermanagement.php(36): App\Models\DesignationModel->getDesignation()
#7 C:\xampp\htdocs\IT_form_management\system\CodeIgniter.php(925): App\Controllers\Usermanagement->adduserload()
#8 C:\xampp\htdocs\IT_form_management\system\CodeIgniter.php(480): CodeIgniter\CodeIgniter->runController(Object(App\Controllers\Usermanagement))
#9 C:\xampp\htdocs\IT_form_management\system\CodeIgniter.php(349): CodeIgniter\CodeIgniter->handleRequest(NULL, Object(Config\Cache), false)
#10 C:\xampp\htdocs\IT_form_management\public\index.php(67): CodeIgniter\CodeIgniter->run()
#11 {main}
CRITICAL - 2024-03-08 16:47:46 --> Call to a member function getResult() on bool
in APPPATH\Models\DesignationModel.php on line 32.
 1 APPPATH\Controllers\Usermanagement.php(36): App\Models\DesignationModel->getDesignation()
 2 SYSTEMPATH\CodeIgniter.php(925): App\Controllers\Usermanagement->adduserload()
 3 SYSTEMPATH\CodeIgniter.php(480): CodeIgniter\CodeIgniter->runController(Object(App\Controllers\Usermanagement))
 4 SYSTEMPATH\CodeIgniter.php(349): CodeIgniter\CodeIgniter->handleRequest(null, Object(Config\Cache), false)
 5 FCPATH\index.php(67): CodeIgniter\CodeIgniter->run()
ERROR - 2024-03-08 16:54:30 --> mysqli_sql_exception: Table 'itformmanagement.designationmaster' doesn't exist in C:\xampp\htdocs\IT_form_management\system\Database\MySQLi\Connection.php:292
Stack trace:
#0 C:\xampp\htdocs\IT_form_management\system\Database\MySQLi\Connection.php(292): mysqli->query('SELECT *\nFROM `...', 0)
#1 C:\xampp\htdocs\IT_form_management\system\Database\BaseConnection.php(666): CodeIgniter\Database\MySQLi\Connection->execute('SELECT *\nFROM `...')
#2 C:\xampp\htdocs\IT_form_management\system\Database\BaseConnection.php(593): CodeIgniter\Database\BaseConnection->simpleQuery('SELECT *\nFROM `...')
#3 C:\xampp\htdocs\IT_form_management\system\Database\BaseBuilder.php(1585): CodeIgniter\Database\BaseConnection->query('SELECT *\nFROM `...', Array, false)
#4 C:\xampp\htdocs\IT_form_management\system\Model.php(805): CodeIgniter\Database\BaseBuilder->get()
#5 C:\xampp\htdocs\IT_form_management\app\Models\DesignationModel.php(32): CodeIgniter\Model->__call('get', Array)
#6 C:\xampp\htdocs\IT_form_management\app\Controllers\Usermanagement.php(36): App\Models\DesignationModel->getDesignation()
#7 C:\xampp\htdocs\IT_form_management\system\CodeIgniter.php(925): App\Controllers\Usermanagement->adduserload()
#8 C:\xampp\htdocs\IT_form_management\system\CodeIgniter.php(480): CodeIgniter\CodeIgniter->runController(Object(App\Controllers\Usermanagement))
#9 C:\xampp\htdocs\IT_form_management\system\CodeIgniter.php(349): CodeIgniter\CodeIgniter->handleRequest(NULL, Object(Config\Cache), false)
#10 C:\xampp\htdocs\IT_form_management\public\index.php(67): CodeIgniter\CodeIgniter->run()
#11 {main}
CRITICAL - 2024-03-08 16:54:30 --> Call to a member function getResult() on bool
in APPPATH\Models\DesignationModel.php on line 32.
 1 APPPATH\Controllers\Usermanagement.php(36): App\Models\DesignationModel->getDesignation()
 2 SYSTEMPATH\CodeIgniter.php(925): App\Controllers\Usermanagement->adduserload()
 3 SYSTEMPATH\CodeIgniter.php(480): CodeIgniter\CodeIgniter->runController(Object(App\Controllers\Usermanagement))
 4 SYSTEMPATH\CodeIgniter.php(349): CodeIgniter\CodeIgniter->handleRequest(null, Object(Config\Cache), false)
 5 FCPATH\index.php(67): CodeIgniter\CodeIgniter->run()
ERROR - 2024-03-08 16:56:57 --> mysqli_sql_exception: Table 'itformmanagement.designationmaster' doesn't exist in C:\xampp\htdocs\IT_form_management\system\Database\MySQLi\Connection.php:292
Stack trace:
#0 C:\xampp\htdocs\IT_form_management\system\Database\MySQLi\Connection.php(292): mysqli->query('SELECT *\nFROM `...', 0)
#1 C:\xampp\htdocs\IT_form_management\system\Database\BaseConnection.php(666): CodeIgniter\Database\MySQLi\Connection->execute('SELECT *\nFROM `...')
#2 C:\xampp\htdocs\IT_form_management\system\Database\BaseConnection.php(593): CodeIgniter\Database\BaseConnection->simpleQuery('SELECT *\nFROM `...')
#3 C:\xampp\htdocs\IT_form_management\system\Database\BaseBuilder.php(1585): CodeIgniter\Database\BaseConnection->query('SELECT *\nFROM `...', Array, false)
#4 C:\xampp\htdocs\IT_form_management\system\Model.php(805): CodeIgniter\Database\BaseBuilder->get()
#5 C:\xampp\htdocs\IT_form_management\app\Models\DesignationModel.php(32): CodeIgniter\Model->__call('get', Array)
#6 C:\xampp\htdocs\IT_form_management\app\Controllers\Usermanagement.php(36): App\Models\DesignationModel->getDesignation()
#7 C:\xampp\htdocs\IT_form_management\system\CodeIgniter.php(925): App\Controllers\Usermanagement->adduserload()
#8 C:\xampp\htdocs\IT_form_management\system\CodeIgniter.php(480): CodeIgniter\CodeIgniter->runController(Object(App\Controllers\Usermanagement))
#9 C:\xampp\htdocs\IT_form_management\system\CodeIgniter.php(349): CodeIgniter\CodeIgniter->handleRequest(NULL, Object(Config\Cache), false)
#10 C:\xampp\htdocs\IT_form_management\public\index.php(67): CodeIgniter\CodeIgniter->run()
#11 {main}
CRITICAL - 2024-03-08 16:56:57 --> Call to a member function getResult() on bool
in APPPATH\Models\DesignationModel.php on line 32.
 1 APPPATH\Controllers\Usermanagement.php(36): App\Models\DesignationModel->getDesignation()
 2 SYSTEMPATH\CodeIgniter.php(925): App\Controllers\Usermanagement->adduserload()
 3 SYSTEMPATH\CodeIgniter.php(480): CodeIgniter\CodeIgniter->runController(Object(App\Controllers\Usermanagement))
 4 SYSTEMPATH\CodeIgniter.php(349): CodeIgniter\CodeIgniter->handleRequest(null, Object(Config\Cache), false)
 5 FCPATH\index.php(67): CodeIgniter\CodeIgniter->run()
ERROR - 2024-03-08 16:57:45 --> mysqli_sql_exception: Table 'itformmanagement.designationmaster' doesn't exist in C:\xampp\htdocs\IT_form_management\system\Database\MySQLi\Connection.php:292
Stack trace:
#0 C:\xampp\htdocs\IT_form_management\system\Database\MySQLi\Connection.php(292): mysqli->query('SELECT *\nFROM `...', 0)
#1 C:\xampp\htdocs\IT_form_management\system\Database\BaseConnection.php(666): CodeIgniter\Database\MySQLi\Connection->execute('SELECT *\nFROM `...')
#2 C:\xampp\htdocs\IT_form_management\system\Database\BaseConnection.php(593): CodeIgniter\Database\BaseConnection->simpleQuery('SELECT *\nFROM `...')
#3 C:\xampp\htdocs\IT_form_management\system\Database\BaseBuilder.php(1585): CodeIgniter\Database\BaseConnection->query('SELECT *\nFROM `...', Array, false)
#4 C:\xampp\htdocs\IT_form_management\system\Model.php(805): CodeIgniter\Database\BaseBuilder->get()
#5 C:\xampp\htdocs\IT_form_management\app\Models\DesignationModel.php(32): CodeIgniter\Model->__call('get', Array)
#6 C:\xampp\htdocs\IT_form_management\app\Controllers\Usermanagement.php(36): App\Models\DesignationModel->getDesignation()
#7 C:\xampp\htdocs\IT_form_management\system\CodeIgniter.php(925): App\Controllers\Usermanagement->adduserload()
#8 C:\xampp\htdocs\IT_form_management\system\CodeIgniter.php(480): CodeIgniter\CodeIgniter->runController(Object(App\Controllers\Usermanagement))
#9 C:\xampp\htdocs\IT_form_management\system\CodeIgniter.php(349): CodeIgniter\CodeIgniter->handleRequest(NULL, Object(Config\Cache), false)
#10 C:\xampp\htdocs\IT_form_management\public\index.php(67): CodeIgniter\CodeIgniter->run()
#11 {main}
CRITICAL - 2024-03-08 16:57:45 --> Call to a member function getResult() on bool
in APPPATH\Models\DesignationModel.php on line 32.
 1 APPPATH\Controllers\Usermanagement.php(36): App\Models\DesignationModel->getDesignation()
 2 SYSTEMPATH\CodeIgniter.php(925): App\Controllers\Usermanagement->adduserload()
 3 SYSTEMPATH\CodeIgniter.php(480): CodeIgniter\CodeIgniter->runController(Object(App\Controllers\Usermanagement))
 4 SYSTEMPATH\CodeIgniter.php(349): CodeIgniter\CodeIgniter->handleRequest(null, Object(Config\Cache), false)
 5 FCPATH\index.php(67): CodeIgniter\CodeIgniter->run()
ERROR - 2024-03-08 16:57:52 --> mysqli_sql_exception: Table 'itformmanagement.designationmaster' doesn't exist in C:\xampp\htdocs\IT_form_management\system\Database\MySQLi\Connection.php:292
Stack trace:
#0 C:\xampp\htdocs\IT_form_management\system\Database\MySQLi\Connection.php(292): mysqli->query('SELECT *\nFROM `...', 0)
#1 C:\xampp\htdocs\IT_form_management\system\Database\BaseConnection.php(666): CodeIgniter\Database\MySQLi\Connection->execute('SELECT *\nFROM `...')
#2 C:\xampp\htdocs\IT_form_management\system\Database\BaseConnection.php(593): CodeIgniter\Database\BaseConnection->simpleQuery('SELECT *\nFROM `...')
#3 C:\xampp\htdocs\IT_form_management\system\Database\BaseBuilder.php(1585): CodeIgniter\Database\BaseConnection->query('SELECT *\nFROM `...', Array, false)
#4 C:\xampp\htdocs\IT_form_management\system\Model.php(805): CodeIgniter\Database\BaseBuilder->get()
#5 C:\xampp\htdocs\IT_form_management\app\Models\DesignationModel.php(32): CodeIgniter\Model->__call('get', Array)
#6 C:\xampp\htdocs\IT_form_management\app\Controllers\Usermanagement.php(36): App\Models\DesignationModel->getDesignation()
#7 C:\xampp\htdocs\IT_form_management\system\CodeIgniter.php(925): App\Controllers\Usermanagement->adduserload()
#8 C:\xampp\htdocs\IT_form_management\system\CodeIgniter.php(480): CodeIgniter\CodeIgniter->runController(Object(App\Controllers\Usermanagement))
#9 C:\xampp\htdocs\IT_form_management\system\CodeIgniter.php(349): CodeIgniter\CodeIgniter->handleRequest(NULL, Object(Config\Cache), false)
#10 C:\xampp\htdocs\IT_form_management\public\index.php(67): CodeIgniter\CodeIgniter->run()
#11 {main}
CRITICAL - 2024-03-08 16:57:52 --> Call to a member function getResult() on bool
in APPPATH\Models\DesignationModel.php on line 32.
 1 APPPATH\Controllers\Usermanagement.php(36): App\Models\DesignationModel->getDesignation()
 2 SYSTEMPATH\CodeIgniter.php(925): App\Controllers\Usermanagement->adduserload()
 3 SYSTEMPATH\CodeIgniter.php(480): CodeIgniter\CodeIgniter->runController(Object(App\Controllers\Usermanagement))
 4 SYSTEMPATH\CodeIgniter.php(349): CodeIgniter\CodeIgniter->handleRequest(null, Object(Config\Cache), false)
 5 FCPATH\index.php(67): CodeIgniter\CodeIgniter->run()
ERROR - 2024-03-08 16:57:54 --> mysqli_sql_exception: Table 'itformmanagement.designationmaster' doesn't exist in C:\xampp\htdocs\IT_form_management\system\Database\MySQLi\Connection.php:292
Stack trace:
#0 C:\xampp\htdocs\IT_form_management\system\Database\MySQLi\Connection.php(292): mysqli->query('SELECT *\nFROM `...', 0)
#1 C:\xampp\htdocs\IT_form_management\system\Database\BaseConnection.php(666): CodeIgniter\Database\MySQLi\Connection->execute('SELECT *\nFROM `...')
#2 C:\xampp\htdocs\IT_form_management\system\Database\BaseConnection.php(593): CodeIgniter\Database\BaseConnection->simpleQuery('SELECT *\nFROM `...')
#3 C:\xampp\htdocs\IT_form_management\system\Database\BaseBuilder.php(1585): CodeIgniter\Database\BaseConnection->query('SELECT *\nFROM `...', Array, false)
#4 C:\xampp\htdocs\IT_form_management\system\Model.php(805): CodeIgniter\Database\BaseBuilder->get()
#5 C:\xampp\htdocs\IT_form_management\app\Models\DesignationModel.php(32): CodeIgniter\Model->__call('get', Array)
#6 C:\xampp\htdocs\IT_form_management\app\Controllers\Usermanagement.php(36): App\Models\DesignationModel->getDesignation()
#7 C:\xampp\htdocs\IT_form_management\system\CodeIgniter.php(925): App\Controllers\Usermanagement->adduserload()
#8 C:\xampp\htdocs\IT_form_management\system\CodeIgniter.php(480): CodeIgniter\CodeIgniter->runController(Object(App\Controllers\Usermanagement))
#9 C:\xampp\htdocs\IT_form_management\system\CodeIgniter.php(349): CodeIgniter\CodeIgniter->handleRequest(NULL, Object(Config\Cache), false)
#10 C:\xampp\htdocs\IT_form_management\public\index.php(67): CodeIgniter\CodeIgniter->run()
#11 {main}
CRITICAL - 2024-03-08 16:57:54 --> Call to a member function getResult() on bool
in APPPATH\Models\DesignationModel.php on line 32.
 1 APPPATH\Controllers\Usermanagement.php(36): App\Models\DesignationModel->getDesignation()
 2 SYSTEMPATH\CodeIgniter.php(925): App\Controllers\Usermanagement->adduserload()
 3 SYSTEMPATH\CodeIgniter.php(480): CodeIgniter\CodeIgniter->runController(Object(App\Controllers\Usermanagement))
 4 SYSTEMPATH\CodeIgniter.php(349): CodeIgniter\CodeIgniter->handleRequest(null, Object(Config\Cache), false)
 5 FCPATH\index.php(67): CodeIgniter\CodeIgniter->run()
ERROR - 2024-03-08 16:58:02 --> mysqli_sql_exception: Table 'itformmanagement.designationmaster' doesn't exist in C:\xampp\htdocs\IT_form_management\system\Database\MySQLi\Connection.php:292
Stack trace:
#0 C:\xampp\htdocs\IT_form_management\system\Database\MySQLi\Connection.php(292): mysqli->query('SELECT *\nFROM `...', 0)
#1 C:\xampp\htdocs\IT_form_management\system\Database\BaseConnection.php(666): CodeIgniter\Database\MySQLi\Connection->execute('SELECT *\nFROM `...')
#2 C:\xampp\htdocs\IT_form_management\system\Database\BaseConnection.php(593): CodeIgniter\Database\BaseConnection->simpleQuery('SELECT *\nFROM `...')
#3 C:\xampp\htdocs\IT_form_management\system\Database\BaseBuilder.php(1585): CodeIgniter\Database\BaseConnection->query('SELECT *\nFROM `...', Array, false)
#4 C:\xampp\htdocs\IT_form_management\system\Model.php(805): CodeIgniter\Database\BaseBuilder->get()
#5 C:\xampp\htdocs\IT_form_management\app\Models\DesignationModel.php(32): CodeIgniter\Model->__call('get', Array)
#6 C:\xampp\htdocs\IT_form_management\app\Controllers\Usermanagement.php(36): App\Models\DesignationModel->getDesignation()
#7 C:\xampp\htdocs\IT_form_management\system\CodeIgniter.php(925): App\Controllers\Usermanagement->adduserload()
#8 C:\xampp\htdocs\IT_form_management\system\CodeIgniter.php(480): CodeIgniter\CodeIgniter->runController(Object(App\Controllers\Usermanagement))
#9 C:\xampp\htdocs\IT_form_management\system\CodeIgniter.php(349): CodeIgniter\CodeIgniter->handleRequest(NULL, Object(Config\Cache), false)
#10 C:\xampp\htdocs\IT_form_management\public\index.php(67): CodeIgniter\CodeIgniter->run()
#11 {main}
CRITICAL - 2024-03-08 16:58:02 --> Call to a member function getResult() on bool
in APPPATH\Models\DesignationModel.php on line 32.
 1 APPPATH\Controllers\Usermanagement.php(36): App\Models\DesignationModel->getDesignation()
 2 SYSTEMPATH\CodeIgniter.php(925): App\Controllers\Usermanagement->adduserload()
 3 SYSTEMPATH\CodeIgniter.php(480): CodeIgniter\CodeIgniter->runController(Object(App\Controllers\Usermanagement))
 4 SYSTEMPATH\CodeIgniter.php(349): CodeIgniter\CodeIgniter->handleRequest(null, Object(Config\Cache), false)
 5 FCPATH\index.php(67): CodeIgniter\CodeIgniter->run()
ERROR - 2024-03-08 17:04:03 --> mysqli_sql_exception: Table 'itformmanagement.designationmaster' doesn't exist in C:\xampp\htdocs\IT_form_management\system\Database\MySQLi\Connection.php:292
Stack trace:
#0 C:\xampp\htdocs\IT_form_management\system\Database\MySQLi\Connection.php(292): mysqli->query('SELECT *\nFROM `...', 0)
#1 C:\xampp\htdocs\IT_form_management\system\Database\BaseConnection.php(666): CodeIgniter\Database\MySQLi\Connection->execute('SELECT *\nFROM `...')
#2 C:\xampp\htdocs\IT_form_management\system\Database\BaseConnection.php(593): CodeIgniter\Database\BaseConnection->simpleQuery('SELECT *\nFROM `...')
#3 C:\xampp\htdocs\IT_form_management\system\Database\BaseBuilder.php(1585): CodeIgniter\Database\BaseConnection->query('SELECT *\nFROM `...', Array, false)
#4 C:\xampp\htdocs\IT_form_management\system\Model.php(805): CodeIgniter\Database\BaseBuilder->get()
#5 C:\xampp\htdocs\IT_form_management\app\Models\DesignationModel.php(32): CodeIgniter\Model->__call('get', Array)
#6 C:\xampp\htdocs\IT_form_management\app\Controllers\Usermanagement.php(36): App\Models\DesignationModel->getDesignation()
#7 C:\xampp\htdocs\IT_form_management\system\CodeIgniter.php(925): App\Controllers\Usermanagement->adduserload()
#8 C:\xampp\htdocs\IT_form_management\system\CodeIgniter.php(480): CodeIgniter\CodeIgniter->runController(Object(App\Controllers\Usermanagement))
#9 C:\xampp\htdocs\IT_form_management\system\CodeIgniter.php(349): CodeIgniter\CodeIgniter->handleRequest(NULL, Object(Config\Cache), false)
#10 C:\xampp\htdocs\IT_form_management\public\index.php(67): CodeIgniter\CodeIgniter->run()
#11 {main}
CRITICAL - 2024-03-08 17:04:03 --> Call to a member function getResult() on bool
in APPPATH\Models\DesignationModel.php on line 32.
 1 APPPATH\Controllers\Usermanagement.php(36): App\Models\DesignationModel->getDesignation()
 2 SYSTEMPATH\CodeIgniter.php(925): App\Controllers\Usermanagement->adduserload()
 3 SYSTEMPATH\CodeIgniter.php(480): CodeIgniter\CodeIgniter->runController(Object(App\Controllers\Usermanagement))
 4 SYSTEMPATH\CodeIgniter.php(349): CodeIgniter\CodeIgniter->handleRequest(null, Object(Config\Cache), false)
 5 FCPATH\index.php(67): CodeIgniter\CodeIgniter->run()
ERROR - 2024-03-08 17:05:31 --> mysqli_sql_exception: Table 'itformmanagement.designationmaster' doesn't exist in C:\xampp\htdocs\IT_form_management\system\Database\MySQLi\Connection.php:292
Stack trace:
#0 C:\xampp\htdocs\IT_form_management\system\Database\MySQLi\Connection.php(292): mysqli->query('SELECT *\nFROM `...', 0)
#1 C:\xampp\htdocs\IT_form_management\system\Database\BaseConnection.php(666): CodeIgniter\Database\MySQLi\Connection->execute('SELECT *\nFROM `...')
#2 C:\xampp\htdocs\IT_form_management\system\Database\BaseConnection.php(593): CodeIgniter\Database\BaseConnection->simpleQuery('SELECT *\nFROM `...')
#3 C:\xampp\htdocs\IT_form_management\system\Database\BaseBuilder.php(1585): CodeIgniter\Database\BaseConnection->query('SELECT *\nFROM `...', Array, false)
#4 C:\xampp\htdocs\IT_form_management\system\Model.php(805): CodeIgniter\Database\BaseBuilder->get()
#5 C:\xampp\htdocs\IT_form_management\app\Models\DesignationModel.php(32): CodeIgniter\Model->__call('get', Array)
#6 C:\xampp\htdocs\IT_form_management\app\Controllers\Usermanagement.php(36): App\Models\DesignationModel->getDesignation()
#7 C:\xampp\htdocs\IT_form_management\system\CodeIgniter.php(925): App\Controllers\Usermanagement->adduserload()
#8 C:\xampp\htdocs\IT_form_management\system\CodeIgniter.php(480): CodeIgniter\CodeIgniter->runController(Object(App\Controllers\Usermanagement))
#9 C:\xampp\htdocs\IT_form_management\system\CodeIgniter.php(349): CodeIgniter\CodeIgniter->handleRequest(NULL, Object(Config\Cache), false)
#10 C:\xampp\htdocs\IT_form_management\public\index.php(67): CodeIgniter\CodeIgniter->run()
#11 {main}
CRITICAL - 2024-03-08 17:05:31 --> Call to a member function getResult() on bool
in APPPATH\Models\DesignationModel.php on line 32.
 1 APPPATH\Controllers\Usermanagement.php(36): App\Models\DesignationModel->getDesignation()
 2 SYSTEMPATH\CodeIgniter.php(925): App\Controllers\Usermanagement->adduserload()
 3 SYSTEMPATH\CodeIgniter.php(480): CodeIgniter\CodeIgniter->runController(Object(App\Controllers\Usermanagement))
 4 SYSTEMPATH\CodeIgniter.php(349): CodeIgniter\CodeIgniter->handleRequest(null, Object(Config\Cache), false)
 5 FCPATH\index.php(67): CodeIgniter\CodeIgniter->run()
CRITICAL - 2024-03-08 17:24:02 --> Undefined variable $designationlists
in APPPATH\Views\firewallrequest\addnew.php on line 82.
 1 APPPATH\Views\firewallrequest\addnew.php(82): CodeIgniter\Debug\Exceptions->errorHandler(2, 'Undefined variable $designationlists', 'APPPATH\\Views\\firewallrequest\\addnew.php', 82)
 2 SYSTEMPATH\View\View.php(213): include('APPPATH\\Views\\firewallrequest\\addnew.php')
 3 SYSTEMPATH\View\View.php(216): CodeIgniter\View\View->CodeIgniter\View\{closure}()
 4 SYSTEMPATH\Common.php(1135): CodeIgniter\View\View->render('firewallrequest/addnew', [], true)
 5 APPPATH\Controllers\Firewallrequest.php(37): view('firewallrequest/addnew', [...])
 6 SYSTEMPATH\CodeIgniter.php(925): App\Controllers\Firewallrequest->addnew()
 7 SYSTEMPATH\CodeIgniter.php(480): CodeIgniter\CodeIgniter->runController(Object(App\Controllers\Firewallrequest))
 8 SYSTEMPATH\CodeIgniter.php(349): CodeIgniter\CodeIgniter->handleRequest(null, Object(Config\Cache), false)
 9 FCPATH\index.php(67): CodeIgniter\CodeIgniter->run()
