CRITICAL - 2023-09-21 06:51:55 --> Class "App\Models\RolepermissionModel" not found
in APPPATH\Controllers\Login.php on line 15.
 1 SYSTEMPATH\CodeIgniter.php(887): App\Controllers\Login->__construct()
 2 SYSTEMPATH\CodeIgniter.php(471): CodeIgniter\CodeIgniter->createController()
 3 SYSTEMPATH\CodeIgniter.php(349): CodeIgniter\CodeIgniter->handleRequest(null, Object(Config\Cache), false)
 4 FCPATH\index.php(67): CodeIgniter\CodeIgniter->run()
CRITICAL - 2023-09-21 06:52:31 --> Class "App\Models\RolepermissionsModel" not found
in APPPATH\Controllers\Login.php on line 15.
 1 SYSTEMPATH\CodeIgniter.php(887): App\Controllers\Login->__construct()
 2 SYSTEMPATH\CodeIgniter.php(471): CodeIgniter\CodeIgniter->createController()
 3 SYSTEMPATH\CodeIgniter.php(349): CodeIgniter\CodeIgniter->handleRequest(null, Object(Config\Cache), false)
 4 FCPATH\index.php(67): CodeIgniter\CodeIgniter->run()
CRITICAL - 2023-09-21 06:53:26 --> Call to undefined method App\Controllers\Login::rolepermissionsmodel()
in APPPATH\Controllers\Login.php on line 48.
 1 SYSTEMPATH\CodeIgniter.php(925): App\Controllers\Login->login()
 2 SYSTEMPATH\CodeIgniter.php(480): CodeIgniter\CodeIgniter->runController(Object(App\Controllers\Login))
 3 SYSTEMPATH\CodeIgniter.php(349): CodeIgniter\CodeIgniter->handleRequest(null, Object(Config\Cache), false)
 4 FCPATH\index.php(67): CodeIgniter\CodeIgniter->run()
CRITICAL - 2023-09-21 06:54:09 --> Call to undefined method App\Controllers\Login::getPermissions()
in APPPATH\Controllers\Login.php on line 48.
 1 SYSTEMPATH\CodeIgniter.php(925): App\Controllers\Login->login()
 2 SYSTEMPATH\CodeIgniter.php(480): CodeIgniter\CodeIgniter->runController(Object(App\Controllers\Login))
 3 SYSTEMPATH\CodeIgniter.php(349): CodeIgniter\CodeIgniter->handleRequest(null, Object(Config\Cache), false)
 4 FCPATH\index.php(67): CodeIgniter\CodeIgniter->run()
CRITICAL - 2023-09-21 06:54:32 --> Undefined variable $rolepermissionsmodel
in APPPATH\Controllers\Login.php on line 48.
 1 APPPATH\Controllers\Login.php(48): CodeIgniter\Debug\Exceptions->errorHandler(2, 'Undefined variable $rolepermissionsmodel', 'APPPATH\\Controllers\\Login.php', 48)
 2 SYSTEMPATH\CodeIgniter.php(925): App\Controllers\Login->login()
 3 SYSTEMPATH\CodeIgniter.php(480): CodeIgniter\CodeIgniter->runController(Object(App\Controllers\Login))
 4 SYSTEMPATH\CodeIgniter.php(349): CodeIgniter\CodeIgniter->handleRequest(null, Object(Config\Cache), false)
 5 FCPATH\index.php(67): CodeIgniter\CodeIgniter->run()
