CRITICAL - 2023-01-12 01:23:18 --> require_once(baselayout.php): Failed to open stream: No such file or directory
in APPPATH\Views\login\dashbord.php on line 256.
 1 APPPATH\Views\login\dashbord.php(256): CodeIgniter\Debug\Exceptions->errorHandler(2, 'require_once(baselayout.php): Failed to open stream: No such file or directory', 'APPPATH\\Views\\login\\dashbord.php', 256)
 2 APPPATH\Views\login\dashbord.php(256): require_once()
 3 SYSTEMPATH\View\View.php(213): include('APPPATH\\Views\\login\\dashbord.php')
 4 SYSTEMPATH\View\View.php(216): CodeIgniter\View\View->CodeIgniter\View\{closure}()
 5 SYSTEMPATH\Common.php(1135): CodeIgniter\View\View->render('login/dashbord', [], true)
 6 APPPATH\Controllers\Login.php(14): view('login/dashbord')
 7 SYSTEMPATH\CodeIgniter.php(925): App\Controllers\Login->dashboard()
 8 SYSTEMPATH\CodeIgniter.php(480): CodeIgniter\CodeIgniter->runController(Object(App\Controllers\Login))
 9 SYSTEMPATH\CodeIgniter.php(349): CodeIgniter\CodeIgniter->handleRequest(null, Object(Config\Cache), false)
10 FCPATH\index.php(67): CodeIgniter\CodeIgniter->run()
CRITICAL - 2023-01-12 01:25:06 --> require_once(baselayout.php): Failed to open stream: No such file or directory
in APPPATH\Views\login\dashbord.php on line 256.
 1 APPPATH\Views\login\dashbord.php(256): CodeIgniter\Debug\Exceptions->errorHandler(2, 'require_once(baselayout.php): Failed to open stream: No such file or directory', 'APPPATH\\Views\\login\\dashbord.php', 256)
 2 APPPATH\Views\login\dashbord.php(256): require_once()
 3 SYSTEMPATH\View\View.php(213): include('APPPATH\\Views\\login\\dashbord.php')
 4 SYSTEMPATH\View\View.php(216): CodeIgniter\View\View->CodeIgniter\View\{closure}()
 5 SYSTEMPATH\Common.php(1135): CodeIgniter\View\View->render('login/dashbord', [], true)
 6 APPPATH\Controllers\Login.php(14): view('login/dashbord')
 7 SYSTEMPATH\CodeIgniter.php(925): App\Controllers\Login->dashboard()
 8 SYSTEMPATH\CodeIgniter.php(480): CodeIgniter\CodeIgniter->runController(Object(App\Controllers\Login))
 9 SYSTEMPATH\CodeIgniter.php(349): CodeIgniter\CodeIgniter->handleRequest(null, Object(Config\Cache), false)
10 FCPATH\index.php(67): CodeIgniter\CodeIgniter->run()
CRITICAL - 2023-01-12 01:28:15 --> require_once(baselayout.php): Failed to open stream: No such file or directory
in APPPATH\Views\login\dashbord.php on line 256.
 1 APPPATH\Views\login\dashbord.php(256): CodeIgniter\Debug\Exceptions->errorHandler(2, 'require_once(baselayout.php): Failed to open stream: No such file or directory', 'APPPATH\\Views\\login\\dashbord.php', 256)
 2 APPPATH\Views\login\dashbord.php(256): require_once()
 3 SYSTEMPATH\View\View.php(213): include('APPPATH\\Views\\login\\dashbord.php')
 4 SYSTEMPATH\View\View.php(216): CodeIgniter\View\View->CodeIgniter\View\{closure}()
 5 SYSTEMPATH\Common.php(1135): CodeIgniter\View\View->render('login/dashbord', [], true)
 6 APPPATH\Controllers\Login.php(14): view('login/dashbord')
 7 SYSTEMPATH\CodeIgniter.php(925): App\Controllers\Login->dashboard()
 8 SYSTEMPATH\CodeIgniter.php(480): CodeIgniter\CodeIgniter->runController(Object(App\Controllers\Login))
 9 SYSTEMPATH\CodeIgniter.php(349): CodeIgniter\CodeIgniter->handleRequest(null, Object(Config\Cache), false)
10 FCPATH\index.php(67): CodeIgniter\CodeIgniter->run()
CRITICAL - 2023-01-12 01:51:00 --> require_once(sidemenu.php): Failed to open stream: No such file or directory
in APPPATH\Views\login\dashbord.php on line 254.
 1 APPPATH\Views\login\dashbord.php(254): CodeIgniter\Debug\Exceptions->errorHandler(2, 'require_once(sidemenu.php): Failed to open stream: No such file or directory', 'APPPATH\\Views\\login\\dashbord.php', 254)
 2 APPPATH\Views\login\dashbord.php(254): require_once()
 3 SYSTEMPATH\View\View.php(213): include('APPPATH\\Views\\login\\dashbord.php')
 4 SYSTEMPATH\View\View.php(216): CodeIgniter\View\View->CodeIgniter\View\{closure}()
 5 SYSTEMPATH\Common.php(1135): CodeIgniter\View\View->render('login/dashbord', [], true)
 6 APPPATH\Controllers\Login.php(14): view('login/dashbord')
 7 SYSTEMPATH\CodeIgniter.php(925): App\Controllers\Login->dashboard()
 8 SYSTEMPATH\CodeIgniter.php(480): CodeIgniter\CodeIgniter->runController(Object(App\Controllers\Login))
 9 SYSTEMPATH\CodeIgniter.php(349): CodeIgniter\CodeIgniter->handleRequest(null, Object(Config\Cache), false)
10 FCPATH\index.php(67): CodeIgniter\CodeIgniter->run()
CRITICAL - 2023-01-12 02:25:52 --> require_once(baselayout.php): Failed to open stream: No such file or directory
in APPPATH\Views\login\dashbord.php on line 254.
 1 APPPATH\Views\login\dashbord.php(254): CodeIgniter\Debug\Exceptions->errorHandler(2, 'require_once(baselayout.php): Failed to open stream: No such file or directory', 'APPPATH\\Views\\login\\dashbord.php', 254)
 2 APPPATH\Views\login\dashbord.php(254): require_once()
 3 SYSTEMPATH\View\View.php(213): include('APPPATH\\Views\\login\\dashbord.php')
 4 SYSTEMPATH\View\View.php(216): CodeIgniter\View\View->CodeIgniter\View\{closure}()
 5 SYSTEMPATH\Common.php(1135): CodeIgniter\View\View->render('login/dashbord', [], true)
 6 APPPATH\Controllers\Login.php(14): view('login/dashbord')
 7 SYSTEMPATH\CodeIgniter.php(925): App\Controllers\Login->dashboard()
 8 SYSTEMPATH\CodeIgniter.php(480): CodeIgniter\CodeIgniter->runController(Object(App\Controllers\Login))
 9 SYSTEMPATH\CodeIgniter.php(349): CodeIgniter\CodeIgniter->handleRequest(null, Object(Config\Cache), false)
10 FCPATH\index.php(67): CodeIgniter\CodeIgniter->run()
CRITICAL - 2023-01-12 02:26:26 --> require_once(content.php): Failed to open stream: No such file or directory
in APPPATH\Views\login\dashbord.php on line 254.
 1 APPPATH\Views\login\dashbord.php(254): CodeIgniter\Debug\Exceptions->errorHandler(2, 'require_once(content.php): Failed to open stream: No such file or directory', 'APPPATH\\Views\\login\\dashbord.php', 254)
 2 APPPATH\Views\login\dashbord.php(254): require_once()
 3 SYSTEMPATH\View\View.php(213): include('APPPATH\\Views\\login\\dashbord.php')
 4 SYSTEMPATH\View\View.php(216): CodeIgniter\View\View->CodeIgniter\View\{closure}()
 5 SYSTEMPATH\Common.php(1135): CodeIgniter\View\View->render('login/dashbord', [], true)
 6 APPPATH\Controllers\Login.php(14): view('login/dashbord')
 7 SYSTEMPATH\CodeIgniter.php(925): App\Controllers\Login->dashboard()
 8 SYSTEMPATH\CodeIgniter.php(480): CodeIgniter\CodeIgniter->runController(Object(App\Controllers\Login))
 9 SYSTEMPATH\CodeIgniter.php(349): CodeIgniter\CodeIgniter->handleRequest(null, Object(Config\Cache), false)
10 FCPATH\index.php(67): CodeIgniter\CodeIgniter->run()
CRITICAL - 2023-01-12 03:44:55 --> require_once(content.php): Failed to open stream: No such file or directory
in APPPATH\Views\login\dashbord.php on line 254.
 1 APPPATH\Views\login\dashbord.php(254): CodeIgniter\Debug\Exceptions->errorHandler(2, 'require_once(content.php): Failed to open stream: No such file or directory', 'APPPATH\\Views\\login\\dashbord.php', 254)
 2 APPPATH\Views\login\dashbord.php(254): require_once()
 3 SYSTEMPATH\View\View.php(213): include('APPPATH\\Views\\login\\dashbord.php')
 4 SYSTEMPATH\View\View.php(216): CodeIgniter\View\View->CodeIgniter\View\{closure}()
 5 SYSTEMPATH\Common.php(1135): CodeIgniter\View\View->render('login/dashbord', [], true)
 6 APPPATH\Controllers\Login.php(14): view('login/dashbord')
 7 SYSTEMPATH\CodeIgniter.php(925): App\Controllers\Login->dashboard()
 8 SYSTEMPATH\CodeIgniter.php(480): CodeIgniter\CodeIgniter->runController(Object(App\Controllers\Login))
 9 SYSTEMPATH\CodeIgniter.php(349): CodeIgniter\CodeIgniter->handleRequest(null, Object(Config\Cache), false)
10 FCPATH\index.php(67): CodeIgniter\CodeIgniter->run()
