CRITICAL - 2024-01-23 01:27:19 --> Class "APP\Models\RoleModel" not found
in APPPATH\Controllers\Firewallrequest.php on line 28.
 1 SYSTEMPATH\CodeIgniter.php(925): App\Controllers\Firewallrequest->addnew()
 2 SYSTEMPATH\CodeIgniter.php(480): CodeIgniter\CodeIgniter->runController(Object(App\Controllers\Firewallrequest))
 3 SYSTEMPATH\CodeIgniter.php(349): CodeIgniter\CodeIgniter->handleRequest(null, Object(Config\Cache), false)
 4 FCPATH\index.php(67): CodeIgniter\CodeIgniter->run()
CRITICAL - 2024-01-23 01:37:10 --> Class "APP\Models\RoleModel" not found
in APPPATH\Controllers\Firewallrequest.php on line 28.
 1 SYSTEMPATH\CodeIgniter.php(925): App\Controllers\Firewallrequest->addnew()
 2 SYSTEMPATH\CodeIgniter.php(480): CodeIgniter\CodeIgniter->runController(Object(App\Controllers\Firewallrequest))
 3 SYSTEMPATH\CodeIgniter.php(349): CodeIgniter\CodeIgniter->handleRequest(null, Object(Config\Cache), false)
 4 FCPATH\index.php(67): CodeIgniter\CodeIgniter->run()
CRITICAL - 2024-01-23 01:37:13 --> Class "APP\Models\RoleModel" not found
in APPPATH\Controllers\Firewallrequest.php on line 28.
 1 SYSTEMPATH\CodeIgniter.php(925): App\Controllers\Firewallrequest->addnew()
 2 SYSTEMPATH\CodeIgniter.php(480): CodeIgniter\CodeIgniter->runController(Object(App\Controllers\Firewallrequest))
 3 SYSTEMPATH\CodeIgniter.php(349): CodeIgniter\CodeIgniter->handleRequest(null, Object(Config\Cache), false)
 4 FCPATH\index.php(67): CodeIgniter\CodeIgniter->run()
CRITICAL - 2024-01-23 01:37:31 --> Class "APP\Models\RoleModel" not found
in APPPATH\Controllers\Firewallrequest.php on line 28.
 1 SYSTEMPATH\CodeIgniter.php(925): App\Controllers\Firewallrequest->addnew()
 2 SYSTEMPATH\CodeIgniter.php(480): CodeIgniter\CodeIgniter->runController(Object(App\Controllers\Firewallrequest))
 3 SYSTEMPATH\CodeIgniter.php(349): CodeIgniter\CodeIgniter->handleRequest(null, Object(Config\Cache), false)
 4 FCPATH\index.php(67): CodeIgniter\CodeIgniter->run()
CRITICAL - 2024-01-23 01:38:33 --> Class "APP\Models\RoleModel" not found
in APPPATH\Controllers\Firewallrequest.php on line 28.
 1 SYSTEMPATH\CodeIgniter.php(925): App\Controllers\Firewallrequest->addnew()
 2 SYSTEMPATH\CodeIgniter.php(480): CodeIgniter\CodeIgniter->runController(Object(App\Controllers\Firewallrequest))
 3 SYSTEMPATH\CodeIgniter.php(349): CodeIgniter\CodeIgniter->handleRequest(null, Object(Config\Cache), false)
 4 FCPATH\index.php(67): CodeIgniter\CodeIgniter->run()
CRITICAL - 2024-01-23 01:39:24 --> Class "APP\Models\RoleModel" not found
in APPPATH\Controllers\Firewallrequest.php on line 28.
 1 SYSTEMPATH\CodeIgniter.php(925): App\Controllers\Firewallrequest->addnew()
 2 SYSTEMPATH\CodeIgniter.php(480): CodeIgniter\CodeIgniter->runController(Object(App\Controllers\Firewallrequest))
 3 SYSTEMPATH\CodeIgniter.php(349): CodeIgniter\CodeIgniter->handleRequest(null, Object(Config\Cache), false)
 4 FCPATH\index.php(67): CodeIgniter\CodeIgniter->run()
CRITICAL - 2024-01-23 01:42:02 --> Class "APP\Models\RoleModel" not found
in APPPATH\Controllers\Firewallrequest.php on line 25.
 1 SYSTEMPATH\CodeIgniter.php(925): App\Controllers\Firewallrequest->addnew()
 2 SYSTEMPATH\CodeIgniter.php(480): CodeIgniter\CodeIgniter->runController(Object(App\Controllers\Firewallrequest))
 3 SYSTEMPATH\CodeIgniter.php(349): CodeIgniter\CodeIgniter->handleRequest(null, Object(Config\Cache), false)
 4 FCPATH\index.php(67): CodeIgniter\CodeIgniter->run()
CRITICAL - 2024-01-23 01:42:11 --> Class "APP\Models\RoleModel" not found
in APPPATH\Controllers\Firewallrequest.php on line 25.
 1 SYSTEMPATH\CodeIgniter.php(925): App\Controllers\Firewallrequest->addnew()
 2 SYSTEMPATH\CodeIgniter.php(480): CodeIgniter\CodeIgniter->runController(Object(App\Controllers\Firewallrequest))
 3 SYSTEMPATH\CodeIgniter.php(349): CodeIgniter\CodeIgniter->handleRequest(null, Object(Config\Cache), false)
 4 FCPATH\index.php(67): CodeIgniter\CodeIgniter->run()
CRITICAL - 2024-01-23 01:42:25 --> Undefined variable $rolelists
in APPPATH\Views\firewallrequest\addnew.php on line 112.
 1 APPPATH\Views\firewallrequest\addnew.php(112): CodeIgniter\Debug\Exceptions->errorHandler(2, 'Undefined variable $rolelists', 'APPPATH\\Views\\firewallrequest\\addnew.php', 112)
 2 SYSTEMPATH\View\View.php(213): include('APPPATH\\Views\\firewallrequest\\addnew.php')
 3 SYSTEMPATH\View\View.php(216): CodeIgniter\View\View->CodeIgniter\View\{closure}()
 4 SYSTEMPATH\Common.php(1135): CodeIgniter\View\View->render('firewallrequest/addnew', [], true)
 5 APPPATH\Controllers\Firewallrequest.php(32): view('firewallrequest/addnew', [...])
 6 SYSTEMPATH\CodeIgniter.php(925): App\Controllers\Firewallrequest->addnew()
 7 SYSTEMPATH\CodeIgniter.php(480): CodeIgniter\CodeIgniter->runController(Object(App\Controllers\Firewallrequest))
 8 SYSTEMPATH\CodeIgniter.php(349): CodeIgniter\CodeIgniter->handleRequest(null, Object(Config\Cache), false)
 9 FCPATH\index.php(67): CodeIgniter\CodeIgniter->run()
CRITICAL - 2024-01-23 01:43:14 --> Class "APP\Models\RoleModel" not found
in APPPATH\Controllers\Firewallrequest.php on line 25.
 1 SYSTEMPATH\CodeIgniter.php(925): App\Controllers\Firewallrequest->addnew()
 2 SYSTEMPATH\CodeIgniter.php(480): CodeIgniter\CodeIgniter->runController(Object(App\Controllers\Firewallrequest))
 3 SYSTEMPATH\CodeIgniter.php(349): CodeIgniter\CodeIgniter->handleRequest(null, Object(Config\Cache), false)
 4 FCPATH\index.php(67): CodeIgniter\CodeIgniter->run()
CRITICAL - 2024-01-23 01:48:03 --> Class "APP\Models\RoleModel" not found
in APPPATH\Controllers\Firewallrequest.php on line 26.
 1 SYSTEMPATH\CodeIgniter.php(925): App\Controllers\Firewallrequest->addnew()
 2 SYSTEMPATH\CodeIgniter.php(480): CodeIgniter\CodeIgniter->runController(Object(App\Controllers\Firewallrequest))
 3 SYSTEMPATH\CodeIgniter.php(349): CodeIgniter\CodeIgniter->handleRequest(null, Object(Config\Cache), false)
 4 FCPATH\index.php(67): CodeIgniter\CodeIgniter->run()
CRITICAL - 2024-01-23 01:48:07 --> Class "APP\Models\RoleModel" not found
in APPPATH\Controllers\Firewallrequest.php on line 26.
 1 SYSTEMPATH\CodeIgniter.php(925): App\Controllers\Firewallrequest->addnew()
 2 SYSTEMPATH\CodeIgniter.php(480): CodeIgniter\CodeIgniter->runController(Object(App\Controllers\Firewallrequest))
 3 SYSTEMPATH\CodeIgniter.php(349): CodeIgniter\CodeIgniter->handleRequest(null, Object(Config\Cache), false)
 4 FCPATH\index.php(67): CodeIgniter\CodeIgniter->run()
CRITICAL - 2024-01-23 01:50:59 --> Class "APP\Models\RoleModel" not found
in APPPATH\Controllers\Firewallrequest.php on line 26.
 1 SYSTEMPATH\CodeIgniter.php(925): App\Controllers\Firewallrequest->addnew()
 2 SYSTEMPATH\CodeIgniter.php(480): CodeIgniter\CodeIgniter->runController(Object(App\Controllers\Firewallrequest))
 3 SYSTEMPATH\CodeIgniter.php(349): CodeIgniter\CodeIgniter->handleRequest(null, Object(Config\Cache), false)
 4 FCPATH\index.php(67): CodeIgniter\CodeIgniter->run()
CRITICAL - 2024-01-23 01:51:01 --> Class "APP\Models\RoleModel" not found
in APPPATH\Controllers\Firewallrequest.php on line 26.
 1 SYSTEMPATH\CodeIgniter.php(925): App\Controllers\Firewallrequest->addnew()
 2 SYSTEMPATH\CodeIgniter.php(480): CodeIgniter\CodeIgniter->runController(Object(App\Controllers\Firewallrequest))
 3 SYSTEMPATH\CodeIgniter.php(349): CodeIgniter\CodeIgniter->handleRequest(null, Object(Config\Cache), false)
 4 FCPATH\index.php(67): CodeIgniter\CodeIgniter->run()
CRITICAL - 2024-01-23 01:51:16 --> Class "APP\Models\RoleModel" not found
in APPPATH\Controllers\Firewallrequest.php on line 26.
 1 SYSTEMPATH\CodeIgniter.php(925): App\Controllers\Firewallrequest->addnew()
 2 SYSTEMPATH\CodeIgniter.php(480): CodeIgniter\CodeIgniter->runController(Object(App\Controllers\Firewallrequest))
 3 SYSTEMPATH\CodeIgniter.php(349): CodeIgniter\CodeIgniter->handleRequest(null, Object(Config\Cache), false)
 4 FCPATH\index.php(67): CodeIgniter\CodeIgniter->run()
CRITICAL - 2024-01-23 01:51:28 --> Class "APP\Models\RoleModel" not found
in APPPATH\Controllers\Firewallrequest.php on line 26.
 1 SYSTEMPATH\CodeIgniter.php(925): App\Controllers\Firewallrequest->addnew()
 2 SYSTEMPATH\CodeIgniter.php(480): CodeIgniter\CodeIgniter->runController(Object(App\Controllers\Firewallrequest))
 3 SYSTEMPATH\CodeIgniter.php(349): CodeIgniter\CodeIgniter->handleRequest(null, Object(Config\Cache), false)
 4 FCPATH\index.php(67): CodeIgniter\CodeIgniter->run()
CRITICAL - 2024-01-23 01:51:33 --> Class "APP\Models\RoleModel" not found
in APPPATH\Controllers\Firewallrequest.php on line 26.
 1 SYSTEMPATH\CodeIgniter.php(925): App\Controllers\Firewallrequest->addnew()
 2 SYSTEMPATH\CodeIgniter.php(480): CodeIgniter\CodeIgniter->runController(Object(App\Controllers\Firewallrequest))
 3 SYSTEMPATH\CodeIgniter.php(349): CodeIgniter\CodeIgniter->handleRequest(null, Object(Config\Cache), false)
 4 FCPATH\index.php(67): CodeIgniter\CodeIgniter->run()
CRITICAL - 2024-01-23 03:37:18 --> Class "APP\Models\RoleModel" not found
in APPPATH\Controllers\Firewallrequest.php on line 26.
 1 SYSTEMPATH\CodeIgniter.php(925): App\Controllers\Firewallrequest->addnew()
 2 SYSTEMPATH\CodeIgniter.php(480): CodeIgniter\CodeIgniter->runController(Object(App\Controllers\Firewallrequest))
 3 SYSTEMPATH\CodeIgniter.php(349): CodeIgniter\CodeIgniter->handleRequest(null, Object(Config\Cache), false)
 4 FCPATH\index.php(67): CodeIgniter\CodeIgniter->run()
CRITICAL - 2024-01-23 03:48:37 --> Class "APP\Models\RoleModel" not found
in APPPATH\Controllers\Firewallrequest.php on line 26.
 1 SYSTEMPATH\CodeIgniter.php(925): App\Controllers\Firewallrequest->addnew()
 2 SYSTEMPATH\CodeIgniter.php(480): CodeIgniter\CodeIgniter->runController(Object(App\Controllers\Firewallrequest))
 3 SYSTEMPATH\CodeIgniter.php(349): CodeIgniter\CodeIgniter->handleRequest(null, Object(Config\Cache), false)
 4 FCPATH\index.php(67): CodeIgniter\CodeIgniter->run()
CRITICAL - 2024-01-23 03:58:41 --> Class "APP\Models\RoleModel" not found
in APPPATH\Controllers\Firewallrequest.php on line 26.
 1 SYSTEMPATH\CodeIgniter.php(925): App\Controllers\Firewallrequest->addnew()
 2 SYSTEMPATH\CodeIgniter.php(480): CodeIgniter\CodeIgniter->runController(Object(App\Controllers\Firewallrequest))
 3 SYSTEMPATH\CodeIgniter.php(349): CodeIgniter\CodeIgniter->handleRequest(null, Object(Config\Cache), false)
 4 FCPATH\index.php(67): CodeIgniter\CodeIgniter->run()
CRITICAL - 2024-01-23 04:18:03 --> Class "APP\Models\RoleModel" not found
in APPPATH\Controllers\Firewallrequest.php on line 26.
 1 SYSTEMPATH\CodeIgniter.php(925): App\Controllers\Firewallrequest->addnew()
 2 SYSTEMPATH\CodeIgniter.php(480): CodeIgniter\CodeIgniter->runController(Object(App\Controllers\Firewallrequest))
 3 SYSTEMPATH\CodeIgniter.php(349): CodeIgniter\CodeIgniter->handleRequest(null, Object(Config\Cache), false)
 4 FCPATH\index.php(67): CodeIgniter\CodeIgniter->run()
CRITICAL - 2024-01-23 21:42:15 --> Class "APP\Models\RoleModel" not found
in APPPATH\Controllers\Firewallrequest.php on line 26.
 1 SYSTEMPATH\CodeIgniter.php(925): App\Controllers\Firewallrequest->addnew()
 2 SYSTEMPATH\CodeIgniter.php(480): CodeIgniter\CodeIgniter->runController(Object(App\Controllers\Firewallrequest))
 3 SYSTEMPATH\CodeIgniter.php(349): CodeIgniter\CodeIgniter->handleRequest(null, Object(Config\Cache), false)
 4 FCPATH\index.php(67): CodeIgniter\CodeIgniter->run()
CRITICAL - 2024-01-23 21:43:41 --> Undefined variable $rolelists
in APPPATH\Views\firewallrequest\addnew.php on line 112.
 1 APPPATH\Views\firewallrequest\addnew.php(112): CodeIgniter\Debug\Exceptions->errorHandler(2, 'Undefined variable $rolelists', 'APPPATH\\Views\\firewallrequest\\addnew.php', 112)
 2 SYSTEMPATH\View\View.php(213): include('APPPATH\\Views\\firewallrequest\\addnew.php')
 3 SYSTEMPATH\View\View.php(216): CodeIgniter\View\View->CodeIgniter\View\{closure}()
 4 SYSTEMPATH\Common.php(1135): CodeIgniter\View\View->render('firewallrequest/addnew', [], true)
 5 APPPATH\Controllers\Firewallrequest.php(33): view('firewallrequest/addnew', [...])
 6 SYSTEMPATH\CodeIgniter.php(925): App\Controllers\Firewallrequest->addnew()
 7 SYSTEMPATH\CodeIgniter.php(480): CodeIgniter\CodeIgniter->runController(Object(App\Controllers\Firewallrequest))
 8 SYSTEMPATH\CodeIgniter.php(349): CodeIgniter\CodeIgniter->handleRequest(null, Object(Config\Cache), false)
 9 FCPATH\index.php(67): CodeIgniter\CodeIgniter->run()
CRITICAL - 2024-01-23 21:44:37 --> Class "APP\Models\RoleModel" not found
in APPPATH\Controllers\Firewallrequest.php on line 26.
 1 SYSTEMPATH\CodeIgniter.php(925): App\Controllers\Firewallrequest->addnew()
 2 SYSTEMPATH\CodeIgniter.php(480): CodeIgniter\CodeIgniter->runController(Object(App\Controllers\Firewallrequest))
 3 SYSTEMPATH\CodeIgniter.php(349): CodeIgniter\CodeIgniter->handleRequest(null, Object(Config\Cache), false)
 4 FCPATH\index.php(67): CodeIgniter\CodeIgniter->run()
CRITICAL - 2024-01-23 21:52:30 --> Class "APP\Models\RoleModel" not found
in APPPATH\Controllers\Firewallrequest.php on line 26.
 1 SYSTEMPATH\CodeIgniter.php(925): App\Controllers\Firewallrequest->addnew()
 2 SYSTEMPATH\CodeIgniter.php(480): CodeIgniter\CodeIgniter->runController(Object(App\Controllers\Firewallrequest))
 3 SYSTEMPATH\CodeIgniter.php(349): CodeIgniter\CodeIgniter->handleRequest(null, Object(Config\Cache), false)
 4 FCPATH\index.php(67): CodeIgniter\CodeIgniter->run()
CRITICAL - 2024-01-23 22:18:05 --> Class "APP\Models\RoleModel" not found
in APPPATH\Controllers\Firewallrequest.php on line 18.
 1 SYSTEMPATH\CodeIgniter.php(887): App\Controllers\Firewallrequest->__construct()
 2 SYSTEMPATH\CodeIgniter.php(471): CodeIgniter\CodeIgniter->createController()
 3 SYSTEMPATH\CodeIgniter.php(349): CodeIgniter\CodeIgniter->handleRequest(null, Object(Config\Cache), false)
 4 FCPATH\index.php(67): CodeIgniter\CodeIgniter->run()
CRITICAL - 2024-01-23 22:20:33 --> Call to undefined method App\Models\RoleModel::getRole
in SYSTEMPATH\Model.php on line 807.
 1 APPPATH\Controllers\Firewallrequest.php(29): CodeIgniter\Model->__call('getRole', [])
 2 SYSTEMPATH\CodeIgniter.php(925): App\Controllers\Firewallrequest->addnew()
 3 SYSTEMPATH\CodeIgniter.php(480): CodeIgniter\CodeIgniter->runController(Object(App\Controllers\Firewallrequest))
 4 SYSTEMPATH\CodeIgniter.php(349): CodeIgniter\CodeIgniter->handleRequest(null, Object(Config\Cache), false)
 5 FCPATH\index.php(67): CodeIgniter\CodeIgniter->run()
CRITICAL - 2024-01-23 22:22:25 --> Undefined variable $rolelists
in APPPATH\Views\firewallrequest\addnew.php on line 112.
 1 APPPATH\Views\firewallrequest\addnew.php(112): CodeIgniter\Debug\Exceptions->errorHandler(2, 'Undefined variable $rolelists', 'APPPATH\\Views\\firewallrequest\\addnew.php', 112)
 2 SYSTEMPATH\View\View.php(213): include('APPPATH\\Views\\firewallrequest\\addnew.php')
 3 SYSTEMPATH\View\View.php(216): CodeIgniter\View\View->CodeIgniter\View\{closure}()
 4 SYSTEMPATH\Common.php(1135): CodeIgniter\View\View->render('firewallrequest/addnew', [], true)
 5 APPPATH\Controllers\Firewallrequest.php(35): view('firewallrequest/addnew', [...])
 6 SYSTEMPATH\CodeIgniter.php(925): App\Controllers\Firewallrequest->addnew()
 7 SYSTEMPATH\CodeIgniter.php(480): CodeIgniter\CodeIgniter->runController(Object(App\Controllers\Firewallrequest))
 8 SYSTEMPATH\CodeIgniter.php(349): CodeIgniter\CodeIgniter->handleRequest(null, Object(Config\Cache), false)
 9 FCPATH\index.php(67): CodeIgniter\CodeIgniter->run()
