CRITICAL - 2023-01-24 22:34:41 --> Undefined property: App\Controllers\Firewallrequest::$input
in APPPATH\Controllers\Firewallrequest.php on line 14.
 1 APPPATH\Controllers\Firewallrequest.php(14): CodeIgniter\Debug\Exceptions->errorHandler(2, 'Undefined property: App\\Controllers\\Firewallrequest::$input', 'APPPATH\\Controllers\\Firewallrequest.php', 14)
 2 SYSTEMPATH\CodeIgniter.php(925): App\Controllers\Firewallrequest->save()
 3 SYSTEMPATH\CodeIgniter.php(480): CodeIgniter\CodeIgniter->runController(Object(App\Controllers\Firewallrequest))
 4 SYSTEMPATH\CodeIgniter.php(349): CodeIgniter\CodeIgniter->handleRequest(null, Object(Config\Cache), false)
 5 FCPATH\index.php(67): CodeIgniter\CodeIgniter->run()
CRITICAL - 2023-01-24 22:35:58 --> Undefined property: CodeIgniter\HTTP\IncomingRequest::$getPost
in APPPATH\Controllers\Firewallrequest.php on line 16.
 1 APPPATH\Controllers\Firewallrequest.php(16): CodeIgniter\Debug\Exceptions->errorHandler(2, 'Undefined property: CodeIgniter\\HTTP\\IncomingRequest::$getPost', 'APPPATH\\Controllers\\Firewallrequest.php', 16)
 2 SYSTEMPATH\CodeIgniter.php(925): App\Controllers\Firewallrequest->save()
 3 SYSTEMPATH\CodeIgniter.php(480): CodeIgniter\CodeIgniter->runController(Object(App\Controllers\Firewallrequest))
 4 SYSTEMPATH\CodeIgniter.php(349): CodeIgniter\CodeIgniter->handleRequest(null, Object(Config\Cache), false)
 5 FCPATH\index.php(67): CodeIgniter\CodeIgniter->run()
CRITICAL - 2023-01-24 22:54:59 --> Allowed fields must be specified for model: App\Models\FirewallRequestModel
in SYSTEMPATH\BaseModel.php on line 1162.
 1 SYSTEMPATH\BaseModel.php(1162): CodeIgniter\Database\Exceptions\DataException::forInvalidAllowedFields('App\\Models\\FirewallRequestModel')
 2 SYSTEMPATH\BaseModel.php(725): CodeIgniter\BaseModel->doProtectFields([...])
 3 SYSTEMPATH\Model.php(695): CodeIgniter\BaseModel->insert([...], true)
 4 APPPATH\Models\FirewallRequestModel.php(37): CodeIgniter\Model->insert([...])
 5 APPPATH\Controllers\Firewallrequest.php(36): App\Models\FirewallRequestModel->saveRequest([...])
 6 SYSTEMPATH\CodeIgniter.php(925): App\Controllers\Firewallrequest->save()
 7 SYSTEMPATH\CodeIgniter.php(480): CodeIgniter\CodeIgniter->runController(Object(App\Controllers\Firewallrequest))
 8 SYSTEMPATH\CodeIgniter.php(349): CodeIgniter\CodeIgniter->handleRequest(null, Object(Config\Cache), false)
 9 FCPATH\index.php(67): CodeIgniter\CodeIgniter->run()
CRITICAL - 2023-01-24 22:56:18 --> Allowed fields must be specified for model: App\Models\FirewallRequestModel
in SYSTEMPATH\BaseModel.php on line 1162.
 1 SYSTEMPATH\BaseModel.php(1162): CodeIgniter\Database\Exceptions\DataException::forInvalidAllowedFields('App\\Models\\FirewallRequestModel')
 2 SYSTEMPATH\BaseModel.php(725): CodeIgniter\BaseModel->doProtectFields([...])
 3 SYSTEMPATH\Model.php(695): CodeIgniter\BaseModel->insert([...], true)
 4 APPPATH\Models\FirewallRequestModel.php(37): CodeIgniter\Model->insert([...])
 5 APPPATH\Controllers\Firewallrequest.php(36): App\Models\FirewallRequestModel->saveRequest([...])
 6 SYSTEMPATH\CodeIgniter.php(925): App\Controllers\Firewallrequest->save()
 7 SYSTEMPATH\CodeIgniter.php(480): CodeIgniter\CodeIgniter->runController(Object(App\Controllers\Firewallrequest))
 8 SYSTEMPATH\CodeIgniter.php(349): CodeIgniter\CodeIgniter->handleRequest(null, Object(Config\Cache), false)
 9 FCPATH\index.php(67): CodeIgniter\CodeIgniter->run()
CRITICAL - 2023-01-24 22:57:22 --> Allowed fields must be specified for model: App\Models\FirewallRequestModel
in SYSTEMPATH\BaseModel.php on line 1162.
 1 SYSTEMPATH\BaseModel.php(1162): CodeIgniter\Database\Exceptions\DataException::forInvalidAllowedFields('App\\Models\\FirewallRequestModel')
 2 SYSTEMPATH\BaseModel.php(725): CodeIgniter\BaseModel->doProtectFields([...])
 3 SYSTEMPATH\Model.php(695): CodeIgniter\BaseModel->insert([...], true)
 4 APPPATH\Models\FirewallRequestModel.php(37): CodeIgniter\Model->insert([...])
 5 APPPATH\Controllers\Firewallrequest.php(35): App\Models\FirewallRequestModel->saveRequest([...])
 6 SYSTEMPATH\CodeIgniter.php(925): App\Controllers\Firewallrequest->save()
 7 SYSTEMPATH\CodeIgniter.php(480): CodeIgniter\CodeIgniter->runController(Object(App\Controllers\Firewallrequest))
 8 SYSTEMPATH\CodeIgniter.php(349): CodeIgniter\CodeIgniter->handleRequest(null, Object(Config\Cache), false)
 9 FCPATH\index.php(67): CodeIgniter\CodeIgniter->run()
CRITICAL - 2023-01-24 22:57:42 --> Trying to access array offset on value of type null
in SYSTEMPATH\BaseModel.php on line 750.
 1 SYSTEMPATH\BaseModel.php(750): CodeIgniter\Debug\Exceptions->errorHandler(2, 'Trying to access array offset on value of type null', 'SYSTEMPATH\\BaseModel.php', 750)
 2 SYSTEMPATH\Model.php(695): CodeIgniter\BaseModel->insert([...], true)
 3 APPPATH\Models\FirewallRequestModel.php(37): CodeIgniter\Model->insert([...])
 4 APPPATH\Controllers\Firewallrequest.php(35): App\Models\FirewallRequestModel->saveRequest([...])
 5 SYSTEMPATH\CodeIgniter.php(925): App\Controllers\Firewallrequest->save()
 6 SYSTEMPATH\CodeIgniter.php(480): CodeIgniter\CodeIgniter->runController(Object(App\Controllers\Firewallrequest))
 7 SYSTEMPATH\CodeIgniter.php(349): CodeIgniter\CodeIgniter->handleRequest(null, Object(Config\Cache), false)
 8 FCPATH\index.php(67): CodeIgniter\CodeIgniter->run()
CRITICAL - 2023-01-24 22:58:28 --> Trying to access array offset on value of type null
in SYSTEMPATH\BaseModel.php on line 750.
 1 SYSTEMPATH\BaseModel.php(750): CodeIgniter\Debug\Exceptions->errorHandler(2, 'Trying to access array offset on value of type null', 'SYSTEMPATH\\BaseModel.php', 750)
 2 SYSTEMPATH\Model.php(695): CodeIgniter\BaseModel->insert([...], true)
 3 APPPATH\Models\FirewallRequestModel.php(37): CodeIgniter\Model->insert([...])
 4 APPPATH\Controllers\Firewallrequest.php(35): App\Models\FirewallRequestModel->saveRequest([...])
 5 SYSTEMPATH\CodeIgniter.php(925): App\Controllers\Firewallrequest->save()
 6 SYSTEMPATH\CodeIgniter.php(480): CodeIgniter\CodeIgniter->runController(Object(App\Controllers\Firewallrequest))
 7 SYSTEMPATH\CodeIgniter.php(349): CodeIgniter\CodeIgniter->handleRequest(null, Object(Config\Cache), false)
 8 FCPATH\index.php(67): CodeIgniter\CodeIgniter->run()
CRITICAL - 2023-01-24 22:59:01 --> Trying to access array offset on value of type null
in SYSTEMPATH\BaseModel.php on line 750.
 1 SYSTEMPATH\BaseModel.php(750): CodeIgniter\Debug\Exceptions->errorHandler(2, 'Trying to access array offset on value of type null', 'SYSTEMPATH\\BaseModel.php', 750)
 2 SYSTEMPATH\Model.php(695): CodeIgniter\BaseModel->insert([...], true)
 3 APPPATH\Models\FirewallRequestModel.php(38): CodeIgniter\Model->insert([...])
 4 APPPATH\Controllers\Firewallrequest.php(35): App\Models\FirewallRequestModel->saveRequest([...])
 5 SYSTEMPATH\CodeIgniter.php(925): App\Controllers\Firewallrequest->save()
 6 SYSTEMPATH\CodeIgniter.php(480): CodeIgniter\CodeIgniter->runController(Object(App\Controllers\Firewallrequest))
 7 SYSTEMPATH\CodeIgniter.php(349): CodeIgniter\CodeIgniter->handleRequest(null, Object(Config\Cache), false)
 8 FCPATH\index.php(67): CodeIgniter\CodeIgniter->run()
CRITICAL - 2023-01-24 22:59:11 --> Allowed fields must be specified for model: App\Models\FirewallRequestModel
in SYSTEMPATH\BaseModel.php on line 1162.
 1 SYSTEMPATH\BaseModel.php(1162): CodeIgniter\Database\Exceptions\DataException::forInvalidAllowedFields('App\\Models\\FirewallRequestModel')
 2 SYSTEMPATH\BaseModel.php(725): CodeIgniter\BaseModel->doProtectFields([...])
 3 SYSTEMPATH\Model.php(695): CodeIgniter\BaseModel->insert([...], true)
 4 APPPATH\Models\FirewallRequestModel.php(38): CodeIgniter\Model->insert([...])
 5 APPPATH\Controllers\Firewallrequest.php(35): App\Models\FirewallRequestModel->saveRequest([...])
 6 SYSTEMPATH\CodeIgniter.php(925): App\Controllers\Firewallrequest->save()
 7 SYSTEMPATH\CodeIgniter.php(480): CodeIgniter\CodeIgniter->runController(Object(App\Controllers\Firewallrequest))
 8 SYSTEMPATH\CodeIgniter.php(349): CodeIgniter\CodeIgniter->handleRequest(null, Object(Config\Cache), false)
 9 FCPATH\index.php(67): CodeIgniter\CodeIgniter->run()
CRITICAL - 2023-01-24 22:59:28 --> Trying to access array offset on value of type null
in SYSTEMPATH\BaseModel.php on line 750.
 1 SYSTEMPATH\BaseModel.php(750): CodeIgniter\Debug\Exceptions->errorHandler(2, 'Trying to access array offset on value of type null', 'SYSTEMPATH\\BaseModel.php', 750)
 2 SYSTEMPATH\Model.php(695): CodeIgniter\BaseModel->insert([...], true)
 3 APPPATH\Models\FirewallRequestModel.php(38): CodeIgniter\Model->insert([...])
 4 APPPATH\Controllers\Firewallrequest.php(35): App\Models\FirewallRequestModel->saveRequest([...])
 5 SYSTEMPATH\CodeIgniter.php(925): App\Controllers\Firewallrequest->save()
 6 SYSTEMPATH\CodeIgniter.php(480): CodeIgniter\CodeIgniter->runController(Object(App\Controllers\Firewallrequest))
 7 SYSTEMPATH\CodeIgniter.php(349): CodeIgniter\CodeIgniter->handleRequest(null, Object(Config\Cache), false)
 8 FCPATH\index.php(67): CodeIgniter\CodeIgniter->run()
CRITICAL - 2023-01-24 23:05:13 --> Trying to access array offset on value of type null
in SYSTEMPATH\BaseModel.php on line 750.
 1 SYSTEMPATH\BaseModel.php(750): CodeIgniter\Debug\Exceptions->errorHandler(2, 'Trying to access array offset on value of type null', 'SYSTEMPATH\\BaseModel.php', 750)
 2 SYSTEMPATH\Model.php(695): CodeIgniter\BaseModel->insert([...], true)
 3 APPPATH\Models\FirewallRequestModel.php(38): CodeIgniter\Model->insert([...])
 4 APPPATH\Controllers\Firewallrequest.php(44): App\Models\FirewallRequestModel->saveRequest([...])
 5 SYSTEMPATH\CodeIgniter.php(925): App\Controllers\Firewallrequest->save()
 6 SYSTEMPATH\CodeIgniter.php(480): CodeIgniter\CodeIgniter->runController(Object(App\Controllers\Firewallrequest))
 7 SYSTEMPATH\CodeIgniter.php(349): CodeIgniter\CodeIgniter->handleRequest(null, Object(Config\Cache), false)
 8 FCPATH\index.php(67): CodeIgniter\CodeIgniter->run()
CRITICAL - 2023-01-24 23:10:46 --> syntax error, unexpected token "=", expecting "]"
in APPPATH\Controllers\Firewallrequest.php on line 29.
 1 SYSTEMPATH\Autoloader\Autoloader.php(260): CodeIgniter\Autoloader\Autoloader->includeFile('APPPATH\\Controllers\\Firewallrequest.php')
 2 SYSTEMPATH\Autoloader\Autoloader.php(238): CodeIgniter\Autoloader\Autoloader->loadInNamespace('App\\Controllers\\Firewallrequest')
 3 [internal function]: CodeIgniter\Autoloader\Autoloader->loadClass('App\\Controllers\\Firewallrequest')
 4 SYSTEMPATH\CodeIgniter.php(875): class_exists('\\App\\Controllers\\Firewallrequest', true)
 5 SYSTEMPATH\CodeIgniter.php(467): CodeIgniter\CodeIgniter->startController()
 6 SYSTEMPATH\CodeIgniter.php(349): CodeIgniter\CodeIgniter->handleRequest(null, Object(Config\Cache), false)
 7 FCPATH\index.php(67): CodeIgniter\CodeIgniter->run()
CRITICAL - 2023-01-24 23:11:18 --> syntax error, unexpected token "=", expecting "]"
in APPPATH\Controllers\Firewallrequest.php on line 29.
 1 SYSTEMPATH\Autoloader\Autoloader.php(260): CodeIgniter\Autoloader\Autoloader->includeFile('APPPATH\\Controllers\\Firewallrequest.php')
 2 SYSTEMPATH\Autoloader\Autoloader.php(238): CodeIgniter\Autoloader\Autoloader->loadInNamespace('App\\Controllers\\Firewallrequest')
 3 [internal function]: CodeIgniter\Autoloader\Autoloader->loadClass('App\\Controllers\\Firewallrequest')
 4 SYSTEMPATH\CodeIgniter.php(875): class_exists('\\App\\Controllers\\Firewallrequest', true)
 5 SYSTEMPATH\CodeIgniter.php(467): CodeIgniter\CodeIgniter->startController()
 6 SYSTEMPATH\CodeIgniter.php(349): CodeIgniter\CodeIgniter->handleRequest(null, Object(Config\Cache), false)
 7 FCPATH\index.php(67): CodeIgniter\CodeIgniter->run()
CRITICAL - 2023-01-24 23:12:06 --> Trying to access array offset on value of type null
in SYSTEMPATH\BaseModel.php on line 750.
 1 SYSTEMPATH\BaseModel.php(750): CodeIgniter\Debug\Exceptions->errorHandler(2, 'Trying to access array offset on value of type null', 'SYSTEMPATH\\BaseModel.php', 750)
 2 SYSTEMPATH\Model.php(695): CodeIgniter\BaseModel->insert([...], true)
 3 APPPATH\Models\FirewallRequestModel.php(40): CodeIgniter\Model->insert([...])
 4 APPPATH\Controllers\Firewallrequest.php(45): App\Models\FirewallRequestModel->saveRequest([...])
 5 SYSTEMPATH\CodeIgniter.php(925): App\Controllers\Firewallrequest->save()
 6 SYSTEMPATH\CodeIgniter.php(480): CodeIgniter\CodeIgniter->runController(Object(App\Controllers\Firewallrequest))
 7 SYSTEMPATH\CodeIgniter.php(349): CodeIgniter\CodeIgniter->handleRequest(null, Object(Config\Cache), false)
 8 FCPATH\index.php(67): CodeIgniter\CodeIgniter->run()
CRITICAL - 2023-01-24 23:17:50 --> Trying to access array offset on value of type null
in SYSTEMPATH\BaseModel.php on line 750.
 1 SYSTEMPATH\BaseModel.php(750): CodeIgniter\Debug\Exceptions->errorHandler(2, 'Trying to access array offset on value of type null', 'SYSTEMPATH\\BaseModel.php', 750)
 2 SYSTEMPATH\Model.php(695): CodeIgniter\BaseModel->insert([...], true)
 3 APPPATH\Models\FirewallRequestModel.php(40): CodeIgniter\Model->insert([...])
 4 APPPATH\Controllers\Firewallrequest.php(45): App\Models\FirewallRequestModel->saveRequest([...])
 5 SYSTEMPATH\CodeIgniter.php(925): App\Controllers\Firewallrequest->save()
 6 SYSTEMPATH\CodeIgniter.php(480): CodeIgniter\CodeIgniter->runController(Object(App\Controllers\Firewallrequest))
 7 SYSTEMPATH\CodeIgniter.php(349): CodeIgniter\CodeIgniter->handleRequest(null, Object(Config\Cache), false)
 8 FCPATH\index.php(67): CodeIgniter\CodeIgniter->run()
CRITICAL - 2023-01-24 23:18:08 --> Trying to access array offset on value of type null
in SYSTEMPATH\BaseModel.php on line 750.
 1 SYSTEMPATH\BaseModel.php(750): CodeIgniter\Debug\Exceptions->errorHandler(2, 'Trying to access array offset on value of type null', 'SYSTEMPATH\\BaseModel.php', 750)
 2 SYSTEMPATH\Model.php(695): CodeIgniter\BaseModel->insert([...], true)
 3 APPPATH\Models\FirewallRequestModel.php(40): CodeIgniter\Model->insert([...])
 4 APPPATH\Controllers\Firewallrequest.php(44): App\Models\FirewallRequestModel->saveRequest([...])
 5 SYSTEMPATH\CodeIgniter.php(925): App\Controllers\Firewallrequest->save()
 6 SYSTEMPATH\CodeIgniter.php(480): CodeIgniter\CodeIgniter->runController(Object(App\Controllers\Firewallrequest))
 7 SYSTEMPATH\CodeIgniter.php(349): CodeIgniter\CodeIgniter->handleRequest(null, Object(Config\Cache), false)
 8 FCPATH\index.php(67): CodeIgniter\CodeIgniter->run()
