CRITICAL - 2023-05-26 01:52:37 --> trim(): Passing null to parameter #1 ($string) of type string is deprecated
in APPPATH\Controllers\Firewallrequest.php on line 28.
 1 [internal function]: CodeIgniter\Debug\Exceptions->errorHandler(8192, 'trim(): Passing null to parameter #1 ($string) of type string is deprecated', 'APPPATH\\Controllers\\Firewallrequest.php', 28)
 2 APPPATH\Controllers\Firewallrequest.php(28): trim(null)
 3 SYSTEMPATH\CodeIgniter.php(925): App\Controllers\Firewallrequest->save()
 4 SYSTEMPATH\CodeIgniter.php(480): CodeIgniter\CodeIgniter->runController(Object(App\Controllers\Firewallrequest))
 5 SYSTEMPATH\CodeIgniter.php(349): CodeIgniter\CodeIgniter->handleRequest(null, Object(Config\Cache), false)
 6 FCPATH\index.php(67): CodeIgniter\CodeIgniter->run()
CRITICAL - 2023-05-26 01:57:42 --> The route for "not_good_id_method" cannot be found.
in SYSTEMPATH\HTTP\RedirectResponse.php on line 60.
 1 SYSTEMPATH\HTTP\RedirectResponse.php(60): CodeIgniter\HTTP\Exceptions\HTTPException::forInvalidRedirectRoute('not_good_id_method')
 2 SYSTEMPATH\Common.php(861): CodeIgniter\HTTP\RedirectResponse->route(false)
 3 APPPATH\Controllers\Firewallrequest.php(91): redirect('not_good_id_method', 'refresh')
 4 SYSTEMPATH\CodeIgniter.php(925): App\Controllers\Firewallrequest->getselectedreq('FCPATH\\images', 'logo.png')
 5 SYSTEMPATH\CodeIgniter.php(480): CodeIgniter\CodeIgniter->runController(Object(App\Controllers\Firewallrequest))
 6 SYSTEMPATH\CodeIgniter.php(349): CodeIgniter\CodeIgniter->handleRequest(null, Object(Config\Cache), false)
 7 FCPATH\index.php(67): CodeIgniter\CodeIgniter->run()
CRITICAL - 2023-05-26 01:57:43 --> The route for "not_good_id_method" cannot be found.
in SYSTEMPATH\HTTP\RedirectResponse.php on line 60.
 1 SYSTEMPATH\HTTP\RedirectResponse.php(60): CodeIgniter\HTTP\Exceptions\HTTPException::forInvalidRedirectRoute('not_good_id_method')
 2 SYSTEMPATH\Common.php(861): CodeIgniter\HTTP\RedirectResponse->route(false)
 3 APPPATH\Controllers\Firewallrequest.php(91): redirect('not_good_id_method', 'refresh')
 4 SYSTEMPATH\CodeIgniter.php(925): App\Controllers\Firewallrequest->getselectedreq('FCPATH\\images', 'logo-compact.png')
 5 SYSTEMPATH\CodeIgniter.php(480): CodeIgniter\CodeIgniter->runController(Object(App\Controllers\Firewallrequest))
 6 SYSTEMPATH\CodeIgniter.php(349): CodeIgniter\CodeIgniter->handleRequest(null, Object(Config\Cache), false)
 7 FCPATH\index.php(67): CodeIgniter\CodeIgniter->run()
CRITICAL - 2023-05-26 01:57:43 --> The route for "not_good_id_method" cannot be found.
in SYSTEMPATH\HTTP\RedirectResponse.php on line 60.
 1 SYSTEMPATH\HTTP\RedirectResponse.php(60): CodeIgniter\HTTP\Exceptions\HTTPException::forInvalidRedirectRoute('not_good_id_method')
 2 SYSTEMPATH\Common.php(861): CodeIgniter\HTTP\RedirectResponse->route(false)
 3 APPPATH\Controllers\Firewallrequest.php(91): redirect('not_good_id_method', 'refresh')
 4 SYSTEMPATH\CodeIgniter.php(925): App\Controllers\Firewallrequest->getselectedreq('FCPATH\\images', 'avatar', '1.jpg')
 5 SYSTEMPATH\CodeIgniter.php(480): CodeIgniter\CodeIgniter->runController(Object(App\Controllers\Firewallrequest))
 6 SYSTEMPATH\CodeIgniter.php(349): CodeIgniter\CodeIgniter->handleRequest(null, Object(Config\Cache), false)
 7 FCPATH\index.php(67): CodeIgniter\CodeIgniter->run()
CRITICAL - 2023-05-26 01:57:43 --> The route for "not_good_id_method" cannot be found.
in SYSTEMPATH\HTTP\RedirectResponse.php on line 60.
 1 SYSTEMPATH\HTTP\RedirectResponse.php(60): CodeIgniter\HTTP\Exceptions\HTTPException::forInvalidRedirectRoute('not_good_id_method')
 2 SYSTEMPATH\Common.php(861): CodeIgniter\HTTP\RedirectResponse->route(false)
 3 APPPATH\Controllers\Firewallrequest.php(91): redirect('not_good_id_method', 'refresh')
 4 SYSTEMPATH\CodeIgniter.php(925): App\Controllers\Firewallrequest->getselectedreq('FCPATH\\images', 'avatar', '2.jpg')
 5 SYSTEMPATH\CodeIgniter.php(480): CodeIgniter\CodeIgniter->runController(Object(App\Controllers\Firewallrequest))
 6 SYSTEMPATH\CodeIgniter.php(349): CodeIgniter\CodeIgniter->handleRequest(null, Object(Config\Cache), false)
 7 FCPATH\index.php(67): CodeIgniter\CodeIgniter->run()
CRITICAL - 2023-05-26 01:57:43 --> The route for "not_good_id_method" cannot be found.
in SYSTEMPATH\HTTP\RedirectResponse.php on line 60.
 1 SYSTEMPATH\HTTP\RedirectResponse.php(60): CodeIgniter\HTTP\Exceptions\HTTPException::forInvalidRedirectRoute('not_good_id_method')
 2 SYSTEMPATH\Common.php(861): CodeIgniter\HTTP\RedirectResponse->route(false)
 3 APPPATH\Controllers\Firewallrequest.php(91): redirect('not_good_id_method', 'refresh')
 4 SYSTEMPATH\CodeIgniter.php(925): App\Controllers\Firewallrequest->getselectedreq('FCPATH\\images', 'avatar', '3.jpg')
 5 SYSTEMPATH\CodeIgniter.php(480): CodeIgniter\CodeIgniter->runController(Object(App\Controllers\Firewallrequest))
 6 SYSTEMPATH\CodeIgniter.php(349): CodeIgniter\CodeIgniter->handleRequest(null, Object(Config\Cache), false)
 7 FCPATH\index.php(67): CodeIgniter\CodeIgniter->run()
CRITICAL - 2023-05-26 01:57:43 --> The route for "not_good_id_method" cannot be found.
in SYSTEMPATH\HTTP\RedirectResponse.php on line 60.
 1 SYSTEMPATH\HTTP\RedirectResponse.php(60): CodeIgniter\HTTP\Exceptions\HTTPException::forInvalidRedirectRoute('not_good_id_method')
 2 SYSTEMPATH\Common.php(861): CodeIgniter\HTTP\RedirectResponse->route(false)
 3 APPPATH\Controllers\Firewallrequest.php(91): redirect('not_good_id_method', 'refresh')
 4 SYSTEMPATH\CodeIgniter.php(925): App\Controllers\Firewallrequest->getselectedreq('FCPATH\\images', 'logo-text.png')
 5 SYSTEMPATH\CodeIgniter.php(480): CodeIgniter\CodeIgniter->runController(Object(App\Controllers\Firewallrequest))
 6 SYSTEMPATH\CodeIgniter.php(349): CodeIgniter\CodeIgniter->handleRequest(null, Object(Config\Cache), false)
 7 FCPATH\index.php(67): CodeIgniter\CodeIgniter->run()
CRITICAL - 2023-05-26 01:57:43 --> The route for "not_good_id_method" cannot be found.
in SYSTEMPATH\HTTP\RedirectResponse.php on line 60.
 1 SYSTEMPATH\HTTP\RedirectResponse.php(60): CodeIgniter\HTTP\Exceptions\HTTPException::forInvalidRedirectRoute('not_good_id_method')
 2 SYSTEMPATH\Common.php(861): CodeIgniter\HTTP\RedirectResponse->route(false)
 3 APPPATH\Controllers\Firewallrequest.php(91): redirect('not_good_id_method', 'refresh')
 4 SYSTEMPATH\CodeIgniter.php(925): App\Controllers\Firewallrequest->getselectedreq('FCPATH\\images', 'user', '1.png')
 5 SYSTEMPATH\CodeIgniter.php(480): CodeIgniter\CodeIgniter->runController(Object(App\Controllers\Firewallrequest))
 6 SYSTEMPATH\CodeIgniter.php(349): CodeIgniter\CodeIgniter->handleRequest(null, Object(Config\Cache), false)
 7 FCPATH\index.php(67): CodeIgniter\CodeIgniter->run()
CRITICAL - 2023-05-26 01:57:43 --> The route for "not_good_id_method" cannot be found.
in SYSTEMPATH\HTTP\RedirectResponse.php on line 60.
 1 SYSTEMPATH\HTTP\RedirectResponse.php(60): CodeIgniter\HTTP\Exceptions\HTTPException::forInvalidRedirectRoute('not_good_id_method')
 2 SYSTEMPATH\Common.php(861): CodeIgniter\HTTP\RedirectResponse->route(false)
 3 APPPATH\Controllers\Firewallrequest.php(91): redirect('not_good_id_method', 'refresh')
 4 SYSTEMPATH\CodeIgniter.php(925): App\Controllers\Firewallrequest->getselectedreq('FCPATH\\images', 'avatar', '4.jpg')
 5 SYSTEMPATH\CodeIgniter.php(480): CodeIgniter\CodeIgniter->runController(Object(App\Controllers\Firewallrequest))
 6 SYSTEMPATH\CodeIgniter.php(349): CodeIgniter\CodeIgniter->handleRequest(null, Object(Config\Cache), false)
 7 FCPATH\index.php(67): CodeIgniter\CodeIgniter->run()
CRITICAL - 2023-05-26 01:57:43 --> The route for "not_good_id_method" cannot be found.
in SYSTEMPATH\HTTP\RedirectResponse.php on line 60.
 1 SYSTEMPATH\HTTP\RedirectResponse.php(60): CodeIgniter\HTTP\Exceptions\HTTPException::forInvalidRedirectRoute('not_good_id_method')
 2 SYSTEMPATH\Common.php(861): CodeIgniter\HTTP\RedirectResponse->route(false)
 3 APPPATH\Controllers\Firewallrequest.php(91): redirect('not_good_id_method', 'refresh')
 4 SYSTEMPATH\CodeIgniter.php(925): App\Controllers\Firewallrequest->getselectedreq('FCPATH\\images', 'favicon.png')
 5 SYSTEMPATH\CodeIgniter.php(480): CodeIgniter\CodeIgniter->runController(Object(App\Controllers\Firewallrequest))
 6 SYSTEMPATH\CodeIgniter.php(349): CodeIgniter\CodeIgniter->handleRequest(null, Object(Config\Cache), false)
 7 FCPATH\index.php(67): CodeIgniter\CodeIgniter->run()
CRITICAL - 2023-05-26 01:58:17 --> The route for "not_good_id_method" cannot be found.
in SYSTEMPATH\HTTP\RedirectResponse.php on line 60.
 1 SYSTEMPATH\HTTP\RedirectResponse.php(60): CodeIgniter\HTTP\Exceptions\HTTPException::forInvalidRedirectRoute('not_good_id_method')
 2 SYSTEMPATH\Common.php(861): CodeIgniter\HTTP\RedirectResponse->route(false)
 3 APPPATH\Controllers\Firewallrequest.php(91): redirect('not_good_id_method', 'refresh')
 4 SYSTEMPATH\CodeIgniter.php(925): App\Controllers\Firewallrequest->getselectedreq('FCPATH\\images', 'logo-compact.png')
 5 SYSTEMPATH\CodeIgniter.php(480): CodeIgniter\CodeIgniter->runController(Object(App\Controllers\Firewallrequest))
 6 SYSTEMPATH\CodeIgniter.php(349): CodeIgniter\CodeIgniter->handleRequest(null, Object(Config\Cache), false)
 7 FCPATH\index.php(67): CodeIgniter\CodeIgniter->run()
CRITICAL - 2023-05-26 01:58:17 --> The route for "not_good_id_method" cannot be found.
in SYSTEMPATH\HTTP\RedirectResponse.php on line 60.
 1 SYSTEMPATH\HTTP\RedirectResponse.php(60): CodeIgniter\HTTP\Exceptions\HTTPException::forInvalidRedirectRoute('not_good_id_method')
 2 SYSTEMPATH\Common.php(861): CodeIgniter\HTTP\RedirectResponse->route(false)
 3 APPPATH\Controllers\Firewallrequest.php(91): redirect('not_good_id_method', 'refresh')
 4 SYSTEMPATH\CodeIgniter.php(925): App\Controllers\Firewallrequest->getselectedreq('FCPATH\\images', 'logo.png')
 5 SYSTEMPATH\CodeIgniter.php(480): CodeIgniter\CodeIgniter->runController(Object(App\Controllers\Firewallrequest))
 6 SYSTEMPATH\CodeIgniter.php(349): CodeIgniter\CodeIgniter->handleRequest(null, Object(Config\Cache), false)
 7 FCPATH\index.php(67): CodeIgniter\CodeIgniter->run()
CRITICAL - 2023-05-26 01:58:17 --> The route for "not_good_id_method" cannot be found.
in SYSTEMPATH\HTTP\RedirectResponse.php on line 60.
 1 SYSTEMPATH\HTTP\RedirectResponse.php(60): CodeIgniter\HTTP\Exceptions\HTTPException::forInvalidRedirectRoute('not_good_id_method')
 2 SYSTEMPATH\Common.php(861): CodeIgniter\HTTP\RedirectResponse->route(false)
 3 APPPATH\Controllers\Firewallrequest.php(91): redirect('not_good_id_method', 'refresh')
 4 SYSTEMPATH\CodeIgniter.php(925): App\Controllers\Firewallrequest->getselectedreq('FCPATH\\images', 'logo-text.png')
 5 SYSTEMPATH\CodeIgniter.php(480): CodeIgniter\CodeIgniter->runController(Object(App\Controllers\Firewallrequest))
 6 SYSTEMPATH\CodeIgniter.php(349): CodeIgniter\CodeIgniter->handleRequest(null, Object(Config\Cache), false)
 7 FCPATH\index.php(67): CodeIgniter\CodeIgniter->run()
CRITICAL - 2023-05-26 01:58:17 --> The route for "not_good_id_method" cannot be found.
in SYSTEMPATH\HTTP\RedirectResponse.php on line 60.
 1 SYSTEMPATH\HTTP\RedirectResponse.php(60): CodeIgniter\HTTP\Exceptions\HTTPException::forInvalidRedirectRoute('not_good_id_method')
 2 SYSTEMPATH\Common.php(861): CodeIgniter\HTTP\RedirectResponse->route(false)
 3 APPPATH\Controllers\Firewallrequest.php(91): redirect('not_good_id_method', 'refresh')
 4 SYSTEMPATH\CodeIgniter.php(925): App\Controllers\Firewallrequest->getselectedreq('FCPATH\\images', 'avatar', '1.jpg')
 5 SYSTEMPATH\CodeIgniter.php(480): CodeIgniter\CodeIgniter->runController(Object(App\Controllers\Firewallrequest))
 6 SYSTEMPATH\CodeIgniter.php(349): CodeIgniter\CodeIgniter->handleRequest(null, Object(Config\Cache), false)
 7 FCPATH\index.php(67): CodeIgniter\CodeIgniter->run()
CRITICAL - 2023-05-26 01:58:17 --> The route for "not_good_id_method" cannot be found.
in SYSTEMPATH\HTTP\RedirectResponse.php on line 60.
 1 SYSTEMPATH\HTTP\RedirectResponse.php(60): CodeIgniter\HTTP\Exceptions\HTTPException::forInvalidRedirectRoute('not_good_id_method')
 2 SYSTEMPATH\Common.php(861): CodeIgniter\HTTP\RedirectResponse->route(false)
 3 APPPATH\Controllers\Firewallrequest.php(91): redirect('not_good_id_method', 'refresh')
 4 SYSTEMPATH\CodeIgniter.php(925): App\Controllers\Firewallrequest->getselectedreq('FCPATH\\images', 'avatar', '2.jpg')
 5 SYSTEMPATH\CodeIgniter.php(480): CodeIgniter\CodeIgniter->runController(Object(App\Controllers\Firewallrequest))
 6 SYSTEMPATH\CodeIgniter.php(349): CodeIgniter\CodeIgniter->handleRequest(null, Object(Config\Cache), false)
 7 FCPATH\index.php(67): CodeIgniter\CodeIgniter->run()
CRITICAL - 2023-05-26 01:58:17 --> The route for "not_good_id_method" cannot be found.
in SYSTEMPATH\HTTP\RedirectResponse.php on line 60.
 1 SYSTEMPATH\HTTP\RedirectResponse.php(60): CodeIgniter\HTTP\Exceptions\HTTPException::forInvalidRedirectRoute('not_good_id_method')
 2 SYSTEMPATH\Common.php(861): CodeIgniter\HTTP\RedirectResponse->route(false)
 3 APPPATH\Controllers\Firewallrequest.php(91): redirect('not_good_id_method', 'refresh')
 4 SYSTEMPATH\CodeIgniter.php(925): App\Controllers\Firewallrequest->getselectedreq('FCPATH\\images', 'avatar', '3.jpg')
 5 SYSTEMPATH\CodeIgniter.php(480): CodeIgniter\CodeIgniter->runController(Object(App\Controllers\Firewallrequest))
 6 SYSTEMPATH\CodeIgniter.php(349): CodeIgniter\CodeIgniter->handleRequest(null, Object(Config\Cache), false)
 7 FCPATH\index.php(67): CodeIgniter\CodeIgniter->run()
CRITICAL - 2023-05-26 01:58:17 --> The route for "not_good_id_method" cannot be found.
in SYSTEMPATH\HTTP\RedirectResponse.php on line 60.
 1 SYSTEMPATH\HTTP\RedirectResponse.php(60): CodeIgniter\HTTP\Exceptions\HTTPException::forInvalidRedirectRoute('not_good_id_method')
 2 SYSTEMPATH\Common.php(861): CodeIgniter\HTTP\RedirectResponse->route(false)
 3 APPPATH\Controllers\Firewallrequest.php(91): redirect('not_good_id_method', 'refresh')
 4 SYSTEMPATH\CodeIgniter.php(925): App\Controllers\Firewallrequest->getselectedreq('FCPATH\\images', 'user', '1.png')
 5 SYSTEMPATH\CodeIgniter.php(480): CodeIgniter\CodeIgniter->runController(Object(App\Controllers\Firewallrequest))
 6 SYSTEMPATH\CodeIgniter.php(349): CodeIgniter\CodeIgniter->handleRequest(null, Object(Config\Cache), false)
 7 FCPATH\index.php(67): CodeIgniter\CodeIgniter->run()
CRITICAL - 2023-05-26 01:58:17 --> The route for "not_good_id_method" cannot be found.
in SYSTEMPATH\HTTP\RedirectResponse.php on line 60.
 1 SYSTEMPATH\HTTP\RedirectResponse.php(60): CodeIgniter\HTTP\Exceptions\HTTPException::forInvalidRedirectRoute('not_good_id_method')
 2 SYSTEMPATH\Common.php(861): CodeIgniter\HTTP\RedirectResponse->route(false)
 3 APPPATH\Controllers\Firewallrequest.php(91): redirect('not_good_id_method', 'refresh')
 4 SYSTEMPATH\CodeIgniter.php(925): App\Controllers\Firewallrequest->getselectedreq('FCPATH\\images', 'avatar', '4.jpg')
 5 SYSTEMPATH\CodeIgniter.php(480): CodeIgniter\CodeIgniter->runController(Object(App\Controllers\Firewallrequest))
 6 SYSTEMPATH\CodeIgniter.php(349): CodeIgniter\CodeIgniter->handleRequest(null, Object(Config\Cache), false)
 7 FCPATH\index.php(67): CodeIgniter\CodeIgniter->run()
CRITICAL - 2023-05-26 01:58:17 --> The route for "not_good_id_method" cannot be found.
in SYSTEMPATH\HTTP\RedirectResponse.php on line 60.
 1 SYSTEMPATH\HTTP\RedirectResponse.php(60): CodeIgniter\HTTP\Exceptions\HTTPException::forInvalidRedirectRoute('not_good_id_method')
 2 SYSTEMPATH\Common.php(861): CodeIgniter\HTTP\RedirectResponse->route(false)
 3 APPPATH\Controllers\Firewallrequest.php(91): redirect('not_good_id_method', 'refresh')
 4 SYSTEMPATH\CodeIgniter.php(925): App\Controllers\Firewallrequest->getselectedreq('FCPATH\\images', 'favicon.png')
 5 SYSTEMPATH\CodeIgniter.php(480): CodeIgniter\CodeIgniter->runController(Object(App\Controllers\Firewallrequest))
 6 SYSTEMPATH\CodeIgniter.php(349): CodeIgniter\CodeIgniter->handleRequest(null, Object(Config\Cache), false)
 7 FCPATH\index.php(67): CodeIgniter\CodeIgniter->run()
CRITICAL - 2023-05-26 04:18:29 --> The route for "not_good_id_method" cannot be found.
in SYSTEMPATH\HTTP\RedirectResponse.php on line 60.
 1 SYSTEMPATH\HTTP\RedirectResponse.php(60): CodeIgniter\HTTP\Exceptions\HTTPException::forInvalidRedirectRoute('not_good_id_method')
 2 SYSTEMPATH\Common.php(861): CodeIgniter\HTTP\RedirectResponse->route(false)
 3 APPPATH\Controllers\Firewallrequest.php(91): redirect('not_good_id_method', 'refresh')
 4 SYSTEMPATH\CodeIgniter.php(925): App\Controllers\Firewallrequest->getselectedreq('FCPATH\\images', 'logo.png')
 5 SYSTEMPATH\CodeIgniter.php(480): CodeIgniter\CodeIgniter->runController(Object(App\Controllers\Firewallrequest))
 6 SYSTEMPATH\CodeIgniter.php(349): CodeIgniter\CodeIgniter->handleRequest(null, Object(Config\Cache), false)
 7 FCPATH\index.php(67): CodeIgniter\CodeIgniter->run()
CRITICAL - 2023-05-26 04:18:29 --> The route for "not_good_id_method" cannot be found.
in SYSTEMPATH\HTTP\RedirectResponse.php on line 60.
 1 SYSTEMPATH\HTTP\RedirectResponse.php(60): CodeIgniter\HTTP\Exceptions\HTTPException::forInvalidRedirectRoute('not_good_id_method')
 2 SYSTEMPATH\Common.php(861): CodeIgniter\HTTP\RedirectResponse->route(false)
 3 APPPATH\Controllers\Firewallrequest.php(91): redirect('not_good_id_method', 'refresh')
 4 SYSTEMPATH\CodeIgniter.php(925): App\Controllers\Firewallrequest->getselectedreq('FCPATH\\images', 'logo-compact.png')
 5 SYSTEMPATH\CodeIgniter.php(480): CodeIgniter\CodeIgniter->runController(Object(App\Controllers\Firewallrequest))
 6 SYSTEMPATH\CodeIgniter.php(349): CodeIgniter\CodeIgniter->handleRequest(null, Object(Config\Cache), false)
 7 FCPATH\index.php(67): CodeIgniter\CodeIgniter->run()
CRITICAL - 2023-05-26 04:18:29 --> The route for "not_good_id_method" cannot be found.
in SYSTEMPATH\HTTP\RedirectResponse.php on line 60.
 1 SYSTEMPATH\HTTP\RedirectResponse.php(60): CodeIgniter\HTTP\Exceptions\HTTPException::forInvalidRedirectRoute('not_good_id_method')
 2 SYSTEMPATH\Common.php(861): CodeIgniter\HTTP\RedirectResponse->route(false)
 3 APPPATH\Controllers\Firewallrequest.php(91): redirect('not_good_id_method', 'refresh')
 4 SYSTEMPATH\CodeIgniter.php(925): App\Controllers\Firewallrequest->getselectedreq('FCPATH\\images', 'logo-text.png')
 5 SYSTEMPATH\CodeIgniter.php(480): CodeIgniter\CodeIgniter->runController(Object(App\Controllers\Firewallrequest))
 6 SYSTEMPATH\CodeIgniter.php(349): CodeIgniter\CodeIgniter->handleRequest(null, Object(Config\Cache), false)
 7 FCPATH\index.php(67): CodeIgniter\CodeIgniter->run()
CRITICAL - 2023-05-26 04:18:29 --> The route for "not_good_id_method" cannot be found.
in SYSTEMPATH\HTTP\RedirectResponse.php on line 60.
 1 SYSTEMPATH\HTTP\RedirectResponse.php(60): CodeIgniter\HTTP\Exceptions\HTTPException::forInvalidRedirectRoute('not_good_id_method')
 2 SYSTEMPATH\Common.php(861): CodeIgniter\HTTP\RedirectResponse->route(false)
 3 APPPATH\Controllers\Firewallrequest.php(91): redirect('not_good_id_method', 'refresh')
 4 SYSTEMPATH\CodeIgniter.php(925): App\Controllers\Firewallrequest->getselectedreq('FCPATH\\images', 'avatar', '1.jpg')
 5 SYSTEMPATH\CodeIgniter.php(480): CodeIgniter\CodeIgniter->runController(Object(App\Controllers\Firewallrequest))
 6 SYSTEMPATH\CodeIgniter.php(349): CodeIgniter\CodeIgniter->handleRequest(null, Object(Config\Cache), false)
 7 FCPATH\index.php(67): CodeIgniter\CodeIgniter->run()
CRITICAL - 2023-05-26 04:18:29 --> The route for "not_good_id_method" cannot be found.
in SYSTEMPATH\HTTP\RedirectResponse.php on line 60.
 1 SYSTEMPATH\HTTP\RedirectResponse.php(60): CodeIgniter\HTTP\Exceptions\HTTPException::forInvalidRedirectRoute('not_good_id_method')
 2 SYSTEMPATH\Common.php(861): CodeIgniter\HTTP\RedirectResponse->route(false)
 3 APPPATH\Controllers\Firewallrequest.php(91): redirect('not_good_id_method', 'refresh')
 4 SYSTEMPATH\CodeIgniter.php(925): App\Controllers\Firewallrequest->getselectedreq('FCPATH\\images', 'avatar', '2.jpg')
 5 SYSTEMPATH\CodeIgniter.php(480): CodeIgniter\CodeIgniter->runController(Object(App\Controllers\Firewallrequest))
 6 SYSTEMPATH\CodeIgniter.php(349): CodeIgniter\CodeIgniter->handleRequest(null, Object(Config\Cache), false)
 7 FCPATH\index.php(67): CodeIgniter\CodeIgniter->run()
CRITICAL - 2023-05-26 04:18:29 --> The route for "not_good_id_method" cannot be found.
in SYSTEMPATH\HTTP\RedirectResponse.php on line 60.
 1 SYSTEMPATH\HTTP\RedirectResponse.php(60): CodeIgniter\HTTP\Exceptions\HTTPException::forInvalidRedirectRoute('not_good_id_method')
 2 SYSTEMPATH\Common.php(861): CodeIgniter\HTTP\RedirectResponse->route(false)
 3 APPPATH\Controllers\Firewallrequest.php(91): redirect('not_good_id_method', 'refresh')
 4 SYSTEMPATH\CodeIgniter.php(925): App\Controllers\Firewallrequest->getselectedreq('FCPATH\\images', 'user', '1.png')
 5 SYSTEMPATH\CodeIgniter.php(480): CodeIgniter\CodeIgniter->runController(Object(App\Controllers\Firewallrequest))
 6 SYSTEMPATH\CodeIgniter.php(349): CodeIgniter\CodeIgniter->handleRequest(null, Object(Config\Cache), false)
 7 FCPATH\index.php(67): CodeIgniter\CodeIgniter->run()
CRITICAL - 2023-05-26 04:18:29 --> The route for "not_good_id_method" cannot be found.
in SYSTEMPATH\HTTP\RedirectResponse.php on line 60.
 1 SYSTEMPATH\HTTP\RedirectResponse.php(60): CodeIgniter\HTTP\Exceptions\HTTPException::forInvalidRedirectRoute('not_good_id_method')
 2 SYSTEMPATH\Common.php(861): CodeIgniter\HTTP\RedirectResponse->route(false)
 3 APPPATH\Controllers\Firewallrequest.php(91): redirect('not_good_id_method', 'refresh')
 4 SYSTEMPATH\CodeIgniter.php(925): App\Controllers\Firewallrequest->getselectedreq('FCPATH\\images', 'avatar', '3.jpg')
 5 SYSTEMPATH\CodeIgniter.php(480): CodeIgniter\CodeIgniter->runController(Object(App\Controllers\Firewallrequest))
 6 SYSTEMPATH\CodeIgniter.php(349): CodeIgniter\CodeIgniter->handleRequest(null, Object(Config\Cache), false)
 7 FCPATH\index.php(67): CodeIgniter\CodeIgniter->run()
CRITICAL - 2023-05-26 04:18:29 --> The route for "not_good_id_method" cannot be found.
in SYSTEMPATH\HTTP\RedirectResponse.php on line 60.
 1 SYSTEMPATH\HTTP\RedirectResponse.php(60): CodeIgniter\HTTP\Exceptions\HTTPException::forInvalidRedirectRoute('not_good_id_method')
 2 SYSTEMPATH\Common.php(861): CodeIgniter\HTTP\RedirectResponse->route(false)
 3 APPPATH\Controllers\Firewallrequest.php(91): redirect('not_good_id_method', 'refresh')
 4 SYSTEMPATH\CodeIgniter.php(925): App\Controllers\Firewallrequest->getselectedreq('FCPATH\\images', 'avatar', '4.jpg')
 5 SYSTEMPATH\CodeIgniter.php(480): CodeIgniter\CodeIgniter->runController(Object(App\Controllers\Firewallrequest))
 6 SYSTEMPATH\CodeIgniter.php(349): CodeIgniter\CodeIgniter->handleRequest(null, Object(Config\Cache), false)
 7 FCPATH\index.php(67): CodeIgniter\CodeIgniter->run()
CRITICAL - 2023-05-26 04:18:29 --> The route for "not_good_id_method" cannot be found.
in SYSTEMPATH\HTTP\RedirectResponse.php on line 60.
 1 SYSTEMPATH\HTTP\RedirectResponse.php(60): CodeIgniter\HTTP\Exceptions\HTTPException::forInvalidRedirectRoute('not_good_id_method')
 2 SYSTEMPATH\Common.php(861): CodeIgniter\HTTP\RedirectResponse->route(false)
 3 APPPATH\Controllers\Firewallrequest.php(91): redirect('not_good_id_method', 'refresh')
 4 SYSTEMPATH\CodeIgniter.php(925): App\Controllers\Firewallrequest->getselectedreq('FCPATH\\images', 'favicon.png')
 5 SYSTEMPATH\CodeIgniter.php(480): CodeIgniter\CodeIgniter->runController(Object(App\Controllers\Firewallrequest))
 6 SYSTEMPATH\CodeIgniter.php(349): CodeIgniter\CodeIgniter->handleRequest(null, Object(Config\Cache), false)
 7 FCPATH\index.php(67): CodeIgniter\CodeIgniter->run()
CRITICAL - 2023-05-26 04:18:36 --> Attempt to read property "req_id" on null
in APPPATH\Views\firewallrequest\pendingrequestlist.php on line 58.
 1 APPPATH\Views\firewallrequest\pendingrequestlist.php(58): CodeIgniter\Debug\Exceptions->errorHandler(2, 'Attempt to read property "req_id" on null', 'APPPATH\\Views\\firewallrequest\\pendingrequestlist.php', 58)
 2 SYSTEMPATH\View\View.php(213): include('APPPATH\\Views\\firewallrequest\\pendingrequestlist.php')
 3 SYSTEMPATH\View\View.php(216): CodeIgniter\View\View->CodeIgniter\View\{closure}()
 4 SYSTEMPATH\Common.php(1135): CodeIgniter\View\View->render('firewallrequest/pendingrequestlist', [], true)
 5 APPPATH\Controllers\Firewallrequest.php(62): view('firewallrequest/pendingrequestlist', [...])
 6 SYSTEMPATH\CodeIgniter.php(925): App\Controllers\Firewallrequest->pendingrequestlist()
 7 SYSTEMPATH\CodeIgniter.php(480): CodeIgniter\CodeIgniter->runController(Object(App\Controllers\Firewallrequest))
 8 SYSTEMPATH\CodeIgniter.php(349): CodeIgniter\CodeIgniter->handleRequest(null, Object(Config\Cache), false)
 9 FCPATH\index.php(67): CodeIgniter\CodeIgniter->run()
CRITICAL - 2023-05-26 04:23:02 --> Attempt to read property "req_id" on null
in APPPATH\Views\firewallrequest\pendingrequestlist.php on line 58.
 1 APPPATH\Views\firewallrequest\pendingrequestlist.php(58): CodeIgniter\Debug\Exceptions->errorHandler(2, 'Attempt to read property "req_id" on null', 'APPPATH\\Views\\firewallrequest\\pendingrequestlist.php', 58)
 2 SYSTEMPATH\View\View.php(213): include('APPPATH\\Views\\firewallrequest\\pendingrequestlist.php')
 3 SYSTEMPATH\View\View.php(216): CodeIgniter\View\View->CodeIgniter\View\{closure}()
 4 SYSTEMPATH\Common.php(1135): CodeIgniter\View\View->render('firewallrequest/pendingrequestlist', [], true)
 5 APPPATH\Controllers\Firewallrequest.php(62): view('firewallrequest/pendingrequestlist', [...])
 6 SYSTEMPATH\CodeIgniter.php(925): App\Controllers\Firewallrequest->pendingrequestlist()
 7 SYSTEMPATH\CodeIgniter.php(480): CodeIgniter\CodeIgniter->runController(Object(App\Controllers\Firewallrequest))
 8 SYSTEMPATH\CodeIgniter.php(349): CodeIgniter\CodeIgniter->handleRequest(null, Object(Config\Cache), false)
 9 FCPATH\index.php(67): CodeIgniter\CodeIgniter->run()
CRITICAL - 2023-05-26 04:23:12 --> Attempt to read property "req_id" on null
in APPPATH\Views\firewallrequest\pendingrequestlist.php on line 58.
 1 APPPATH\Views\firewallrequest\pendingrequestlist.php(58): CodeIgniter\Debug\Exceptions->errorHandler(2, 'Attempt to read property "req_id" on null', 'APPPATH\\Views\\firewallrequest\\pendingrequestlist.php', 58)
 2 SYSTEMPATH\View\View.php(213): include('APPPATH\\Views\\firewallrequest\\pendingrequestlist.php')
 3 SYSTEMPATH\View\View.php(216): CodeIgniter\View\View->CodeIgniter\View\{closure}()
 4 SYSTEMPATH\Common.php(1135): CodeIgniter\View\View->render('firewallrequest/pendingrequestlist', [], true)
 5 APPPATH\Controllers\Firewallrequest.php(62): view('firewallrequest/pendingrequestlist', [...])
 6 SYSTEMPATH\CodeIgniter.php(925): App\Controllers\Firewallrequest->pendingrequestlist()
 7 SYSTEMPATH\CodeIgniter.php(480): CodeIgniter\CodeIgniter->runController(Object(App\Controllers\Firewallrequest))
 8 SYSTEMPATH\CodeIgniter.php(349): CodeIgniter\CodeIgniter->handleRequest(null, Object(Config\Cache), false)
 9 FCPATH\index.php(67): CodeIgniter\CodeIgniter->run()
CRITICAL - 2023-05-26 04:28:39 --> Attempt to read property "req_id" on string
in APPPATH\Views\firewallrequest\pendingrequestlist.php on line 58.
 1 APPPATH\Views\firewallrequest\pendingrequestlist.php(58): CodeIgniter\Debug\Exceptions->errorHandler(2, 'Attempt to read property "req_id" on string', 'APPPATH\\Views\\firewallrequest\\pendingrequestlist.php', 58)
 2 SYSTEMPATH\View\View.php(213): include('APPPATH\\Views\\firewallrequest\\pendingrequestlist.php')
 3 SYSTEMPATH\View\View.php(216): CodeIgniter\View\View->CodeIgniter\View\{closure}()
 4 SYSTEMPATH\Common.php(1135): CodeIgniter\View\View->render('firewallrequest/pendingrequestlist', [], true)
 5 APPPATH\Controllers\Firewallrequest.php(62): view('firewallrequest/pendingrequestlist', [...])
 6 SYSTEMPATH\CodeIgniter.php(925): App\Controllers\Firewallrequest->pendingrequestlist()
 7 SYSTEMPATH\CodeIgniter.php(480): CodeIgniter\CodeIgniter->runController(Object(App\Controllers\Firewallrequest))
 8 SYSTEMPATH\CodeIgniter.php(349): CodeIgniter\CodeIgniter->handleRequest(null, Object(Config\Cache), false)
 9 FCPATH\index.php(67): CodeIgniter\CodeIgniter->run()
CRITICAL - 2023-05-26 04:29:05 --> Attempt to read property "req_id" on string
in APPPATH\Views\firewallrequest\pendingrequestlist.php on line 58.
 1 APPPATH\Views\firewallrequest\pendingrequestlist.php(58): CodeIgniter\Debug\Exceptions->errorHandler(2, 'Attempt to read property "req_id" on string', 'APPPATH\\Views\\firewallrequest\\pendingrequestlist.php', 58)
 2 SYSTEMPATH\View\View.php(213): include('APPPATH\\Views\\firewallrequest\\pendingrequestlist.php')
 3 SYSTEMPATH\View\View.php(216): CodeIgniter\View\View->CodeIgniter\View\{closure}()
 4 SYSTEMPATH\Common.php(1135): CodeIgniter\View\View->render('firewallrequest/pendingrequestlist', [], true)
 5 APPPATH\Controllers\Firewallrequest.php(62): view('firewallrequest/pendingrequestlist', [...])
 6 SYSTEMPATH\CodeIgniter.php(925): App\Controllers\Firewallrequest->pendingrequestlist()
 7 SYSTEMPATH\CodeIgniter.php(480): CodeIgniter\CodeIgniter->runController(Object(App\Controllers\Firewallrequest))
 8 SYSTEMPATH\CodeIgniter.php(349): CodeIgniter\CodeIgniter->handleRequest(null, Object(Config\Cache), false)
 9 FCPATH\index.php(67): CodeIgniter\CodeIgniter->run()
CRITICAL - 2023-05-26 04:29:06 --> Attempt to read property "req_id" on string
in APPPATH\Views\firewallrequest\pendingrequestlist.php on line 58.
 1 APPPATH\Views\firewallrequest\pendingrequestlist.php(58): CodeIgniter\Debug\Exceptions->errorHandler(2, 'Attempt to read property "req_id" on string', 'APPPATH\\Views\\firewallrequest\\pendingrequestlist.php', 58)
 2 SYSTEMPATH\View\View.php(213): include('APPPATH\\Views\\firewallrequest\\pendingrequestlist.php')
 3 SYSTEMPATH\View\View.php(216): CodeIgniter\View\View->CodeIgniter\View\{closure}()
 4 SYSTEMPATH\Common.php(1135): CodeIgniter\View\View->render('firewallrequest/pendingrequestlist', [], true)
 5 APPPATH\Controllers\Firewallrequest.php(62): view('firewallrequest/pendingrequestlist', [...])
 6 SYSTEMPATH\CodeIgniter.php(925): App\Controllers\Firewallrequest->pendingrequestlist()
 7 SYSTEMPATH\CodeIgniter.php(480): CodeIgniter\CodeIgniter->runController(Object(App\Controllers\Firewallrequest))
 8 SYSTEMPATH\CodeIgniter.php(349): CodeIgniter\CodeIgniter->handleRequest(null, Object(Config\Cache), false)
 9 FCPATH\index.php(67): CodeIgniter\CodeIgniter->run()
CRITICAL - 2023-05-26 04:29:06 --> Attempt to read property "req_id" on string
in APPPATH\Views\firewallrequest\pendingrequestlist.php on line 58.
 1 APPPATH\Views\firewallrequest\pendingrequestlist.php(58): CodeIgniter\Debug\Exceptions->errorHandler(2, 'Attempt to read property "req_id" on string', 'APPPATH\\Views\\firewallrequest\\pendingrequestlist.php', 58)
 2 SYSTEMPATH\View\View.php(213): include('APPPATH\\Views\\firewallrequest\\pendingrequestlist.php')
 3 SYSTEMPATH\View\View.php(216): CodeIgniter\View\View->CodeIgniter\View\{closure}()
 4 SYSTEMPATH\Common.php(1135): CodeIgniter\View\View->render('firewallrequest/pendingrequestlist', [], true)
 5 APPPATH\Controllers\Firewallrequest.php(62): view('firewallrequest/pendingrequestlist', [...])
 6 SYSTEMPATH\CodeIgniter.php(925): App\Controllers\Firewallrequest->pendingrequestlist()
 7 SYSTEMPATH\CodeIgniter.php(480): CodeIgniter\CodeIgniter->runController(Object(App\Controllers\Firewallrequest))
 8 SYSTEMPATH\CodeIgniter.php(349): CodeIgniter\CodeIgniter->handleRequest(null, Object(Config\Cache), false)
 9 FCPATH\index.php(67): CodeIgniter\CodeIgniter->run()
CRITICAL - 2023-05-26 04:29:07 --> Attempt to read property "req_id" on string
in APPPATH\Views\firewallrequest\pendingrequestlist.php on line 58.
 1 APPPATH\Views\firewallrequest\pendingrequestlist.php(58): CodeIgniter\Debug\Exceptions->errorHandler(2, 'Attempt to read property "req_id" on string', 'APPPATH\\Views\\firewallrequest\\pendingrequestlist.php', 58)
 2 SYSTEMPATH\View\View.php(213): include('APPPATH\\Views\\firewallrequest\\pendingrequestlist.php')
 3 SYSTEMPATH\View\View.php(216): CodeIgniter\View\View->CodeIgniter\View\{closure}()
 4 SYSTEMPATH\Common.php(1135): CodeIgniter\View\View->render('firewallrequest/pendingrequestlist', [], true)
 5 APPPATH\Controllers\Firewallrequest.php(62): view('firewallrequest/pendingrequestlist', [...])
 6 SYSTEMPATH\CodeIgniter.php(925): App\Controllers\Firewallrequest->pendingrequestlist()
 7 SYSTEMPATH\CodeIgniter.php(480): CodeIgniter\CodeIgniter->runController(Object(App\Controllers\Firewallrequest))
 8 SYSTEMPATH\CodeIgniter.php(349): CodeIgniter\CodeIgniter->handleRequest(null, Object(Config\Cache), false)
 9 FCPATH\index.php(67): CodeIgniter\CodeIgniter->run()
CRITICAL - 2023-05-26 05:23:22 --> The route for "not_good_id_method" cannot be found.
in SYSTEMPATH\HTTP\RedirectResponse.php on line 60.
 1 SYSTEMPATH\HTTP\RedirectResponse.php(60): CodeIgniter\HTTP\Exceptions\HTTPException::forInvalidRedirectRoute('not_good_id_method')
 2 SYSTEMPATH\Common.php(861): CodeIgniter\HTTP\RedirectResponse->route(false)
 3 APPPATH\Controllers\Firewallrequest.php(91): redirect('not_good_id_method', 'refresh')
 4 SYSTEMPATH\CodeIgniter.php(925): App\Controllers\Firewallrequest->getselectedreq('FCPATH\\images', 'logo.png')
 5 SYSTEMPATH\CodeIgniter.php(480): CodeIgniter\CodeIgniter->runController(Object(App\Controllers\Firewallrequest))
 6 SYSTEMPATH\CodeIgniter.php(349): CodeIgniter\CodeIgniter->handleRequest(null, Object(Config\Cache), false)
 7 FCPATH\index.php(67): CodeIgniter\CodeIgniter->run()
CRITICAL - 2023-05-26 05:23:22 --> The route for "not_good_id_method" cannot be found.
in SYSTEMPATH\HTTP\RedirectResponse.php on line 60.
 1 SYSTEMPATH\HTTP\RedirectResponse.php(60): CodeIgniter\HTTP\Exceptions\HTTPException::forInvalidRedirectRoute('not_good_id_method')
 2 SYSTEMPATH\Common.php(861): CodeIgniter\HTTP\RedirectResponse->route(false)
 3 APPPATH\Controllers\Firewallrequest.php(91): redirect('not_good_id_method', 'refresh')
 4 SYSTEMPATH\CodeIgniter.php(925): App\Controllers\Firewallrequest->getselectedreq('FCPATH\\images', 'logo-compact.png')
 5 SYSTEMPATH\CodeIgniter.php(480): CodeIgniter\CodeIgniter->runController(Object(App\Controllers\Firewallrequest))
 6 SYSTEMPATH\CodeIgniter.php(349): CodeIgniter\CodeIgniter->handleRequest(null, Object(Config\Cache), false)
 7 FCPATH\index.php(67): CodeIgniter\CodeIgniter->run()
CRITICAL - 2023-05-26 05:23:22 --> The route for "not_good_id_method" cannot be found.
in SYSTEMPATH\HTTP\RedirectResponse.php on line 60.
 1 SYSTEMPATH\HTTP\RedirectResponse.php(60): CodeIgniter\HTTP\Exceptions\HTTPException::forInvalidRedirectRoute('not_good_id_method')
 2 SYSTEMPATH\Common.php(861): CodeIgniter\HTTP\RedirectResponse->route(false)
 3 APPPATH\Controllers\Firewallrequest.php(91): redirect('not_good_id_method', 'refresh')
 4 SYSTEMPATH\CodeIgniter.php(925): App\Controllers\Firewallrequest->getselectedreq('FCPATH\\images', 'avatar', '2.jpg')
 5 SYSTEMPATH\CodeIgniter.php(480): CodeIgniter\CodeIgniter->runController(Object(App\Controllers\Firewallrequest))
 6 SYSTEMPATH\CodeIgniter.php(349): CodeIgniter\CodeIgniter->handleRequest(null, Object(Config\Cache), false)
 7 FCPATH\index.php(67): CodeIgniter\CodeIgniter->run()
CRITICAL - 2023-05-26 05:23:22 --> The route for "not_good_id_method" cannot be found.
in SYSTEMPATH\HTTP\RedirectResponse.php on line 60.
 1 SYSTEMPATH\HTTP\RedirectResponse.php(60): CodeIgniter\HTTP\Exceptions\HTTPException::forInvalidRedirectRoute('not_good_id_method')
 2 SYSTEMPATH\Common.php(861): CodeIgniter\HTTP\RedirectResponse->route(false)
 3 APPPATH\Controllers\Firewallrequest.php(91): redirect('not_good_id_method', 'refresh')
 4 SYSTEMPATH\CodeIgniter.php(925): App\Controllers\Firewallrequest->getselectedreq('FCPATH\\images', 'avatar', '3.jpg')
 5 SYSTEMPATH\CodeIgniter.php(480): CodeIgniter\CodeIgniter->runController(Object(App\Controllers\Firewallrequest))
 6 SYSTEMPATH\CodeIgniter.php(349): CodeIgniter\CodeIgniter->handleRequest(null, Object(Config\Cache), false)
 7 FCPATH\index.php(67): CodeIgniter\CodeIgniter->run()
CRITICAL - 2023-05-26 05:23:22 --> The route for "not_good_id_method" cannot be found.
in SYSTEMPATH\HTTP\RedirectResponse.php on line 60.
 1 SYSTEMPATH\HTTP\RedirectResponse.php(60): CodeIgniter\HTTP\Exceptions\HTTPException::forInvalidRedirectRoute('not_good_id_method')
 2 SYSTEMPATH\Common.php(861): CodeIgniter\HTTP\RedirectResponse->route(false)
 3 APPPATH\Controllers\Firewallrequest.php(91): redirect('not_good_id_method', 'refresh')
 4 SYSTEMPATH\CodeIgniter.php(925): App\Controllers\Firewallrequest->getselectedreq('FCPATH\\images', 'logo-text.png')
 5 SYSTEMPATH\CodeIgniter.php(480): CodeIgniter\CodeIgniter->runController(Object(App\Controllers\Firewallrequest))
 6 SYSTEMPATH\CodeIgniter.php(349): CodeIgniter\CodeIgniter->handleRequest(null, Object(Config\Cache), false)
 7 FCPATH\index.php(67): CodeIgniter\CodeIgniter->run()
CRITICAL - 2023-05-26 05:23:22 --> The route for "not_good_id_method" cannot be found.
in SYSTEMPATH\HTTP\RedirectResponse.php on line 60.
 1 SYSTEMPATH\HTTP\RedirectResponse.php(60): CodeIgniter\HTTP\Exceptions\HTTPException::forInvalidRedirectRoute('not_good_id_method')
 2 SYSTEMPATH\Common.php(861): CodeIgniter\HTTP\RedirectResponse->route(false)
 3 APPPATH\Controllers\Firewallrequest.php(91): redirect('not_good_id_method', 'refresh')
 4 SYSTEMPATH\CodeIgniter.php(925): App\Controllers\Firewallrequest->getselectedreq('FCPATH\\images', 'avatar', '1.jpg')
 5 SYSTEMPATH\CodeIgniter.php(480): CodeIgniter\CodeIgniter->runController(Object(App\Controllers\Firewallrequest))
 6 SYSTEMPATH\CodeIgniter.php(349): CodeIgniter\CodeIgniter->handleRequest(null, Object(Config\Cache), false)
 7 FCPATH\index.php(67): CodeIgniter\CodeIgniter->run()
CRITICAL - 2023-05-26 05:23:22 --> The route for "not_good_id_method" cannot be found.
in SYSTEMPATH\HTTP\RedirectResponse.php on line 60.
 1 SYSTEMPATH\HTTP\RedirectResponse.php(60): CodeIgniter\HTTP\Exceptions\HTTPException::forInvalidRedirectRoute('not_good_id_method')
 2 SYSTEMPATH\Common.php(861): CodeIgniter\HTTP\RedirectResponse->route(false)
 3 APPPATH\Controllers\Firewallrequest.php(91): redirect('not_good_id_method', 'refresh')
 4 SYSTEMPATH\CodeIgniter.php(925): App\Controllers\Firewallrequest->getselectedreq('FCPATH\\images', 'user', '1.png')
 5 SYSTEMPATH\CodeIgniter.php(480): CodeIgniter\CodeIgniter->runController(Object(App\Controllers\Firewallrequest))
 6 SYSTEMPATH\CodeIgniter.php(349): CodeIgniter\CodeIgniter->handleRequest(null, Object(Config\Cache), false)
 7 FCPATH\index.php(67): CodeIgniter\CodeIgniter->run()
CRITICAL - 2023-05-26 05:23:22 --> The route for "not_good_id_method" cannot be found.
in SYSTEMPATH\HTTP\RedirectResponse.php on line 60.
 1 SYSTEMPATH\HTTP\RedirectResponse.php(60): CodeIgniter\HTTP\Exceptions\HTTPException::forInvalidRedirectRoute('not_good_id_method')
 2 SYSTEMPATH\Common.php(861): CodeIgniter\HTTP\RedirectResponse->route(false)
 3 APPPATH\Controllers\Firewallrequest.php(91): redirect('not_good_id_method', 'refresh')
 4 SYSTEMPATH\CodeIgniter.php(925): App\Controllers\Firewallrequest->getselectedreq('FCPATH\\images', 'avatar', '4.jpg')
 5 SYSTEMPATH\CodeIgniter.php(480): CodeIgniter\CodeIgniter->runController(Object(App\Controllers\Firewallrequest))
 6 SYSTEMPATH\CodeIgniter.php(349): CodeIgniter\CodeIgniter->handleRequest(null, Object(Config\Cache), false)
 7 FCPATH\index.php(67): CodeIgniter\CodeIgniter->run()
CRITICAL - 2023-05-26 05:23:23 --> The route for "not_good_id_method" cannot be found.
in SYSTEMPATH\HTTP\RedirectResponse.php on line 60.
 1 SYSTEMPATH\HTTP\RedirectResponse.php(60): CodeIgniter\HTTP\Exceptions\HTTPException::forInvalidRedirectRoute('not_good_id_method')
 2 SYSTEMPATH\Common.php(861): CodeIgniter\HTTP\RedirectResponse->route(false)
 3 APPPATH\Controllers\Firewallrequest.php(91): redirect('not_good_id_method', 'refresh')
 4 SYSTEMPATH\CodeIgniter.php(925): App\Controllers\Firewallrequest->getselectedreq('FCPATH\\images', 'favicon.png')
 5 SYSTEMPATH\CodeIgniter.php(480): CodeIgniter\CodeIgniter->runController(Object(App\Controllers\Firewallrequest))
 6 SYSTEMPATH\CodeIgniter.php(349): CodeIgniter\CodeIgniter->handleRequest(null, Object(Config\Cache), false)
 7 FCPATH\index.php(67): CodeIgniter\CodeIgniter->run()
CRITICAL - 2023-05-26 05:23:39 --> Attempt to read property "req_id" on string
in APPPATH\Views\firewallrequest\pendingrequestlist.php on line 58.
 1 APPPATH\Views\firewallrequest\pendingrequestlist.php(58): CodeIgniter\Debug\Exceptions->errorHandler(2, 'Attempt to read property "req_id" on string', 'APPPATH\\Views\\firewallrequest\\pendingrequestlist.php', 58)
 2 SYSTEMPATH\View\View.php(213): include('APPPATH\\Views\\firewallrequest\\pendingrequestlist.php')
 3 SYSTEMPATH\View\View.php(216): CodeIgniter\View\View->CodeIgniter\View\{closure}()
 4 SYSTEMPATH\Common.php(1135): CodeIgniter\View\View->render('firewallrequest/pendingrequestlist', [], true)
 5 APPPATH\Controllers\Firewallrequest.php(62): view('firewallrequest/pendingrequestlist', [...])
 6 SYSTEMPATH\CodeIgniter.php(925): App\Controllers\Firewallrequest->pendingrequestlist()
 7 SYSTEMPATH\CodeIgniter.php(480): CodeIgniter\CodeIgniter->runController(Object(App\Controllers\Firewallrequest))
 8 SYSTEMPATH\CodeIgniter.php(349): CodeIgniter\CodeIgniter->handleRequest(null, Object(Config\Cache), false)
 9 FCPATH\index.php(67): CodeIgniter\CodeIgniter->run()
CRITICAL - 2023-05-26 05:25:01 --> Undefined property: mysqli::$req_id
in APPPATH\Views\firewallrequest\pendingrequestlist.php on line 58.
 1 APPPATH\Views\firewallrequest\pendingrequestlist.php(58): CodeIgniter\Debug\Exceptions->errorHandler(2, 'Undefined property: mysqli::$req_id', 'APPPATH\\Views\\firewallrequest\\pendingrequestlist.php', 58)
 2 SYSTEMPATH\View\View.php(213): include('APPPATH\\Views\\firewallrequest\\pendingrequestlist.php')
 3 SYSTEMPATH\View\View.php(216): CodeIgniter\View\View->CodeIgniter\View\{closure}()
 4 SYSTEMPATH\Common.php(1135): CodeIgniter\View\View->render('firewallrequest/pendingrequestlist', [], true)
 5 APPPATH\Controllers\Firewallrequest.php(62): view('firewallrequest/pendingrequestlist', [...])
 6 SYSTEMPATH\CodeIgniter.php(925): App\Controllers\Firewallrequest->pendingrequestlist()
 7 SYSTEMPATH\CodeIgniter.php(480): CodeIgniter\CodeIgniter->runController(Object(App\Controllers\Firewallrequest))
 8 SYSTEMPATH\CodeIgniter.php(349): CodeIgniter\CodeIgniter->handleRequest(null, Object(Config\Cache), false)
 9 FCPATH\index.php(67): CodeIgniter\CodeIgniter->run()
CRITICAL - 2023-05-26 05:29:14 --> Attempt to read property "req_id" on array
in APPPATH\Views\firewallrequest\pendingrequestlist.php on line 58.
 1 APPPATH\Views\firewallrequest\pendingrequestlist.php(58): CodeIgniter\Debug\Exceptions->errorHandler(2, 'Attempt to read property "req_id" on array', 'APPPATH\\Views\\firewallrequest\\pendingrequestlist.php', 58)
 2 SYSTEMPATH\View\View.php(213): include('APPPATH\\Views\\firewallrequest\\pendingrequestlist.php')
 3 SYSTEMPATH\View\View.php(216): CodeIgniter\View\View->CodeIgniter\View\{closure}()
 4 SYSTEMPATH\Common.php(1135): CodeIgniter\View\View->render('firewallrequest/pendingrequestlist', [], true)
 5 APPPATH\Controllers\Firewallrequest.php(62): view('firewallrequest/pendingrequestlist', [...])
 6 SYSTEMPATH\CodeIgniter.php(925): App\Controllers\Firewallrequest->pendingrequestlist()
 7 SYSTEMPATH\CodeIgniter.php(480): CodeIgniter\CodeIgniter->runController(Object(App\Controllers\Firewallrequest))
 8 SYSTEMPATH\CodeIgniter.php(349): CodeIgniter\CodeIgniter->handleRequest(null, Object(Config\Cache), false)
 9 FCPATH\index.php(67): CodeIgniter\CodeIgniter->run()
CRITICAL - 2023-05-26 05:30:27 --> Call to undefined method App\Models\FirewallRequestModel::getResult
in SYSTEMPATH\Model.php on line 807.
 1 APPPATH\Models\FirewallRequestModel.php(35): CodeIgniter\Model->__call('getResult', [])
 2 APPPATH\Controllers\Firewallrequest.php(59): App\Models\FirewallRequestModel->getRequests()
 3 SYSTEMPATH\CodeIgniter.php(925): App\Controllers\Firewallrequest->pendingrequestlist()
 4 SYSTEMPATH\CodeIgniter.php(480): CodeIgniter\CodeIgniter->runController(Object(App\Controllers\Firewallrequest))
 5 SYSTEMPATH\CodeIgniter.php(349): CodeIgniter\CodeIgniter->handleRequest(null, Object(Config\Cache), false)
 6 FCPATH\index.php(67): CodeIgniter\CodeIgniter->run()
CRITICAL - 2023-05-26 05:40:47 --> Cannot use object of type stdClass as array
in APPPATH\Views\firewallrequest\pendingrequestlist.php on line 58.
 1 SYSTEMPATH\View\View.php(213): include()
 2 SYSTEMPATH\View\View.php(216): CodeIgniter\View\View->CodeIgniter\View\{closure}()
 3 SYSTEMPATH\Common.php(1135): CodeIgniter\View\View->render('firewallrequest/pendingrequestlist', [], true)
 4 APPPATH\Controllers\Firewallrequest.php(62): view('firewallrequest/pendingrequestlist', [...])
 5 SYSTEMPATH\CodeIgniter.php(925): App\Controllers\Firewallrequest->pendingrequestlist()
 6 SYSTEMPATH\CodeIgniter.php(480): CodeIgniter\CodeIgniter->runController(Object(App\Controllers\Firewallrequest))
 7 SYSTEMPATH\CodeIgniter.php(349): CodeIgniter\CodeIgniter->handleRequest(null, Object(Config\Cache), false)
 8 FCPATH\index.php(67): CodeIgniter\CodeIgniter->run()
CRITICAL - 2023-05-26 05:41:24 --> Cannot use object of type stdClass as array
in APPPATH\Views\firewallrequest\pendingrequestlist.php on line 63.
 1 SYSTEMPATH\View\View.php(213): include()
 2 SYSTEMPATH\View\View.php(216): CodeIgniter\View\View->CodeIgniter\View\{closure}()
 3 SYSTEMPATH\Common.php(1135): CodeIgniter\View\View->render('firewallrequest/pendingrequestlist', [], true)
 4 APPPATH\Controllers\Firewallrequest.php(62): view('firewallrequest/pendingrequestlist', [...])
 5 SYSTEMPATH\CodeIgniter.php(925): App\Controllers\Firewallrequest->pendingrequestlist()
 6 SYSTEMPATH\CodeIgniter.php(480): CodeIgniter\CodeIgniter->runController(Object(App\Controllers\Firewallrequest))
 7 SYSTEMPATH\CodeIgniter.php(349): CodeIgniter\CodeIgniter->handleRequest(null, Object(Config\Cache), false)
 8 FCPATH\index.php(67): CodeIgniter\CodeIgniter->run()
CRITICAL - 2023-05-26 06:10:21 --> Undefined variable $pendingRequests
in APPPATH\Views\firewallauthentication\authenticationpanel.php on line 91.
 1 APPPATH\Views\firewallauthentication\authenticationpanel.php(91): CodeIgniter\Debug\Exceptions->errorHandler(2, 'Undefined variable $pendingRequests', 'APPPATH\\Views\\firewallauthentication\\authenticationpanel.php', 91)
 2 SYSTEMPATH\View\View.php(213): include('APPPATH\\Views\\firewallauthentication\\authenticationpanel.php')
 3 SYSTEMPATH\View\View.php(216): CodeIgniter\View\View->CodeIgniter\View\{closure}()
 4 SYSTEMPATH\Common.php(1135): CodeIgniter\View\View->render('firewallauthentication/authenticationpanel', [], true)
 5 APPPATH\Controllers\Firewallauthentication.php(21): view('firewallauthentication/authenticationpanel')
 6 SYSTEMPATH\CodeIgniter.php(925): App\Controllers\Firewallauthentication->authenticationpanel()
 7 SYSTEMPATH\CodeIgniter.php(480): CodeIgniter\CodeIgniter->runController(Object(App\Controllers\Firewallauthentication))
 8 SYSTEMPATH\CodeIgniter.php(349): CodeIgniter\CodeIgniter->handleRequest(null, Object(Config\Cache), false)
 9 FCPATH\index.php(67): CodeIgniter\CodeIgniter->run()
CRITICAL - 2023-05-26 08:04:45 --> Undefined variable $pendingRequests
in APPPATH\Views\firewallauthentication\authenticationpanel.php on line 91.
 1 APPPATH\Views\firewallauthentication\authenticationpanel.php(91): CodeIgniter\Debug\Exceptions->errorHandler(2, 'Undefined variable $pendingRequests', 'APPPATH\\Views\\firewallauthentication\\authenticationpanel.php', 91)
 2 SYSTEMPATH\View\View.php(213): include('APPPATH\\Views\\firewallauthentication\\authenticationpanel.php')
 3 SYSTEMPATH\View\View.php(216): CodeIgniter\View\View->CodeIgniter\View\{closure}()
 4 SYSTEMPATH\Common.php(1135): CodeIgniter\View\View->render('firewallauthentication/authenticationpanel', [], true)
 5 APPPATH\Controllers\Firewallauthentication.php(21): view('firewallauthentication/authenticationpanel')
 6 SYSTEMPATH\CodeIgniter.php(925): App\Controllers\Firewallauthentication->authenticationpanel()
 7 SYSTEMPATH\CodeIgniter.php(480): CodeIgniter\CodeIgniter->runController(Object(App\Controllers\Firewallauthentication))
 8 SYSTEMPATH\CodeIgniter.php(349): CodeIgniter\CodeIgniter->handleRequest(null, Object(Config\Cache), false)
 9 FCPATH\index.php(67): CodeIgniter\CodeIgniter->run()
CRITICAL - 2023-05-26 08:05:48 --> Undefined variable $pendingRequests
in APPPATH\Views\firewallauthentication\authenticationpanel.php on line 91.
 1 APPPATH\Views\firewallauthentication\authenticationpanel.php(91): CodeIgniter\Debug\Exceptions->errorHandler(2, 'Undefined variable $pendingRequests', 'APPPATH\\Views\\firewallauthentication\\authenticationpanel.php', 91)
 2 SYSTEMPATH\View\View.php(213): include('APPPATH\\Views\\firewallauthentication\\authenticationpanel.php')
 3 SYSTEMPATH\View\View.php(216): CodeIgniter\View\View->CodeIgniter\View\{closure}()
 4 SYSTEMPATH\Common.php(1135): CodeIgniter\View\View->render('firewallauthentication/authenticationpanel', [], true)
 5 APPPATH\Controllers\Firewallauthentication.php(21): view('firewallauthentication/authenticationpanel')
 6 SYSTEMPATH\CodeIgniter.php(925): App\Controllers\Firewallauthentication->authenticationpanel()
 7 SYSTEMPATH\CodeIgniter.php(480): CodeIgniter\CodeIgniter->runController(Object(App\Controllers\Firewallauthentication))
 8 SYSTEMPATH\CodeIgniter.php(349): CodeIgniter\CodeIgniter->handleRequest(null, Object(Config\Cache), false)
 9 FCPATH\index.php(67): CodeIgniter\CodeIgniter->run()
