CRITICAL - 2023-12-14 03:35:33 --> Undefined property: stdClass::$is_show
in APPPATH\Views\rolemanagement\rolemodel.php on line 62.
 1 APPPATH\Views\rolemanagement\rolemodel.php(62): CodeIgniter\Debug\Exceptions->errorHandler(2, 'Undefined property: stdClass::$is_show', 'APPPATH\\Views\\rolemanagement\\rolemodel.php', 62)
 2 SYSTEMPATH\View\View.php(213): include('APPPATH\\Views\\rolemanagement\\rolemodel.php')
 3 SYSTEMPATH\View\View.php(216): CodeIgniter\View\View->CodeIgniter\View\{closure}()
 4 SYSTEMPATH\Common.php(1135): CodeIgniter\View\View->render('rolemanagement/rolemodel', [], true)
 5 APPPATH\Controllers\Rolemanagement.php(75): view('rolemanagement/rolemodel', [...])
 6 SYSTEMPATH\CodeIgniter.php(925): App\Controllers\Rolemanagement->getrolegroupaccesslist('1')
 7 SYSTEMPATH\CodeIgniter.php(480): CodeIgniter\CodeIgniter->runController(Object(App\Controllers\Rolemanagement))
 8 SYSTEMPATH\CodeIgniter.php(349): CodeIgniter\CodeIgniter->handleRequest(null, Object(Config\Cache), false)
 9 FCPATH\index.php(67): CodeIgniter\CodeIgniter->run()
CRITICAL - 2023-12-14 05:27:11 --> syntax error, unexpected token "else"
in APPPATH\Views\rolemanagement\rolemodel.php on line 66.
 1 SYSTEMPATH\View\View.php(216): CodeIgniter\View\View->CodeIgniter\View\{closure}()
 2 SYSTEMPATH\Common.php(1135): CodeIgniter\View\View->render('rolemanagement/rolemodel', [], true)
 3 APPPATH\Controllers\Rolemanagement.php(75): view('rolemanagement/rolemodel', [...])
 4 SYSTEMPATH\CodeIgniter.php(925): App\Controllers\Rolemanagement->getrolegroupaccesslist('1')
 5 SYSTEMPATH\CodeIgniter.php(480): CodeIgniter\CodeIgniter->runController(Object(App\Controllers\Rolemanagement))
 6 SYSTEMPATH\CodeIgniter.php(349): CodeIgniter\CodeIgniter->handleRequest(null, Object(Config\Cache), false)
 7 FCPATH\index.php(67): CodeIgniter\CodeIgniter->run()
CRITICAL - 2023-12-14 05:28:12 --> syntax error, unexpected token "endif"
in APPPATH\Views\rolemanagement\rolemodel.php on line 68.
 1 SYSTEMPATH\View\View.php(216): CodeIgniter\View\View->CodeIgniter\View\{closure}()
 2 SYSTEMPATH\Common.php(1135): CodeIgniter\View\View->render('rolemanagement/rolemodel', [], true)
 3 APPPATH\Controllers\Rolemanagement.php(75): view('rolemanagement/rolemodel', [...])
 4 SYSTEMPATH\CodeIgniter.php(925): App\Controllers\Rolemanagement->getrolegroupaccesslist('1')
 5 SYSTEMPATH\CodeIgniter.php(480): CodeIgniter\CodeIgniter->runController(Object(App\Controllers\Rolemanagement))
 6 SYSTEMPATH\CodeIgniter.php(349): CodeIgniter\CodeIgniter->handleRequest(null, Object(Config\Cache), false)
 7 FCPATH\index.php(67): CodeIgniter\CodeIgniter->run()
CRITICAL - 2023-12-14 05:29:16 --> syntax error, unexpected token "else"
in APPPATH\Views\rolemanagement\rolemodel.php on line 66.
 1 SYSTEMPATH\View\View.php(216): CodeIgniter\View\View->CodeIgniter\View\{closure}()
 2 SYSTEMPATH\Common.php(1135): CodeIgniter\View\View->render('rolemanagement/rolemodel', [], true)
 3 APPPATH\Controllers\Rolemanagement.php(75): view('rolemanagement/rolemodel', [...])
 4 SYSTEMPATH\CodeIgniter.php(925): App\Controllers\Rolemanagement->getrolegroupaccesslist('1')
 5 SYSTEMPATH\CodeIgniter.php(480): CodeIgniter\CodeIgniter->runController(Object(App\Controllers\Rolemanagement))
 6 SYSTEMPATH\CodeIgniter.php(349): CodeIgniter\CodeIgniter->handleRequest(null, Object(Config\Cache), false)
 7 FCPATH\index.php(67): CodeIgniter\CodeIgniter->run()
CRITICAL - 2023-12-14 05:29:37 --> syntax error, unexpected token "elseif"
in APPPATH\Views\rolemanagement\rolemodel.php on line 66.
 1 SYSTEMPATH\View\View.php(216): CodeIgniter\View\View->CodeIgniter\View\{closure}()
 2 SYSTEMPATH\Common.php(1135): CodeIgniter\View\View->render('rolemanagement/rolemodel', [], true)
 3 APPPATH\Controllers\Rolemanagement.php(75): view('rolemanagement/rolemodel', [...])
 4 SYSTEMPATH\CodeIgniter.php(925): App\Controllers\Rolemanagement->getrolegroupaccesslist('1')
 5 SYSTEMPATH\CodeIgniter.php(480): CodeIgniter\CodeIgniter->runController(Object(App\Controllers\Rolemanagement))
 6 SYSTEMPATH\CodeIgniter.php(349): CodeIgniter\CodeIgniter->handleRequest(null, Object(Config\Cache), false)
 7 FCPATH\index.php(67): CodeIgniter\CodeIgniter->run()
CRITICAL - 2023-12-14 05:31:31 --> syntax error, unexpected token "endforeach", expecting "elseif" or "else" or "endif"
in APPPATH\Views\rolemanagement\rolemodel.php on line 70.
 1 SYSTEMPATH\View\View.php(216): CodeIgniter\View\View->CodeIgniter\View\{closure}()
 2 SYSTEMPATH\Common.php(1135): CodeIgniter\View\View->render('rolemanagement/rolemodel', [], true)
 3 APPPATH\Controllers\Rolemanagement.php(75): view('rolemanagement/rolemodel', [...])
 4 SYSTEMPATH\CodeIgniter.php(925): App\Controllers\Rolemanagement->getrolegroupaccesslist('1')
 5 SYSTEMPATH\CodeIgniter.php(480): CodeIgniter\CodeIgniter->runController(Object(App\Controllers\Rolemanagement))
 6 SYSTEMPATH\CodeIgniter.php(349): CodeIgniter\CodeIgniter->handleRequest(null, Object(Config\Cache), false)
 7 FCPATH\index.php(67): CodeIgniter\CodeIgniter->run()
CRITICAL - 2023-12-14 05:41:49 --> Undefined variable $selectedroleid
in APPPATH\Views\rolemanagement\rolemodel.php on line 42.
 1 APPPATH\Views\rolemanagement\rolemodel.php(42): CodeIgniter\Debug\Exceptions->errorHandler(2, 'Undefined variable $selectedroleid', 'APPPATH\\Views\\rolemanagement\\rolemodel.php', 42)
 2 SYSTEMPATH\View\View.php(213): include('APPPATH\\Views\\rolemanagement\\rolemodel.php')
 3 SYSTEMPATH\View\View.php(216): CodeIgniter\View\View->CodeIgniter\View\{closure}()
 4 SYSTEMPATH\Common.php(1135): CodeIgniter\View\View->render('rolemanagement/rolemodel', [], true)
 5 APPPATH\Controllers\Rolemanagement.php(84): view('rolemanagement/rolemodel', [...])
 6 SYSTEMPATH\CodeIgniter.php(925): App\Controllers\Rolemanagement->getrole()
 7 SYSTEMPATH\CodeIgniter.php(480): CodeIgniter\CodeIgniter->runController(Object(App\Controllers\Rolemanagement))
 8 SYSTEMPATH\CodeIgniter.php(349): CodeIgniter\CodeIgniter->handleRequest(null, Object(Config\Cache), false)
 9 FCPATH\index.php(67): CodeIgniter\CodeIgniter->run()
CRITICAL - 2023-12-14 05:41:52 --> Undefined variable $selectedroleid
in APPPATH\Views\rolemanagement\rolemodel.php on line 42.
 1 APPPATH\Views\rolemanagement\rolemodel.php(42): CodeIgniter\Debug\Exceptions->errorHandler(2, 'Undefined variable $selectedroleid', 'APPPATH\\Views\\rolemanagement\\rolemodel.php', 42)
 2 SYSTEMPATH\View\View.php(213): include('APPPATH\\Views\\rolemanagement\\rolemodel.php')
 3 SYSTEMPATH\View\View.php(216): CodeIgniter\View\View->CodeIgniter\View\{closure}()
 4 SYSTEMPATH\Common.php(1135): CodeIgniter\View\View->render('rolemanagement/rolemodel', [], true)
 5 APPPATH\Controllers\Rolemanagement.php(84): view('rolemanagement/rolemodel', [...])
 6 SYSTEMPATH\CodeIgniter.php(925): App\Controllers\Rolemanagement->getrole()
 7 SYSTEMPATH\CodeIgniter.php(480): CodeIgniter\CodeIgniter->runController(Object(App\Controllers\Rolemanagement))
 8 SYSTEMPATH\CodeIgniter.php(349): CodeIgniter\CodeIgniter->handleRequest(null, Object(Config\Cache), false)
 9 FCPATH\index.php(67): CodeIgniter\CodeIgniter->run()
CRITICAL - 2023-12-14 05:42:00 --> Undefined variable $selectedroleid
in APPPATH\Views\rolemanagement\rolemodel.php on line 42.
 1 APPPATH\Views\rolemanagement\rolemodel.php(42): CodeIgniter\Debug\Exceptions->errorHandler(2, 'Undefined variable $selectedroleid', 'APPPATH\\Views\\rolemanagement\\rolemodel.php', 42)
 2 SYSTEMPATH\View\View.php(213): include('APPPATH\\Views\\rolemanagement\\rolemodel.php')
 3 SYSTEMPATH\View\View.php(216): CodeIgniter\View\View->CodeIgniter\View\{closure}()
 4 SYSTEMPATH\Common.php(1135): CodeIgniter\View\View->render('rolemanagement/rolemodel', [], true)
 5 APPPATH\Controllers\Rolemanagement.php(84): view('rolemanagement/rolemodel', [...])
 6 SYSTEMPATH\CodeIgniter.php(925): App\Controllers\Rolemanagement->getrole()
 7 SYSTEMPATH\CodeIgniter.php(480): CodeIgniter\CodeIgniter->runController(Object(App\Controllers\Rolemanagement))
 8 SYSTEMPATH\CodeIgniter.php(349): CodeIgniter\CodeIgniter->handleRequest(null, Object(Config\Cache), false)
 9 FCPATH\index.php(67): CodeIgniter\CodeIgniter->run()
CRITICAL - 2023-12-14 05:42:52 --> Undefined variable $selectedroleid
in APPPATH\Views\rolemanagement\rolemodel.php on line 42.
 1 APPPATH\Views\rolemanagement\rolemodel.php(42): CodeIgniter\Debug\Exceptions->errorHandler(2, 'Undefined variable $selectedroleid', 'APPPATH\\Views\\rolemanagement\\rolemodel.php', 42)
 2 SYSTEMPATH\View\View.php(213): include('APPPATH\\Views\\rolemanagement\\rolemodel.php')
 3 SYSTEMPATH\View\View.php(216): CodeIgniter\View\View->CodeIgniter\View\{closure}()
 4 SYSTEMPATH\Common.php(1135): CodeIgniter\View\View->render('rolemanagement/rolemodel', [], true)
 5 APPPATH\Controllers\Rolemanagement.php(84): view('rolemanagement/rolemodel', [...])
 6 SYSTEMPATH\CodeIgniter.php(925): App\Controllers\Rolemanagement->getrole()
 7 SYSTEMPATH\CodeIgniter.php(480): CodeIgniter\CodeIgniter->runController(Object(App\Controllers\Rolemanagement))
 8 SYSTEMPATH\CodeIgniter.php(349): CodeIgniter\CodeIgniter->handleRequest(null, Object(Config\Cache), false)
 9 FCPATH\index.php(67): CodeIgniter\CodeIgniter->run()
CRITICAL - 2023-12-14 05:43:00 --> Undefined variable $selectedroleid
in APPPATH\Views\rolemanagement\rolemodel.php on line 42.
 1 APPPATH\Views\rolemanagement\rolemodel.php(42): CodeIgniter\Debug\Exceptions->errorHandler(2, 'Undefined variable $selectedroleid', 'APPPATH\\Views\\rolemanagement\\rolemodel.php', 42)
 2 SYSTEMPATH\View\View.php(213): include('APPPATH\\Views\\rolemanagement\\rolemodel.php')
 3 SYSTEMPATH\View\View.php(216): CodeIgniter\View\View->CodeIgniter\View\{closure}()
 4 SYSTEMPATH\Common.php(1135): CodeIgniter\View\View->render('rolemanagement/rolemodel', [], true)
 5 APPPATH\Controllers\Rolemanagement.php(84): view('rolemanagement/rolemodel', [...])
 6 SYSTEMPATH\CodeIgniter.php(925): App\Controllers\Rolemanagement->getrole()
 7 SYSTEMPATH\CodeIgniter.php(480): CodeIgniter\CodeIgniter->runController(Object(App\Controllers\Rolemanagement))
 8 SYSTEMPATH\CodeIgniter.php(349): CodeIgniter\CodeIgniter->handleRequest(null, Object(Config\Cache), false)
 9 FCPATH\index.php(67): CodeIgniter\CodeIgniter->run()
CRITICAL - 2023-12-14 05:44:16 --> Undefined variable $selectedroleid
in APPPATH\Views\rolemanagement\rolemodel.php on line 42.
 1 APPPATH\Views\rolemanagement\rolemodel.php(42): CodeIgniter\Debug\Exceptions->errorHandler(2, 'Undefined variable $selectedroleid', 'APPPATH\\Views\\rolemanagement\\rolemodel.php', 42)
 2 SYSTEMPATH\View\View.php(213): include('APPPATH\\Views\\rolemanagement\\rolemodel.php')
 3 SYSTEMPATH\View\View.php(216): CodeIgniter\View\View->CodeIgniter\View\{closure}()
 4 SYSTEMPATH\Common.php(1135): CodeIgniter\View\View->render('rolemanagement/rolemodel', [], true)
 5 APPPATH\Controllers\Rolemanagement.php(84): view('rolemanagement/rolemodel', [...])
 6 SYSTEMPATH\CodeIgniter.php(925): App\Controllers\Rolemanagement->getrole()
 7 SYSTEMPATH\CodeIgniter.php(480): CodeIgniter\CodeIgniter->runController(Object(App\Controllers\Rolemanagement))
 8 SYSTEMPATH\CodeIgniter.php(349): CodeIgniter\CodeIgniter->handleRequest(null, Object(Config\Cache), false)
 9 FCPATH\index.php(67): CodeIgniter\CodeIgniter->run()
CRITICAL - 2023-12-14 05:45:50 --> Undefined variable $selectedroleid
in APPPATH\Views\rolemanagement\rolemodel.php on line 42.
 1 APPPATH\Views\rolemanagement\rolemodel.php(42): CodeIgniter\Debug\Exceptions->errorHandler(2, 'Undefined variable $selectedroleid', 'APPPATH\\Views\\rolemanagement\\rolemodel.php', 42)
 2 SYSTEMPATH\View\View.php(213): include('APPPATH\\Views\\rolemanagement\\rolemodel.php')
 3 SYSTEMPATH\View\View.php(216): CodeIgniter\View\View->CodeIgniter\View\{closure}()
 4 SYSTEMPATH\Common.php(1135): CodeIgniter\View\View->render('rolemanagement/rolemodel', [], true)
 5 APPPATH\Controllers\Rolemanagement.php(84): view('rolemanagement/rolemodel', [...])
 6 SYSTEMPATH\CodeIgniter.php(925): App\Controllers\Rolemanagement->getrole()
 7 SYSTEMPATH\CodeIgniter.php(480): CodeIgniter\CodeIgniter->runController(Object(App\Controllers\Rolemanagement))
 8 SYSTEMPATH\CodeIgniter.php(349): CodeIgniter\CodeIgniter->handleRequest(null, Object(Config\Cache), false)
 9 FCPATH\index.php(67): CodeIgniter\CodeIgniter->run()
CRITICAL - 2023-12-14 05:45:52 --> Undefined variable $selectedroleid
in APPPATH\Views\rolemanagement\rolemodel.php on line 42.
 1 APPPATH\Views\rolemanagement\rolemodel.php(42): CodeIgniter\Debug\Exceptions->errorHandler(2, 'Undefined variable $selectedroleid', 'APPPATH\\Views\\rolemanagement\\rolemodel.php', 42)
 2 SYSTEMPATH\View\View.php(213): include('APPPATH\\Views\\rolemanagement\\rolemodel.php')
 3 SYSTEMPATH\View\View.php(216): CodeIgniter\View\View->CodeIgniter\View\{closure}()
 4 SYSTEMPATH\Common.php(1135): CodeIgniter\View\View->render('rolemanagement/rolemodel', [], true)
 5 APPPATH\Controllers\Rolemanagement.php(84): view('rolemanagement/rolemodel', [...])
 6 SYSTEMPATH\CodeIgniter.php(925): App\Controllers\Rolemanagement->getrole()
 7 SYSTEMPATH\CodeIgniter.php(480): CodeIgniter\CodeIgniter->runController(Object(App\Controllers\Rolemanagement))
 8 SYSTEMPATH\CodeIgniter.php(349): CodeIgniter\CodeIgniter->handleRequest(null, Object(Config\Cache), false)
 9 FCPATH\index.php(67): CodeIgniter\CodeIgniter->run()
CRITICAL - 2023-12-14 05:46:08 --> Undefined variable $selectedroleid
in APPPATH\Views\rolemanagement\rolemodel.php on line 42.
 1 APPPATH\Views\rolemanagement\rolemodel.php(42): CodeIgniter\Debug\Exceptions->errorHandler(2, 'Undefined variable $selectedroleid', 'APPPATH\\Views\\rolemanagement\\rolemodel.php', 42)
 2 SYSTEMPATH\View\View.php(213): include('APPPATH\\Views\\rolemanagement\\rolemodel.php')
 3 SYSTEMPATH\View\View.php(216): CodeIgniter\View\View->CodeIgniter\View\{closure}()
 4 SYSTEMPATH\Common.php(1135): CodeIgniter\View\View->render('rolemanagement/rolemodel', [], true)
 5 APPPATH\Controllers\Rolemanagement.php(84): view('rolemanagement/rolemodel', [...])
 6 SYSTEMPATH\CodeIgniter.php(925): App\Controllers\Rolemanagement->getrole()
 7 SYSTEMPATH\CodeIgniter.php(480): CodeIgniter\CodeIgniter->runController(Object(App\Controllers\Rolemanagement))
 8 SYSTEMPATH\CodeIgniter.php(349): CodeIgniter\CodeIgniter->handleRequest(null, Object(Config\Cache), false)
 9 FCPATH\index.php(67): CodeIgniter\CodeIgniter->run()
CRITICAL - 2023-12-14 05:46:47 --> Undefined variable $selectedroleid
in APPPATH\Views\rolemanagement\rolemodel.php on line 42.
 1 APPPATH\Views\rolemanagement\rolemodel.php(42): CodeIgniter\Debug\Exceptions->errorHandler(2, 'Undefined variable $selectedroleid', 'APPPATH\\Views\\rolemanagement\\rolemodel.php', 42)
 2 SYSTEMPATH\View\View.php(213): include('APPPATH\\Views\\rolemanagement\\rolemodel.php')
 3 SYSTEMPATH\View\View.php(216): CodeIgniter\View\View->CodeIgniter\View\{closure}()
 4 SYSTEMPATH\Common.php(1135): CodeIgniter\View\View->render('rolemanagement/rolemodel', [], true)
 5 APPPATH\Controllers\Rolemanagement.php(84): view('rolemanagement/rolemodel', [...])
 6 SYSTEMPATH\CodeIgniter.php(925): App\Controllers\Rolemanagement->getrole()
 7 SYSTEMPATH\CodeIgniter.php(480): CodeIgniter\CodeIgniter->runController(Object(App\Controllers\Rolemanagement))
 8 SYSTEMPATH\CodeIgniter.php(349): CodeIgniter\CodeIgniter->handleRequest(null, Object(Config\Cache), false)
 9 FCPATH\index.php(67): CodeIgniter\CodeIgniter->run()
CRITICAL - 2023-12-14 05:49:13 --> Undefined variable $selectedroleid
in APPPATH\Views\rolemanagement\rolemodel.php on line 42.
 1 APPPATH\Views\rolemanagement\rolemodel.php(42): CodeIgniter\Debug\Exceptions->errorHandler(2, 'Undefined variable $selectedroleid', 'APPPATH\\Views\\rolemanagement\\rolemodel.php', 42)
 2 SYSTEMPATH\View\View.php(213): include('APPPATH\\Views\\rolemanagement\\rolemodel.php')
 3 SYSTEMPATH\View\View.php(216): CodeIgniter\View\View->CodeIgniter\View\{closure}()
 4 SYSTEMPATH\Common.php(1135): CodeIgniter\View\View->render('rolemanagement/rolemodel', [], true)
 5 APPPATH\Controllers\Rolemanagement.php(84): view('rolemanagement/rolemodel', [...])
 6 SYSTEMPATH\CodeIgniter.php(925): App\Controllers\Rolemanagement->getrole()
 7 SYSTEMPATH\CodeIgniter.php(480): CodeIgniter\CodeIgniter->runController(Object(App\Controllers\Rolemanagement))
 8 SYSTEMPATH\CodeIgniter.php(349): CodeIgniter\CodeIgniter->handleRequest(null, Object(Config\Cache), false)
 9 FCPATH\index.php(67): CodeIgniter\CodeIgniter->run()
CRITICAL - 2023-12-14 05:52:07 --> Undefined variable $selectedroleid
in APPPATH\Views\rolemanagement\rolemodel.php on line 42.
 1 APPPATH\Views\rolemanagement\rolemodel.php(42): CodeIgniter\Debug\Exceptions->errorHandler(2, 'Undefined variable $selectedroleid', 'APPPATH\\Views\\rolemanagement\\rolemodel.php', 42)
 2 SYSTEMPATH\View\View.php(213): include('APPPATH\\Views\\rolemanagement\\rolemodel.php')
 3 SYSTEMPATH\View\View.php(216): CodeIgniter\View\View->CodeIgniter\View\{closure}()
 4 SYSTEMPATH\Common.php(1135): CodeIgniter\View\View->render('rolemanagement/rolemodel', [], true)
 5 APPPATH\Controllers\Rolemanagement.php(84): view('rolemanagement/rolemodel', [...])
 6 SYSTEMPATH\CodeIgniter.php(925): App\Controllers\Rolemanagement->getrole()
 7 SYSTEMPATH\CodeIgniter.php(480): CodeIgniter\CodeIgniter->runController(Object(App\Controllers\Rolemanagement))
 8 SYSTEMPATH\CodeIgniter.php(349): CodeIgniter\CodeIgniter->handleRequest(null, Object(Config\Cache), false)
 9 FCPATH\index.php(67): CodeIgniter\CodeIgniter->run()
CRITICAL - 2023-12-14 05:54:25 --> Undefined variable $rolegrouplist
in APPPATH\Views\rolemanagement\rolemodel.php on line 58.
 1 APPPATH\Views\rolemanagement\rolemodel.php(58): CodeIgniter\Debug\Exceptions->errorHandler(2, 'Undefined variable $rolegrouplist', 'APPPATH\\Views\\rolemanagement\\rolemodel.php', 58)
 2 SYSTEMPATH\View\View.php(213): include('APPPATH\\Views\\rolemanagement\\rolemodel.php')
 3 SYSTEMPATH\View\View.php(216): CodeIgniter\View\View->CodeIgniter\View\{closure}()
 4 SYSTEMPATH\Common.php(1135): CodeIgniter\View\View->render('rolemanagement/rolemodel', [], true)
 5 APPPATH\Controllers\Rolemanagement.php(84): view('rolemanagement/rolemodel', [...])
 6 SYSTEMPATH\CodeIgniter.php(925): App\Controllers\Rolemanagement->getrole()
 7 SYSTEMPATH\CodeIgniter.php(480): CodeIgniter\CodeIgniter->runController(Object(App\Controllers\Rolemanagement))
 8 SYSTEMPATH\CodeIgniter.php(349): CodeIgniter\CodeIgniter->handleRequest(null, Object(Config\Cache), false)
 9 FCPATH\index.php(67): CodeIgniter\CodeIgniter->run()
CRITICAL - 2023-12-14 23:46:40 --> Unclosed '{' on line 280
in APPPATH\Views\common\baselayout.php on line 436.
 1 SYSTEMPATH\View\View.php(216): CodeIgniter\View\View->CodeIgniter\View\{closure}()
 2 SYSTEMPATH\View\View.php(229): CodeIgniter\View\View->render('App\\Views\\common\\baselayout', [], true)
 3 SYSTEMPATH\Common.php(1135): CodeIgniter\View\View->render('firewallauthentication/authenticationpanel', [], true)
 4 APPPATH\Controllers\Firewallauthentication.php(32): view('firewallauthentication/authenticationpanel', [...])
 5 SYSTEMPATH\CodeIgniter.php(925): App\Controllers\Firewallauthentication->authenticationpanel()
 6 SYSTEMPATH\CodeIgniter.php(480): CodeIgniter\CodeIgniter->runController(Object(App\Controllers\Firewallauthentication))
 7 SYSTEMPATH\CodeIgniter.php(349): CodeIgniter\CodeIgniter->handleRequest(null, Object(Config\Cache), false)
 8 FCPATH\index.php(67): CodeIgniter\CodeIgniter->run()
