CRITICAL - 2024-03-15 08:19:41 --> Undefined array key "user_avatar"
in APPPATH\Views\usermanagement\editprofile.php on line 129.
 1 APPPATH\Views\usermanagement\editprofile.php(129): CodeIgniter\Debug\Exceptions->errorHandler(2, 'Undefined array key "user_avatar"', 'APPPATH\\Views\\usermanagement\\editprofile.php', 129)
 2 SYSTEMPATH\View\View.php(213): include('APPPATH\\Views\\usermanagement\\editprofile.php')
 3 SYSTEMPATH\View\View.php(216): CodeIgniter\View\View->CodeIgniter\View\{closure}()
 4 SYSTEMPATH\Common.php(1135): CodeIgniter\View\View->render('usermanagement/editprofile', [], true)
 5 APPPATH\Controllers\Usermanagement.php(292): view('usermanagement/editprofile', [...])
 6 SYSTEMPATH\CodeIgniter.php(925): App\Controllers\Usermanagement->loadprofileforedit()
 7 SYSTEMPATH\CodeIgniter.php(480): CodeIgniter\CodeIgniter->runController(Object(App\Controllers\Usermanagement))
 8 SYSTEMPATH\CodeIgniter.php(349): CodeIgniter\CodeIgniter->handleRequest(null, Object(Config\Cache), false)
 9 FCPATH\index.php(67): CodeIgniter\CodeIgniter->run()
CRITICAL - 2024-03-15 13:11:41 --> Call to undefined method CodeIgniter\Database\MySQLi\Connection::where()
in APPPATH\Models\UserModel.php on line 116.
 1 APPPATH\Controllers\Usermanagement.php(129): App\Models\UserModel->changepassword([...])
 2 SYSTEMPATH\CodeIgniter.php(925): App\Controllers\Usermanagement->pwdchange()
 3 SYSTEMPATH\CodeIgniter.php(480): CodeIgniter\CodeIgniter->runController(Object(App\Controllers\Usermanagement))
 4 SYSTEMPATH\CodeIgniter.php(349): CodeIgniter\CodeIgniter->handleRequest(null, Object(Config\Cache), false)
 5 FCPATH\index.php(67): CodeIgniter\CodeIgniter->run()
CRITICAL - 2024-03-15 13:11:45 --> Call to undefined method CodeIgniter\Database\MySQLi\Connection::where()
in APPPATH\Models\UserModel.php on line 116.
 1 APPPATH\Controllers\Usermanagement.php(129): App\Models\UserModel->changepassword([...])
 2 SYSTEMPATH\CodeIgniter.php(925): App\Controllers\Usermanagement->pwdchange()
 3 SYSTEMPATH\CodeIgniter.php(480): CodeIgniter\CodeIgniter->runController(Object(App\Controllers\Usermanagement))
 4 SYSTEMPATH\CodeIgniter.php(349): CodeIgniter\CodeIgniter->handleRequest(null, Object(Config\Cache), false)
 5 FCPATH\index.php(67): CodeIgniter\CodeIgniter->run()
CRITICAL - 2024-03-15 13:11:56 --> Call to undefined method CodeIgniter\Database\MySQLi\Connection::where()
in APPPATH\Models\UserModel.php on line 116.
 1 APPPATH\Controllers\Usermanagement.php(129): App\Models\UserModel->changepassword([...])
 2 SYSTEMPATH\CodeIgniter.php(925): App\Controllers\Usermanagement->pwdchange()
 3 SYSTEMPATH\CodeIgniter.php(480): CodeIgniter\CodeIgniter->runController(Object(App\Controllers\Usermanagement))
 4 SYSTEMPATH\CodeIgniter.php(349): CodeIgniter\CodeIgniter->handleRequest(null, Object(Config\Cache), false)
 5 FCPATH\index.php(67): CodeIgniter\CodeIgniter->run()
CRITICAL - 2024-03-15 13:11:59 --> Call to undefined method CodeIgniter\Database\MySQLi\Connection::where()
in APPPATH\Models\UserModel.php on line 116.
 1 APPPATH\Controllers\Usermanagement.php(129): App\Models\UserModel->changepassword([...])
 2 SYSTEMPATH\CodeIgniter.php(925): App\Controllers\Usermanagement->pwdchange()
 3 SYSTEMPATH\CodeIgniter.php(480): CodeIgniter\CodeIgniter->runController(Object(App\Controllers\Usermanagement))
 4 SYSTEMPATH\CodeIgniter.php(349): CodeIgniter\CodeIgniter->handleRequest(null, Object(Config\Cache), false)
 5 FCPATH\index.php(67): CodeIgniter\CodeIgniter->run()
CRITICAL - 2024-03-15 13:12:32 --> Call to undefined method CodeIgniter\Database\MySQLi\Connection::where()
in APPPATH\Models\UserModel.php on line 116.
 1 APPPATH\Controllers\Usermanagement.php(129): App\Models\UserModel->changepassword([...])
 2 SYSTEMPATH\CodeIgniter.php(925): App\Controllers\Usermanagement->pwdchange()
 3 SYSTEMPATH\CodeIgniter.php(480): CodeIgniter\CodeIgniter->runController(Object(App\Controllers\Usermanagement))
 4 SYSTEMPATH\CodeIgniter.php(349): CodeIgniter\CodeIgniter->handleRequest(null, Object(Config\Cache), false)
 5 FCPATH\index.php(67): CodeIgniter\CodeIgniter->run()
CRITICAL - 2024-03-15 13:18:50 --> Undefined variable $passwordData
in APPPATH\Models\UserModel.php on line 116.
 1 APPPATH\Models\UserModel.php(116): CodeIgniter\Debug\Exceptions->errorHandler(2, 'Undefined variable $passwordData', 'APPPATH\\Models\\UserModel.php', 116)
 2 APPPATH\Controllers\Usermanagement.php(129): App\Models\UserModel->changepassword([...])
 3 SYSTEMPATH\CodeIgniter.php(925): App\Controllers\Usermanagement->pwdchange()
 4 SYSTEMPATH\CodeIgniter.php(480): CodeIgniter\CodeIgniter->runController(Object(App\Controllers\Usermanagement))
 5 SYSTEMPATH\CodeIgniter.php(349): CodeIgniter\CodeIgniter->handleRequest(null, Object(Config\Cache), false)
 6 FCPATH\index.php(67): CodeIgniter\CodeIgniter->run()
CRITICAL - 2024-03-15 13:30:39 --> Undefined variable $passwordData
in APPPATH\Models\UserModel.php on line 116.
 1 APPPATH\Models\UserModel.php(116): CodeIgniter\Debug\Exceptions->errorHandler(2, 'Undefined variable $passwordData', 'APPPATH\\Models\\UserModel.php', 116)
 2 APPPATH\Controllers\Usermanagement.php(129): App\Models\UserModel->changepassword([...])
 3 SYSTEMPATH\CodeIgniter.php(925): App\Controllers\Usermanagement->pwdchange()
 4 SYSTEMPATH\CodeIgniter.php(480): CodeIgniter\CodeIgniter->runController(Object(App\Controllers\Usermanagement))
 5 SYSTEMPATH\CodeIgniter.php(349): CodeIgniter\CodeIgniter->handleRequest(null, Object(Config\Cache), false)
 6 FCPATH\index.php(67): CodeIgniter\CodeIgniter->run()
CRITICAL - 2024-03-15 13:30:46 --> Undefined variable $passwordData
in APPPATH\Models\UserModel.php on line 116.
 1 APPPATH\Models\UserModel.php(116): CodeIgniter\Debug\Exceptions->errorHandler(2, 'Undefined variable $passwordData', 'APPPATH\\Models\\UserModel.php', 116)
 2 APPPATH\Controllers\Usermanagement.php(129): App\Models\UserModel->changepassword([...])
 3 SYSTEMPATH\CodeIgniter.php(925): App\Controllers\Usermanagement->pwdchange()
 4 SYSTEMPATH\CodeIgniter.php(480): CodeIgniter\CodeIgniter->runController(Object(App\Controllers\Usermanagement))
 5 SYSTEMPATH\CodeIgniter.php(349): CodeIgniter\CodeIgniter->handleRequest(null, Object(Config\Cache), false)
 6 FCPATH\index.php(67): CodeIgniter\CodeIgniter->run()
CRITICAL - 2024-03-15 13:31:00 --> Undefined variable $passwordData
in APPPATH\Models\UserModel.php on line 116.
 1 APPPATH\Models\UserModel.php(116): CodeIgniter\Debug\Exceptions->errorHandler(2, 'Undefined variable $passwordData', 'APPPATH\\Models\\UserModel.php', 116)
 2 APPPATH\Controllers\Usermanagement.php(129): App\Models\UserModel->changepassword([...])
 3 SYSTEMPATH\CodeIgniter.php(925): App\Controllers\Usermanagement->pwdchange()
 4 SYSTEMPATH\CodeIgniter.php(480): CodeIgniter\CodeIgniter->runController(Object(App\Controllers\Usermanagement))
 5 SYSTEMPATH\CodeIgniter.php(349): CodeIgniter\CodeIgniter->handleRequest(null, Object(Config\Cache), false)
 6 FCPATH\index.php(67): CodeIgniter\CodeIgniter->run()
CRITICAL - 2024-03-15 13:31:58 --> Undefined variable $passwordData
in APPPATH\Models\UserModel.php on line 116.
 1 APPPATH\Models\UserModel.php(116): CodeIgniter\Debug\Exceptions->errorHandler(2, 'Undefined variable $passwordData', 'APPPATH\\Models\\UserModel.php', 116)
 2 APPPATH\Controllers\Usermanagement.php(129): App\Models\UserModel->changepassword([...])
 3 SYSTEMPATH\CodeIgniter.php(925): App\Controllers\Usermanagement->pwdchange()
 4 SYSTEMPATH\CodeIgniter.php(480): CodeIgniter\CodeIgniter->runController(Object(App\Controllers\Usermanagement))
 5 SYSTEMPATH\CodeIgniter.php(349): CodeIgniter\CodeIgniter->handleRequest(null, Object(Config\Cache), false)
 6 FCPATH\index.php(67): CodeIgniter\CodeIgniter->run()
CRITICAL - 2024-03-15 13:32:17 --> Undefined variable $passwordData
in APPPATH\Models\UserModel.php on line 116.
 1 APPPATH\Models\UserModel.php(116): CodeIgniter\Debug\Exceptions->errorHandler(2, 'Undefined variable $passwordData', 'APPPATH\\Models\\UserModel.php', 116)
 2 APPPATH\Controllers\Usermanagement.php(129): App\Models\UserModel->changepassword([...])
 3 SYSTEMPATH\CodeIgniter.php(925): App\Controllers\Usermanagement->pwdchange()
 4 SYSTEMPATH\CodeIgniter.php(480): CodeIgniter\CodeIgniter->runController(Object(App\Controllers\Usermanagement))
 5 SYSTEMPATH\CodeIgniter.php(349): CodeIgniter\CodeIgniter->handleRequest(null, Object(Config\Cache), false)
 6 FCPATH\index.php(67): CodeIgniter\CodeIgniter->run()
CRITICAL - 2024-03-15 13:53:52 --> Call to undefined method CodeIgniter\Database\MySQLi\Connection::set()
in APPPATH\Models\UserModel.php on line 116.
 1 APPPATH\Controllers\Usermanagement.php(129): App\Models\UserModel->changepassword([...])
 2 SYSTEMPATH\CodeIgniter.php(925): App\Controllers\Usermanagement->pwdchange()
 3 SYSTEMPATH\CodeIgniter.php(480): CodeIgniter\CodeIgniter->runController(Object(App\Controllers\Usermanagement))
 4 SYSTEMPATH\CodeIgniter.php(349): CodeIgniter\CodeIgniter->handleRequest(null, Object(Config\Cache), false)
 5 FCPATH\index.php(67): CodeIgniter\CodeIgniter->run()
CRITICAL - 2024-03-15 13:54:02 --> Call to undefined method CodeIgniter\Database\MySQLi\Connection::set()
in APPPATH\Models\UserModel.php on line 116.
 1 APPPATH\Controllers\Usermanagement.php(129): App\Models\UserModel->changepassword([...])
 2 SYSTEMPATH\CodeIgniter.php(925): App\Controllers\Usermanagement->pwdchange()
 3 SYSTEMPATH\CodeIgniter.php(480): CodeIgniter\CodeIgniter->runController(Object(App\Controllers\Usermanagement))
 4 SYSTEMPATH\CodeIgniter.php(349): CodeIgniter\CodeIgniter->handleRequest(null, Object(Config\Cache), false)
 5 FCPATH\index.php(67): CodeIgniter\CodeIgniter->run()
CRITICAL - 2024-03-15 13:54:03 --> Call to undefined method CodeIgniter\Database\MySQLi\Connection::set()
in APPPATH\Models\UserModel.php on line 116.
 1 APPPATH\Controllers\Usermanagement.php(129): App\Models\UserModel->changepassword([...])
 2 SYSTEMPATH\CodeIgniter.php(925): App\Controllers\Usermanagement->pwdchange()
 3 SYSTEMPATH\CodeIgniter.php(480): CodeIgniter\CodeIgniter->runController(Object(App\Controllers\Usermanagement))
 4 SYSTEMPATH\CodeIgniter.php(349): CodeIgniter\CodeIgniter->handleRequest(null, Object(Config\Cache), false)
 5 FCPATH\index.php(67): CodeIgniter\CodeIgniter->run()
CRITICAL - 2024-03-15 13:54:04 --> Call to undefined method CodeIgniter\Database\MySQLi\Connection::set()
in APPPATH\Models\UserModel.php on line 116.
 1 APPPATH\Controllers\Usermanagement.php(129): App\Models\UserModel->changepassword([...])
 2 SYSTEMPATH\CodeIgniter.php(925): App\Controllers\Usermanagement->pwdchange()
 3 SYSTEMPATH\CodeIgniter.php(480): CodeIgniter\CodeIgniter->runController(Object(App\Controllers\Usermanagement))
 4 SYSTEMPATH\CodeIgniter.php(349): CodeIgniter\CodeIgniter->handleRequest(null, Object(Config\Cache), false)
 5 FCPATH\index.php(67): CodeIgniter\CodeIgniter->run()
CRITICAL - 2024-03-15 13:54:28 --> Call to undefined method CodeIgniter\Database\MySQLi\Connection::set()
in APPPATH\Models\UserModel.php on line 116.
 1 APPPATH\Controllers\Usermanagement.php(129): App\Models\UserModel->changepassword([...])
 2 SYSTEMPATH\CodeIgniter.php(925): App\Controllers\Usermanagement->pwdchange()
 3 SYSTEMPATH\CodeIgniter.php(480): CodeIgniter\CodeIgniter->runController(Object(App\Controllers\Usermanagement))
 4 SYSTEMPATH\CodeIgniter.php(349): CodeIgniter\CodeIgniter->handleRequest(null, Object(Config\Cache), false)
 5 FCPATH\index.php(67): CodeIgniter\CodeIgniter->run()
CRITICAL - 2024-03-15 13:54:44 --> Call to undefined method CodeIgniter\Database\MySQLi\Connection::set()
in APPPATH\Models\UserModel.php on line 116.
 1 APPPATH\Controllers\Usermanagement.php(131): App\Models\UserModel->changepassword([...])
 2 SYSTEMPATH\CodeIgniter.php(925): App\Controllers\Usermanagement->pwdchange()
 3 SYSTEMPATH\CodeIgniter.php(480): CodeIgniter\CodeIgniter->runController(Object(App\Controllers\Usermanagement))
 4 SYSTEMPATH\CodeIgniter.php(349): CodeIgniter\CodeIgniter->handleRequest(null, Object(Config\Cache), false)
 5 FCPATH\index.php(67): CodeIgniter\CodeIgniter->run()
CRITICAL - 2024-03-15 13:54:51 --> Call to undefined method CodeIgniter\Database\MySQLi\Connection::set()
in APPPATH\Models\UserModel.php on line 116.
 1 APPPATH\Controllers\Usermanagement.php(131): App\Models\UserModel->changepassword([...])
 2 SYSTEMPATH\CodeIgniter.php(925): App\Controllers\Usermanagement->pwdchange()
 3 SYSTEMPATH\CodeIgniter.php(480): CodeIgniter\CodeIgniter->runController(Object(App\Controllers\Usermanagement))
 4 SYSTEMPATH\CodeIgniter.php(349): CodeIgniter\CodeIgniter->handleRequest(null, Object(Config\Cache), false)
 5 FCPATH\index.php(67): CodeIgniter\CodeIgniter->run()
CRITICAL - 2024-03-15 13:55:33 --> Call to undefined method CodeIgniter\Database\MySQLi\Connection::set()
in APPPATH\Models\UserModel.php on line 116.
 1 APPPATH\Controllers\Usermanagement.php(131): App\Models\UserModel->changepassword([...])
 2 SYSTEMPATH\CodeIgniter.php(925): App\Controllers\Usermanagement->pwdchange()
 3 SYSTEMPATH\CodeIgniter.php(480): CodeIgniter\CodeIgniter->runController(Object(App\Controllers\Usermanagement))
 4 SYSTEMPATH\CodeIgniter.php(349): CodeIgniter\CodeIgniter->handleRequest(null, Object(Config\Cache), false)
 5 FCPATH\index.php(67): CodeIgniter\CodeIgniter->run()
CRITICAL - 2024-03-15 13:55:42 --> Call to undefined method CodeIgniter\Database\MySQLi\Connection::set()
in APPPATH\Models\UserModel.php on line 116.
 1 APPPATH\Controllers\Usermanagement.php(131): App\Models\UserModel->changepassword([...])
 2 SYSTEMPATH\CodeIgniter.php(925): App\Controllers\Usermanagement->pwdchange()
 3 SYSTEMPATH\CodeIgniter.php(480): CodeIgniter\CodeIgniter->runController(Object(App\Controllers\Usermanagement))
 4 SYSTEMPATH\CodeIgniter.php(349): CodeIgniter\CodeIgniter->handleRequest(null, Object(Config\Cache), false)
 5 FCPATH\index.php(67): CodeIgniter\CodeIgniter->run()
CRITICAL - 2024-03-15 14:04:51 --> Call to undefined method CodeIgniter\Database\MySQLi\Connection::set()
in APPPATH\Models\UserModel.php on line 116.
 1 APPPATH\Controllers\Usermanagement.php(131): App\Models\UserModel->changepassword([...])
 2 SYSTEMPATH\CodeIgniter.php(925): App\Controllers\Usermanagement->pwdchange()
 3 SYSTEMPATH\CodeIgniter.php(480): CodeIgniter\CodeIgniter->runController(Object(App\Controllers\Usermanagement))
 4 SYSTEMPATH\CodeIgniter.php(349): CodeIgniter\CodeIgniter->handleRequest(null, Object(Config\Cache), false)
 5 FCPATH\index.php(67): CodeIgniter\CodeIgniter->run()
CRITICAL - 2024-03-15 14:05:12 --> Call to undefined method CodeIgniter\Database\MySQLi\Connection::set()
in APPPATH\Models\UserModel.php on line 116.
 1 APPPATH\Controllers\Usermanagement.php(131): App\Models\UserModel->changepassword([...])
 2 SYSTEMPATH\CodeIgniter.php(925): App\Controllers\Usermanagement->pwdchange()
 3 SYSTEMPATH\CodeIgniter.php(480): CodeIgniter\CodeIgniter->runController(Object(App\Controllers\Usermanagement))
 4 SYSTEMPATH\CodeIgniter.php(349): CodeIgniter\CodeIgniter->handleRequest(null, Object(Config\Cache), false)
 5 FCPATH\index.php(67): CodeIgniter\CodeIgniter->run()
CRITICAL - 2024-03-15 14:07:15 --> Call to undefined method CodeIgniter\Database\MySQLi\Connection::set()
in APPPATH\Models\UserModel.php on line 116.
 1 APPPATH\Controllers\Usermanagement.php(131): App\Models\UserModel->changepassword([...])
 2 SYSTEMPATH\CodeIgniter.php(925): App\Controllers\Usermanagement->pwdchange()
 3 SYSTEMPATH\CodeIgniter.php(480): CodeIgniter\CodeIgniter->runController(Object(App\Controllers\Usermanagement))
 4 SYSTEMPATH\CodeIgniter.php(349): CodeIgniter\CodeIgniter->handleRequest(null, Object(Config\Cache), false)
 5 FCPATH\index.php(67): CodeIgniter\CodeIgniter->run()
