CRITICAL - 2023-11-03 03:36:35 --> Undefined variable $pendingRequests
in APPPATH\Views\rolemanagement\addrole.php on line 74.
 1 APPPATH\Views\rolemanagement\addrole.php(74): CodeIgniter\Debug\Exceptions->errorHandler(2, 'Undefined variable $pendingRequests', 'APPPATH\\Views\\rolemanagement\\addrole.php', 74)
 2 SYSTEMPATH\View\View.php(213): include('APPPATH\\Views\\rolemanagement\\addrole.php')
 3 SYSTEMPATH\View\View.php(216): CodeIgniter\View\View->CodeIgniter\View\{closure}()
 4 SYSTEMPATH\Common.php(1135): CodeIgniter\View\View->render('rolemanagement/addrole', [], true)
 5 APPPATH\Controllers\Rolemanagement.php(25): view('rolemanagement/addrole', [...])
 6 SYSTEMPATH\CodeIgniter.php(925): App\Controllers\Rolemanagement->getrolelist()
 7 SYSTEMPATH\CodeIgniter.php(480): CodeIgniter\CodeIgniter->runController(Object(App\Controllers\Rolemanagement))
 8 SYSTEMPATH\CodeIgniter.php(349): CodeIgniter\CodeIgniter->handleRequest(null, Object(Config\Cache), false)
 9 FCPATH\index.php(67): CodeIgniter\CodeIgniter->run()
CRITICAL - 2023-11-03 03:37:05 --> syntax error, unexpected token "<", expecting ";"
in APPPATH\Views\rolemanagement\addrole.php on line 74.
 1 SYSTEMPATH\View\View.php(216): CodeIgniter\View\View->CodeIgniter\View\{closure}()
 2 SYSTEMPATH\Common.php(1135): CodeIgniter\View\View->render('rolemanagement/addrole', [], true)
 3 APPPATH\Controllers\Rolemanagement.php(25): view('rolemanagement/addrole', [...])
 4 SYSTEMPATH\CodeIgniter.php(925): App\Controllers\Rolemanagement->getrolelist()
 5 SYSTEMPATH\CodeIgniter.php(480): CodeIgniter\CodeIgniter->runController(Object(App\Controllers\Rolemanagement))
 6 SYSTEMPATH\CodeIgniter.php(349): CodeIgniter\CodeIgniter->handleRequest(null, Object(Config\Cache), false)
 7 FCPATH\index.php(67): CodeIgniter\CodeIgniter->run()
CRITICAL - 2023-11-03 03:37:10 --> syntax error, unexpected token "<", expecting ";"
in APPPATH\Views\rolemanagement\addrole.php on line 74.
 1 SYSTEMPATH\View\View.php(216): CodeIgniter\View\View->CodeIgniter\View\{closure}()
 2 SYSTEMPATH\Common.php(1135): CodeIgniter\View\View->render('rolemanagement/addrole', [], true)
 3 APPPATH\Controllers\Rolemanagement.php(25): view('rolemanagement/addrole', [...])
 4 SYSTEMPATH\CodeIgniter.php(925): App\Controllers\Rolemanagement->getrolelist()
 5 SYSTEMPATH\CodeIgniter.php(480): CodeIgniter\CodeIgniter->runController(Object(App\Controllers\Rolemanagement))
 6 SYSTEMPATH\CodeIgniter.php(349): CodeIgniter\CodeIgniter->handleRequest(null, Object(Config\Cache), false)
 7 FCPATH\index.php(67): CodeIgniter\CodeIgniter->run()
CRITICAL - 2023-11-03 03:38:50 --> Undefined variable $request
in APPPATH\Views\rolemanagement\addrole.php on line 80.
 1 APPPATH\Views\rolemanagement\addrole.php(80): CodeIgniter\Debug\Exceptions->errorHandler(2, 'Undefined variable $request', 'APPPATH\\Views\\rolemanagement\\addrole.php', 80)
 2 SYSTEMPATH\View\View.php(213): include('APPPATH\\Views\\rolemanagement\\addrole.php')
 3 SYSTEMPATH\View\View.php(216): CodeIgniter\View\View->CodeIgniter\View\{closure}()
 4 SYSTEMPATH\Common.php(1135): CodeIgniter\View\View->render('rolemanagement/addrole', [], true)
 5 APPPATH\Controllers\Rolemanagement.php(25): view('rolemanagement/addrole', [...])
 6 SYSTEMPATH\CodeIgniter.php(925): App\Controllers\Rolemanagement->getrolelist()
 7 SYSTEMPATH\CodeIgniter.php(480): CodeIgniter\CodeIgniter->runController(Object(App\Controllers\Rolemanagement))
 8 SYSTEMPATH\CodeIgniter.php(349): CodeIgniter\CodeIgniter->handleRequest(null, Object(Config\Cache), false)
 9 FCPATH\index.php(67): CodeIgniter\CodeIgniter->run()
CRITICAL - 2023-11-03 04:37:45 --> Undefined variable $request
in APPPATH\Views\rolemanagement\addrole.php on line 43.
 1 APPPATH\Views\rolemanagement\addrole.php(43): CodeIgniter\Debug\Exceptions->errorHandler(2, 'Undefined variable $request', 'APPPATH\\Views\\rolemanagement\\addrole.php', 43)
 2 SYSTEMPATH\View\View.php(213): include('APPPATH\\Views\\rolemanagement\\addrole.php')
 3 SYSTEMPATH\View\View.php(216): CodeIgniter\View\View->CodeIgniter\View\{closure}()
 4 SYSTEMPATH\Common.php(1135): CodeIgniter\View\View->render('rolemanagement/addrole', [], true)
 5 APPPATH\Controllers\Rolemanagement.php(24): view('rolemanagement/addrole', [...])
 6 SYSTEMPATH\CodeIgniter.php(925): App\Controllers\Rolemanagement->getrolelist()
 7 SYSTEMPATH\CodeIgniter.php(480): CodeIgniter\CodeIgniter->runController(Object(App\Controllers\Rolemanagement))
 8 SYSTEMPATH\CodeIgniter.php(349): CodeIgniter\CodeIgniter->handleRequest(null, Object(Config\Cache), false)
 9 FCPATH\index.php(67): CodeIgniter\CodeIgniter->run()
ERROR - 2023-11-03 04:58:40 --> mysqli_sql_exception: Unknown column 'staffmember' in 'field list' in C:\xampp\htdocs\IT_form_management\system\Database\MySQLi\Connection.php:292
Stack trace:
#0 C:\xampp\htdocs\IT_form_management\system\Database\MySQLi\Connection.php(292): mysqli->query('INSERT INTO `us...', 0)
#1 C:\xampp\htdocs\IT_form_management\system\Database\BaseConnection.php(666): CodeIgniter\Database\MySQLi\Connection->execute('INSERT INTO `us...')
#2 C:\xampp\htdocs\IT_form_management\system\Database\BaseConnection.php(593): CodeIgniter\Database\BaseConnection->simpleQuery('INSERT INTO `us...')
#3 C:\xampp\htdocs\IT_form_management\system\Database\BaseBuilder.php(1916): CodeIgniter\Database\BaseConnection->query('INSERT INTO `us...', Array, false)
#4 C:\xampp\htdocs\IT_form_management\system\Model.php(303): CodeIgniter\Database\BaseBuilder->insert()
#5 C:\xampp\htdocs\IT_form_management\system\BaseModel.php(750): CodeIgniter\Model->doInsert(Array)
#6 C:\xampp\htdocs\IT_form_management\system\Model.php(695): CodeIgniter\BaseModel->insert(Array, true)
#7 C:\xampp\htdocs\IT_form_management\app\Models\RoleModel.php(41): CodeIgniter\Model->insert(Array)
#8 C:\xampp\htdocs\IT_form_management\app\Controllers\Rolemanagement.php(34): App\Models\RoleModel->saveRole(Array)
#9 C:\xampp\htdocs\IT_form_management\system\CodeIgniter.php(925): App\Controllers\Rolemanagement->save()
#10 C:\xampp\htdocs\IT_form_management\system\CodeIgniter.php(480): CodeIgniter\CodeIgniter->runController(Object(App\Controllers\Rolemanagement))
#11 C:\xampp\htdocs\IT_form_management\system\CodeIgniter.php(349): CodeIgniter\CodeIgniter->handleRequest(NULL, Object(Config\Cache), false)
#12 C:\xampp\htdocs\IT_form_management\public\index.php(67): CodeIgniter\CodeIgniter->run()
#13 {main}
CRITICAL - 2023-11-03 04:58:40 --> Unknown column 'staffmember' in 'field list'
in SYSTEMPATH\Database\MySQLi\Connection.php on line 292.
 1 SYSTEMPATH\Database\MySQLi\Connection.php(292): mysqli->query('INSERT INTO `userrolemaster` (`staffmember`) VALUES (\'aa\')', 0)
 2 SYSTEMPATH\Database\BaseConnection.php(666): CodeIgniter\Database\MySQLi\Connection->execute('INSERT INTO `userrolemaster` (`staffmember`) VALUES (\'aa\')')
 3 SYSTEMPATH\Database\BaseConnection.php(593): CodeIgniter\Database\BaseConnection->simpleQuery('INSERT INTO `userrolemaster` (`staffmember`) VALUES (\'aa\')')
 4 SYSTEMPATH\Database\BaseBuilder.php(1916): CodeIgniter\Database\BaseConnection->query('INSERT INTO `userrolemaster` (`staffmember`) VALUES (:staffmember:)', [...], false)
 5 SYSTEMPATH\Model.php(303): CodeIgniter\Database\BaseBuilder->insert()
 6 SYSTEMPATH\BaseModel.php(750): CodeIgniter\Model->doInsert([...])
 7 SYSTEMPATH\Model.php(695): CodeIgniter\BaseModel->insert([...], true)
 8 APPPATH\Models\RoleModel.php(41): CodeIgniter\Model->insert([...])
 9 APPPATH\Controllers\Rolemanagement.php(34): App\Models\RoleModel->saveRole([...])
10 SYSTEMPATH\CodeIgniter.php(925): App\Controllers\Rolemanagement->save()
11 SYSTEMPATH\CodeIgniter.php(480): CodeIgniter\CodeIgniter->runController(Object(App\Controllers\Rolemanagement))
12 SYSTEMPATH\CodeIgniter.php(349): CodeIgniter\CodeIgniter->handleRequest(null, Object(Config\Cache), false)
13 FCPATH\index.php(67): CodeIgniter\CodeIgniter->run()
