CRITICAL - 2024-03-19 02:24:28 --> Call to undefined method App\Controllers\InternetRequest::checkSession()
in APPPATH\Controllers\InternetRequest.php on line 26.
 1 SYSTEMPATH\CodeIgniter.php(925): App\Controllers\InternetRequest->save_internet()
 2 SYSTEMPATH\CodeIgniter.php(480): CodeIgniter\CodeIgniter->runController(Object(App\Controllers\InternetRequest))
 3 SYSTEMPATH\CodeIgniter.php(349): CodeIgniter\CodeIgniter->handleRequest(null, Object(Config\Cache), false)
 4 FCPATH\index.php(67): CodeIgniter\CodeIgniter->run()
CRITICAL - 2024-03-19 02:24:29 --> Call to undefined method App\Controllers\InternetRequest::checkSession()
in APPPATH\Controllers\InternetRequest.php on line 26.
 1 SYSTEMPATH\CodeIgniter.php(925): App\Controllers\InternetRequest->save_internet()
 2 SYSTEMPATH\CodeIgniter.php(480): CodeIgniter\CodeIgniter->runController(Object(App\Controllers\InternetRequest))
 3 SYSTEMPATH\CodeIgniter.php(349): CodeIgniter\CodeIgniter->handleRequest(null, Object(Config\Cache), false)
 4 FCPATH\index.php(67): CodeIgniter\CodeIgniter->run()
CRITICAL - 2024-03-19 02:24:43 --> Call to undefined method App\Controllers\InternetRequest::checkSession()
in APPPATH\Controllers\InternetRequest.php on line 26.
 1 SYSTEMPATH\CodeIgniter.php(925): App\Controllers\InternetRequest->save_internet()
 2 SYSTEMPATH\CodeIgniter.php(480): CodeIgniter\CodeIgniter->runController(Object(App\Controllers\InternetRequest))
 3 SYSTEMPATH\CodeIgniter.php(349): CodeIgniter\CodeIgniter->handleRequest(null, Object(Config\Cache), false)
 4 FCPATH\index.php(67): CodeIgniter\CodeIgniter->run()
CRITICAL - 2024-03-19 02:28:27 --> Call to undefined method App\Controllers\InternetRequest::checkSession()
in APPPATH\Controllers\InternetRequest.php on line 26.
 1 SYSTEMPATH\CodeIgniter.php(925): App\Controllers\InternetRequest->save_internet()
 2 SYSTEMPATH\CodeIgniter.php(480): CodeIgniter\CodeIgniter->runController(Object(App\Controllers\InternetRequest))
 3 SYSTEMPATH\CodeIgniter.php(349): CodeIgniter\CodeIgniter->handleRequest(null, Object(Config\Cache), false)
 4 FCPATH\index.php(67): CodeIgniter\CodeIgniter->run()
CRITICAL - 2024-03-19 02:32:47 --> Call to undefined method App\Controllers\InternetRequest::checkSession()
in APPPATH\Controllers\InternetRequest.php on line 26.
 1 SYSTEMPATH\CodeIgniter.php(925): App\Controllers\InternetRequest->save_internet()
 2 SYSTEMPATH\CodeIgniter.php(480): CodeIgniter\CodeIgniter->runController(Object(App\Controllers\InternetRequest))
 3 SYSTEMPATH\CodeIgniter.php(349): CodeIgniter\CodeIgniter->handleRequest(null, Object(Config\Cache), false)
 4 FCPATH\index.php(67): CodeIgniter\CodeIgniter->run()
CRITICAL - 2024-03-19 02:34:09 --> Call to undefined method App\Controllers\InternetRequest::checkSession()
in APPPATH\Controllers\InternetRequest.php on line 26.
 1 SYSTEMPATH\CodeIgniter.php(925): App\Controllers\InternetRequest->save_internet()
 2 SYSTEMPATH\CodeIgniter.php(480): CodeIgniter\CodeIgniter->runController(Object(App\Controllers\InternetRequest))
 3 SYSTEMPATH\CodeIgniter.php(349): CodeIgniter\CodeIgniter->handleRequest(null, Object(Config\Cache), false)
 4 FCPATH\index.php(67): CodeIgniter\CodeIgniter->run()
CRITICAL - 2024-03-19 02:35:01 --> Call to undefined method App\Controllers\InternetRequest::checkSession()
in APPPATH\Controllers\InternetRequest.php on line 26.
 1 SYSTEMPATH\CodeIgniter.php(925): App\Controllers\InternetRequest->save_internet()
 2 SYSTEMPATH\CodeIgniter.php(480): CodeIgniter\CodeIgniter->runController(Object(App\Controllers\InternetRequest))
 3 SYSTEMPATH\CodeIgniter.php(349): CodeIgniter\CodeIgniter->handleRequest(null, Object(Config\Cache), false)
 4 FCPATH\index.php(67): CodeIgniter\CodeIgniter->run()
CRITICAL - 2024-03-19 02:35:04 --> Call to undefined method App\Controllers\InternetRequest::checkSession()
in APPPATH\Controllers\InternetRequest.php on line 26.
 1 SYSTEMPATH\CodeIgniter.php(925): App\Controllers\InternetRequest->save_internet()
 2 SYSTEMPATH\CodeIgniter.php(480): CodeIgniter\CodeIgniter->runController(Object(App\Controllers\InternetRequest))
 3 SYSTEMPATH\CodeIgniter.php(349): CodeIgniter\CodeIgniter->handleRequest(null, Object(Config\Cache), false)
 4 FCPATH\index.php(67): CodeIgniter\CodeIgniter->run()
CRITICAL - 2024-03-19 02:35:04 --> Call to undefined method App\Controllers\InternetRequest::checkSession()
in APPPATH\Controllers\InternetRequest.php on line 26.
 1 SYSTEMPATH\CodeIgniter.php(925): App\Controllers\InternetRequest->save_internet()
 2 SYSTEMPATH\CodeIgniter.php(480): CodeIgniter\CodeIgniter->runController(Object(App\Controllers\InternetRequest))
 3 SYSTEMPATH\CodeIgniter.php(349): CodeIgniter\CodeIgniter->handleRequest(null, Object(Config\Cache), false)
 4 FCPATH\index.php(67): CodeIgniter\CodeIgniter->run()
CRITICAL - 2024-03-19 02:35:04 --> Call to undefined method App\Controllers\InternetRequest::checkSession()
in APPPATH\Controllers\InternetRequest.php on line 26.
 1 SYSTEMPATH\CodeIgniter.php(925): App\Controllers\InternetRequest->save_internet()
 2 SYSTEMPATH\CodeIgniter.php(480): CodeIgniter\CodeIgniter->runController(Object(App\Controllers\InternetRequest))
 3 SYSTEMPATH\CodeIgniter.php(349): CodeIgniter\CodeIgniter->handleRequest(null, Object(Config\Cache), false)
 4 FCPATH\index.php(67): CodeIgniter\CodeIgniter->run()
CRITICAL - 2024-03-19 03:03:02 --> Call to undefined method App\Controllers\InternetRequest::checkSession()
in APPPATH\Controllers\InternetRequest.php on line 26.
 1 SYSTEMPATH\CodeIgniter.php(925): App\Controllers\InternetRequest->save_internet()
 2 SYSTEMPATH\CodeIgniter.php(480): CodeIgniter\CodeIgniter->runController(Object(App\Controllers\InternetRequest))
 3 SYSTEMPATH\CodeIgniter.php(349): CodeIgniter\CodeIgniter->handleRequest(null, Object(Config\Cache), false)
 4 FCPATH\index.php(67): CodeIgniter\CodeIgniter->run()
CRITICAL - 2024-03-19 03:07:40 --> Call to undefined method App\Controllers\InternetRequest::checkSession()
in APPPATH\Controllers\InternetRequest.php on line 26.
 1 SYSTEMPATH\CodeIgniter.php(925): App\Controllers\InternetRequest->save_internet()
 2 SYSTEMPATH\CodeIgniter.php(480): CodeIgniter\CodeIgniter->runController(Object(App\Controllers\InternetRequest))
 3 SYSTEMPATH\CodeIgniter.php(349): CodeIgniter\CodeIgniter->handleRequest(null, Object(Config\Cache), false)
 4 FCPATH\index.php(67): CodeIgniter\CodeIgniter->run()
CRITICAL - 2024-03-19 03:08:47 --> Call to undefined method App\Controllers\InternetRequest::checkSession()
in APPPATH\Controllers\InternetRequest.php on line 26.
 1 SYSTEMPATH\CodeIgniter.php(925): App\Controllers\InternetRequest->save_internet()
 2 SYSTEMPATH\CodeIgniter.php(480): CodeIgniter\CodeIgniter->runController(Object(App\Controllers\InternetRequest))
 3 SYSTEMPATH\CodeIgniter.php(349): CodeIgniter\CodeIgniter->handleRequest(null, Object(Config\Cache), false)
 4 FCPATH\index.php(67): CodeIgniter\CodeIgniter->run()
CRITICAL - 2024-03-19 03:13:28 --> Call to undefined method App\Controllers\InternetRequest::checkSession()
in APPPATH\Controllers\InternetRequest.php on line 26.
 1 SYSTEMPATH\CodeIgniter.php(925): App\Controllers\InternetRequest->save_internet()
 2 SYSTEMPATH\CodeIgniter.php(480): CodeIgniter\CodeIgniter->runController(Object(App\Controllers\InternetRequest))
 3 SYSTEMPATH\CodeIgniter.php(349): CodeIgniter\CodeIgniter->handleRequest(null, Object(Config\Cache), false)
 4 FCPATH\index.php(67): CodeIgniter\CodeIgniter->run()
CRITICAL - 2024-03-19 03:15:47 --> Call to undefined method App\Controllers\InternetRequest::checkSession()
in APPPATH\Controllers\InternetRequest.php on line 26.
 1 SYSTEMPATH\CodeIgniter.php(925): App\Controllers\InternetRequest->save_internet()
 2 SYSTEMPATH\CodeIgniter.php(480): CodeIgniter\CodeIgniter->runController(Object(App\Controllers\InternetRequest))
 3 SYSTEMPATH\CodeIgniter.php(349): CodeIgniter\CodeIgniter->handleRequest(null, Object(Config\Cache), false)
 4 FCPATH\index.php(67): CodeIgniter\CodeIgniter->run()
CRITICAL - 2024-03-19 03:40:31 --> Invalid file: internetrequest/addinternet.php
in SYSTEMPATH\Exceptions\FrameworkException.php on line 33.
 1 SYSTEMPATH\View\View.php(201): CodeIgniter\Exceptions\FrameworkException::forInvalidFile('internetrequest/addinternet.php')
 2 SYSTEMPATH\Common.php(1135): CodeIgniter\View\View->render('internetrequest/addinternet', [], true)
 3 APPPATH\Controllers\Firewallrequest.php(107): view('internetrequest/addinternet', [...])
 4 SYSTEMPATH\CodeIgniter.php(925): App\Controllers\Firewallrequest->addinternet()
 5 SYSTEMPATH\CodeIgniter.php(480): CodeIgniter\CodeIgniter->runController(Object(App\Controllers\Firewallrequest))
 6 SYSTEMPATH\CodeIgniter.php(349): CodeIgniter\CodeIgniter->handleRequest(null, Object(Config\Cache), false)
 7 FCPATH\index.php(67): CodeIgniter\CodeIgniter->run()
CRITICAL - 2024-03-19 03:59:56 --> Invalid file: internetrequest/addinternet.php
in SYSTEMPATH\Exceptions\FrameworkException.php on line 33.
 1 SYSTEMPATH\View\View.php(201): CodeIgniter\Exceptions\FrameworkException::forInvalidFile('internetrequest/addinternet.php')
 2 SYSTEMPATH\Common.php(1135): CodeIgniter\View\View->render('internetrequest/addinternet', [], true)
 3 APPPATH\Controllers\Firewallrequest.php(107): view('internetrequest/addinternet', [...])
 4 SYSTEMPATH\CodeIgniter.php(925): App\Controllers\Firewallrequest->addinternet()
 5 SYSTEMPATH\CodeIgniter.php(480): CodeIgniter\CodeIgniter->runController(Object(App\Controllers\Firewallrequest))
 6 SYSTEMPATH\CodeIgniter.php(349): CodeIgniter\CodeIgniter->handleRequest(null, Object(Config\Cache), false)
 7 FCPATH\index.php(67): CodeIgniter\CodeIgniter->run()
CRITICAL - 2024-03-19 04:00:53 --> Invalid file: internetrequest/addinternet.php
in SYSTEMPATH\Exceptions\FrameworkException.php on line 33.
 1 SYSTEMPATH\View\View.php(201): CodeIgniter\Exceptions\FrameworkException::forInvalidFile('internetrequest/addinternet.php')
 2 SYSTEMPATH\Common.php(1135): CodeIgniter\View\View->render('internetrequest/addinternet', [], true)
 3 APPPATH\Controllers\Firewallrequest.php(107): view('internetrequest/addinternet', [...])
 4 SYSTEMPATH\CodeIgniter.php(925): App\Controllers\Firewallrequest->addinternet()
 5 SYSTEMPATH\CodeIgniter.php(480): CodeIgniter\CodeIgniter->runController(Object(App\Controllers\Firewallrequest))
 6 SYSTEMPATH\CodeIgniter.php(349): CodeIgniter\CodeIgniter->handleRequest(null, Object(Config\Cache), false)
 7 FCPATH\index.php(67): CodeIgniter\CodeIgniter->run()
CRITICAL - 2024-03-19 04:03:05 --> Invalid file: internetrequest/addinternet.php
in SYSTEMPATH\Exceptions\FrameworkException.php on line 33.
 1 SYSTEMPATH\View\View.php(201): CodeIgniter\Exceptions\FrameworkException::forInvalidFile('internetrequest/addinternet.php')
 2 SYSTEMPATH\Common.php(1135): CodeIgniter\View\View->render('internetrequest/addinternet', [], true)
 3 APPPATH\Controllers\Firewallrequest.php(107): view('internetrequest/addinternet', [...])
 4 SYSTEMPATH\CodeIgniter.php(925): App\Controllers\Firewallrequest->addinternet()
 5 SYSTEMPATH\CodeIgniter.php(480): CodeIgniter\CodeIgniter->runController(Object(App\Controllers\Firewallrequest))
 6 SYSTEMPATH\CodeIgniter.php(349): CodeIgniter\CodeIgniter->handleRequest(null, Object(Config\Cache), false)
 7 FCPATH\index.php(67): CodeIgniter\CodeIgniter->run()
CRITICAL - 2024-03-19 04:03:40 --> Invalid file: internetrequest/addinternet.php
in SYSTEMPATH\Exceptions\FrameworkException.php on line 33.
 1 SYSTEMPATH\View\View.php(201): CodeIgniter\Exceptions\FrameworkException::forInvalidFile('internetrequest/addinternet.php')
 2 SYSTEMPATH\Common.php(1135): CodeIgniter\View\View->render('internetrequest/addinternet', [], true)
 3 APPPATH\Controllers\Firewallrequest.php(107): view('internetrequest/addinternet', [...])
 4 SYSTEMPATH\CodeIgniter.php(925): App\Controllers\Firewallrequest->addinternet()
 5 SYSTEMPATH\CodeIgniter.php(480): CodeIgniter\CodeIgniter->runController(Object(App\Controllers\Firewallrequest))
 6 SYSTEMPATH\CodeIgniter.php(349): CodeIgniter\CodeIgniter->handleRequest(null, Object(Config\Cache), false)
 7 FCPATH\index.php(67): CodeIgniter\CodeIgniter->run()
CRITICAL - 2024-03-19 09:08:11 --> Class "App\Models\RequestLogModel" not found
in APPPATH\Controllers\Requestlogcontroller.php on line 18.
 1 SYSTEMPATH\CodeIgniter.php(887): App\Controllers\Requestlogcontroller->__construct()
 2 SYSTEMPATH\CodeIgniter.php(471): CodeIgniter\CodeIgniter->createController()
 3 SYSTEMPATH\CodeIgniter.php(349): CodeIgniter\CodeIgniter->handleRequest(null, Object(Config\Cache), false)
 4 FCPATH\index.php(67): CodeIgniter\CodeIgniter->run()
CRITICAL - 2024-03-19 11:22:20 --> Class "App\Models\RequestLogModel" not found
in APPPATH\Controllers\Requestlogcontroller.php on line 18.
 1 SYSTEMPATH\CodeIgniter.php(887): App\Controllers\Requestlogcontroller->__construct()
 2 SYSTEMPATH\CodeIgniter.php(471): CodeIgniter\CodeIgniter->createController()
 3 SYSTEMPATH\CodeIgniter.php(349): CodeIgniter\CodeIgniter->handleRequest(null, Object(Config\Cache), false)
 4 FCPATH\index.php(67): CodeIgniter\CodeIgniter->run()
CRITICAL - 2024-03-19 11:23:01 --> Class "App\Models\RequestLogModel" not found
in APPPATH\Controllers\Requestlogcontroller.php on line 18.
 1 SYSTEMPATH\CodeIgniter.php(887): App\Controllers\Requestlogcontroller->__construct()
 2 SYSTEMPATH\CodeIgniter.php(471): CodeIgniter\CodeIgniter->createController()
 3 SYSTEMPATH\CodeIgniter.php(349): CodeIgniter\CodeIgniter->handleRequest(null, Object(Config\Cache), false)
 4 FCPATH\index.php(67): CodeIgniter\CodeIgniter->run()
CRITICAL - 2024-03-19 21:55:51 --> Class "App\Models\RequestLogModel" not found
in APPPATH\Controllers\Requestlogcontroller.php on line 18.
 1 SYSTEMPATH\CodeIgniter.php(888): App\Controllers\Requestlogcontroller->__construct()
 2 SYSTEMPATH\CodeIgniter.php(471): CodeIgniter\CodeIgniter->createController()
 3 SYSTEMPATH\CodeIgniter.php(349): CodeIgniter\CodeIgniter->handleRequest(null, Object(Config\Cache), false)
 4 FCPATH\index.php(67): CodeIgniter\CodeIgniter->run()
CRITICAL - 2024-03-19 22:28:49 --> The route for "not_good_id_method" cannot be found.
in SYSTEMPATH\HTTP\RedirectResponse.php on line 60.
 1 SYSTEMPATH\HTTP\RedirectResponse.php(60): CodeIgniter\HTTP\Exceptions\HTTPException::forInvalidRedirectRoute('not_good_id_method')
 2 SYSTEMPATH\Common.php(861): CodeIgniter\HTTP\RedirectResponse->route(false)
 3 APPPATH\Controllers\Firewallrequest.php(358): redirect('not_good_id_method', 'refresh')
 4 SYSTEMPATH\CodeIgniter.php(926): App\Controllers\Firewallrequest->getselectedreq('FCPATH\\images', 'user', '1.png')
 5 SYSTEMPATH\CodeIgniter.php(480): CodeIgniter\CodeIgniter->runController(Object(App\Controllers\Firewallrequest))
 6 SYSTEMPATH\CodeIgniter.php(349): CodeIgniter\CodeIgniter->handleRequest(null, Object(Config\Cache), false)
 7 FCPATH\index.php(67): CodeIgniter\CodeIgniter->run()
CRITICAL - 2024-03-19 22:28:49 --> The route for "not_good_id_method" cannot be found.
in SYSTEMPATH\HTTP\RedirectResponse.php on line 60.
 1 SYSTEMPATH\HTTP\RedirectResponse.php(60): CodeIgniter\HTTP\Exceptions\HTTPException::forInvalidRedirectRoute('not_good_id_method')
 2 SYSTEMPATH\Common.php(861): CodeIgniter\HTTP\RedirectResponse->route(false)
 3 APPPATH\Controllers\Firewallrequest.php(358): redirect('not_good_id_method', 'refresh')
 4 SYSTEMPATH\CodeIgniter.php(926): App\Controllers\Firewallrequest->getselectedreq('FCPATH\\plugins', 'sweetalert', 'FCPATH\\js', 'sweetalert.min.js')
 5 SYSTEMPATH\CodeIgniter.php(480): CodeIgniter\CodeIgniter->runController(Object(App\Controllers\Firewallrequest))
 6 SYSTEMPATH\CodeIgniter.php(349): CodeIgniter\CodeIgniter->handleRequest(null, Object(Config\Cache), false)
 7 FCPATH\index.php(67): CodeIgniter\CodeIgniter->run()
CRITICAL - 2024-03-19 22:28:49 --> The route for "not_good_id_method" cannot be found.
in SYSTEMPATH\HTTP\RedirectResponse.php on line 60.
 1 SYSTEMPATH\HTTP\RedirectResponse.php(60): CodeIgniter\HTTP\Exceptions\HTTPException::forInvalidRedirectRoute('not_good_id_method')
 2 SYSTEMPATH\Common.php(861): CodeIgniter\HTTP\RedirectResponse->route(false)
 3 APPPATH\Controllers\Firewallrequest.php(358): redirect('not_good_id_method', 'refresh')
 4 SYSTEMPATH\CodeIgniter.php(926): App\Controllers\Firewallrequest->getselectedreq('FCPATH\\plugins', 'sweetalert', 'FCPATH\\js', 'sweetalert.init.js')
 5 SYSTEMPATH\CodeIgniter.php(480): CodeIgniter\CodeIgniter->runController(Object(App\Controllers\Firewallrequest))
 6 SYSTEMPATH\CodeIgniter.php(349): CodeIgniter\CodeIgniter->handleRequest(null, Object(Config\Cache), false)
 7 FCPATH\index.php(67): CodeIgniter\CodeIgniter->run()
CRITICAL - 2024-03-19 22:28:49 --> The route for "not_good_id_method" cannot be found.
in SYSTEMPATH\HTTP\RedirectResponse.php on line 60.
 1 SYSTEMPATH\HTTP\RedirectResponse.php(60): CodeIgniter\HTTP\Exceptions\HTTPException::forInvalidRedirectRoute('not_good_id_method')
 2 SYSTEMPATH\Common.php(861): CodeIgniter\HTTP\RedirectResponse->route(false)
 3 APPPATH\Controllers\Firewallrequest.php(358): redirect('not_good_id_method', 'refresh')
 4 SYSTEMPATH\CodeIgniter.php(926): App\Controllers\Firewallrequest->getselectedreq('FCPATH\\images', 'favicon.png')
 5 SYSTEMPATH\CodeIgniter.php(480): CodeIgniter\CodeIgniter->runController(Object(App\Controllers\Firewallrequest))
 6 SYSTEMPATH\CodeIgniter.php(349): CodeIgniter\CodeIgniter->handleRequest(null, Object(Config\Cache), false)
 7 FCPATH\index.php(67): CodeIgniter\CodeIgniter->run()
CRITICAL - 2024-03-19 23:48:39 --> The route for "not_good_id_method" cannot be found.
in SYSTEMPATH\HTTP\RedirectResponse.php on line 60.
 1 SYSTEMPATH\HTTP\RedirectResponse.php(60): CodeIgniter\HTTP\Exceptions\HTTPException::forInvalidRedirectRoute('not_good_id_method')
 2 SYSTEMPATH\Common.php(861): CodeIgniter\HTTP\RedirectResponse->route(false)
 3 APPPATH\Controllers\Firewallrequest.php(358): redirect('not_good_id_method', 'refresh')
 4 SYSTEMPATH\CodeIgniter.php(926): App\Controllers\Firewallrequest->getselectedreq('FCPATH\\plugins', 'sweetalert', 'FCPATH\\js', 'sweetalert.min.js')
 5 SYSTEMPATH\CodeIgniter.php(480): CodeIgniter\CodeIgniter->runController(Object(App\Controllers\Firewallrequest))
 6 SYSTEMPATH\CodeIgniter.php(349): CodeIgniter\CodeIgniter->handleRequest(null, Object(Config\Cache), false)
 7 FCPATH\index.php(67): CodeIgniter\CodeIgniter->run()
CRITICAL - 2024-03-19 23:48:39 --> The route for "not_good_id_method" cannot be found.
in SYSTEMPATH\HTTP\RedirectResponse.php on line 60.
 1 SYSTEMPATH\HTTP\RedirectResponse.php(60): CodeIgniter\HTTP\Exceptions\HTTPException::forInvalidRedirectRoute('not_good_id_method')
 2 SYSTEMPATH\Common.php(861): CodeIgniter\HTTP\RedirectResponse->route(false)
 3 APPPATH\Controllers\Firewallrequest.php(358): redirect('not_good_id_method', 'refresh')
 4 SYSTEMPATH\CodeIgniter.php(926): App\Controllers\Firewallrequest->getselectedreq('FCPATH\\plugins', 'sweetalert', 'FCPATH\\js', 'sweetalert.init.js')
 5 SYSTEMPATH\CodeIgniter.php(480): CodeIgniter\CodeIgniter->runController(Object(App\Controllers\Firewallrequest))
 6 SYSTEMPATH\CodeIgniter.php(349): CodeIgniter\CodeIgniter->handleRequest(null, Object(Config\Cache), false)
 7 FCPATH\index.php(67): CodeIgniter\CodeIgniter->run()
CRITICAL - 2024-03-19 23:48:39 --> The route for "not_good_id_method" cannot be found.
in SYSTEMPATH\HTTP\RedirectResponse.php on line 60.
 1 SYSTEMPATH\HTTP\RedirectResponse.php(60): CodeIgniter\HTTP\Exceptions\HTTPException::forInvalidRedirectRoute('not_good_id_method')
 2 SYSTEMPATH\Common.php(861): CodeIgniter\HTTP\RedirectResponse->route(false)
 3 APPPATH\Controllers\Firewallrequest.php(358): redirect('not_good_id_method', 'refresh')
 4 SYSTEMPATH\CodeIgniter.php(926): App\Controllers\Firewallrequest->getselectedreq('FCPATH\\images', 'user', '1.png')
 5 SYSTEMPATH\CodeIgniter.php(480): CodeIgniter\CodeIgniter->runController(Object(App\Controllers\Firewallrequest))
 6 SYSTEMPATH\CodeIgniter.php(349): CodeIgniter\CodeIgniter->handleRequest(null, Object(Config\Cache), false)
 7 FCPATH\index.php(67): CodeIgniter\CodeIgniter->run()
CRITICAL - 2024-03-19 23:49:02 --> The route for "not_good_id_method" cannot be found.
in SYSTEMPATH\HTTP\RedirectResponse.php on line 60.
 1 SYSTEMPATH\HTTP\RedirectResponse.php(60): CodeIgniter\HTTP\Exceptions\HTTPException::forInvalidRedirectRoute('not_good_id_method')
 2 SYSTEMPATH\Common.php(861): CodeIgniter\HTTP\RedirectResponse->route(false)
 3 APPPATH\Controllers\Firewallrequest.php(358): redirect('not_good_id_method', 'refresh')
 4 SYSTEMPATH\CodeIgniter.php(926): App\Controllers\Firewallrequest->getselectedreq('FCPATH\\images', 'user', '1.png')
 5 SYSTEMPATH\CodeIgniter.php(480): CodeIgniter\CodeIgniter->runController(Object(App\Controllers\Firewallrequest))
 6 SYSTEMPATH\CodeIgniter.php(349): CodeIgniter\CodeIgniter->handleRequest(null, Object(Config\Cache), false)
 7 FCPATH\index.php(67): CodeIgniter\CodeIgniter->run()
CRITICAL - 2024-03-19 23:49:02 --> The route for "not_good_id_method" cannot be found.
in SYSTEMPATH\HTTP\RedirectResponse.php on line 60.
 1 SYSTEMPATH\HTTP\RedirectResponse.php(60): CodeIgniter\HTTP\Exceptions\HTTPException::forInvalidRedirectRoute('not_good_id_method')
 2 SYSTEMPATH\Common.php(861): CodeIgniter\HTTP\RedirectResponse->route(false)
 3 APPPATH\Controllers\Firewallrequest.php(358): redirect('not_good_id_method', 'refresh')
 4 SYSTEMPATH\CodeIgniter.php(926): App\Controllers\Firewallrequest->getselectedreq('FCPATH\\plugins', 'sweetalert', 'FCPATH\\js', 'sweetalert.min.js')
 5 SYSTEMPATH\CodeIgniter.php(480): CodeIgniter\CodeIgniter->runController(Object(App\Controllers\Firewallrequest))
 6 SYSTEMPATH\CodeIgniter.php(349): CodeIgniter\CodeIgniter->handleRequest(null, Object(Config\Cache), false)
 7 FCPATH\index.php(67): CodeIgniter\CodeIgniter->run()
CRITICAL - 2024-03-19 23:49:02 --> The route for "not_good_id_method" cannot be found.
in SYSTEMPATH\HTTP\RedirectResponse.php on line 60.
 1 SYSTEMPATH\HTTP\RedirectResponse.php(60): CodeIgniter\HTTP\Exceptions\HTTPException::forInvalidRedirectRoute('not_good_id_method')
 2 SYSTEMPATH\Common.php(861): CodeIgniter\HTTP\RedirectResponse->route(false)
 3 APPPATH\Controllers\Firewallrequest.php(358): redirect('not_good_id_method', 'refresh')
 4 SYSTEMPATH\CodeIgniter.php(926): App\Controllers\Firewallrequest->getselectedreq('FCPATH\\plugins', 'sweetalert', 'FCPATH\\js', 'sweetalert.init.js')
 5 SYSTEMPATH\CodeIgniter.php(480): CodeIgniter\CodeIgniter->runController(Object(App\Controllers\Firewallrequest))
 6 SYSTEMPATH\CodeIgniter.php(349): CodeIgniter\CodeIgniter->handleRequest(null, Object(Config\Cache), false)
 7 FCPATH\index.php(67): CodeIgniter\CodeIgniter->run()
CRITICAL - 2024-03-19 23:49:03 --> The route for "not_good_id_method" cannot be found.
in SYSTEMPATH\HTTP\RedirectResponse.php on line 60.
 1 SYSTEMPATH\HTTP\RedirectResponse.php(60): CodeIgniter\HTTP\Exceptions\HTTPException::forInvalidRedirectRoute('not_good_id_method')
 2 SYSTEMPATH\Common.php(861): CodeIgniter\HTTP\RedirectResponse->route(false)
 3 APPPATH\Controllers\Firewallrequest.php(358): redirect('not_good_id_method', 'refresh')
 4 SYSTEMPATH\CodeIgniter.php(926): App\Controllers\Firewallrequest->getselectedreq('FCPATH\\images', 'favicon.png')
 5 SYSTEMPATH\CodeIgniter.php(480): CodeIgniter\CodeIgniter->runController(Object(App\Controllers\Firewallrequest))
 6 SYSTEMPATH\CodeIgniter.php(349): CodeIgniter\CodeIgniter->handleRequest(null, Object(Config\Cache), false)
 7 FCPATH\index.php(67): CodeIgniter\CodeIgniter->run()
