CRITICAL - 2024-03-16 23:00:26 --> Undefined variable $dval1
in APPPATH\Views\common\baselayout.php on line 371.
 1 APPPATH\Views\common\baselayout.php(371): CodeIgniter\Debug\Exceptions->errorHandler(2, 'Undefined variable $dval1', 'APPPATH\\Views\\common\\baselayout.php', 371)
 2 SYSTEMPATH\View\View.php(213): include('APPPATH\\Views\\common\\baselayout.php')
 3 SYSTEMPATH\View\View.php(216): CodeIgniter\View\View->CodeIgniter\View\{closure}()
 4 SYSTEMPATH\View\View.php(229): CodeIgniter\View\View->render('App\\Views\\common\\baselayout', [], true)
 5 SYSTEMPATH\Common.php(1135): CodeIgniter\View\View->render('usermanagement/editprofile', [], true)
 6 APPPATH\Controllers\Usermanagement.php(319): view('usermanagement/editprofile', [...])
 7 SYSTEMPATH\CodeIgniter.php(925): App\Controllers\Usermanagement->loadprofileforedit()
 8 SYSTEMPATH\CodeIgniter.php(480): CodeIgniter\CodeIgniter->runController(Object(App\Controllers\Usermanagement))
 9 SYSTEMPATH\CodeIgniter.php(349): CodeIgniter\CodeIgniter->handleRequest(null, Object(Config\Cache), false)
10 FCPATH\index.php(67): CodeIgniter\CodeIgniter->run()
CRITICAL - 2024-03-16 23:01:20 --> Undefined variable $dval1
in APPPATH\Views\common\baselayout.php on line 371.
 1 APPPATH\Views\common\baselayout.php(371): CodeIgniter\Debug\Exceptions->errorHandler(2, 'Undefined variable $dval1', 'APPPATH\\Views\\common\\baselayout.php', 371)
 2 SYSTEMPATH\View\View.php(213): include('APPPATH\\Views\\common\\baselayout.php')
 3 SYSTEMPATH\View\View.php(216): CodeIgniter\View\View->CodeIgniter\View\{closure}()
 4 SYSTEMPATH\View\View.php(229): CodeIgniter\View\View->render('App\\Views\\common\\baselayout', [], true)
 5 SYSTEMPATH\Common.php(1135): CodeIgniter\View\View->render('usermanagement/editprofile', [], true)
 6 APPPATH\Controllers\Usermanagement.php(319): view('usermanagement/editprofile', [...])
 7 SYSTEMPATH\CodeIgniter.php(925): App\Controllers\Usermanagement->loadprofileforedit()
 8 SYSTEMPATH\CodeIgniter.php(480): CodeIgniter\CodeIgniter->runController(Object(App\Controllers\Usermanagement))
 9 SYSTEMPATH\CodeIgniter.php(349): CodeIgniter\CodeIgniter->handleRequest(null, Object(Config\Cache), false)
10 FCPATH\index.php(67): CodeIgniter\CodeIgniter->run()
CRITICAL - 2024-03-16 23:03:19 --> Undefined variable $dval1
in APPPATH\Views\common\baselayout.php on line 371.
 1 APPPATH\Views\common\baselayout.php(371): CodeIgniter\Debug\Exceptions->errorHandler(2, 'Undefined variable $dval1', 'APPPATH\\Views\\common\\baselayout.php', 371)
 2 SYSTEMPATH\View\View.php(213): include('APPPATH\\Views\\common\\baselayout.php')
 3 SYSTEMPATH\View\View.php(216): CodeIgniter\View\View->CodeIgniter\View\{closure}()
 4 SYSTEMPATH\View\View.php(229): CodeIgniter\View\View->render('App\\Views\\common\\baselayout', [], true)
 5 SYSTEMPATH\Common.php(1135): CodeIgniter\View\View->render('usermanagement/adduser', [], true)
 6 APPPATH\Controllers\Usermanagement.php(59): view('usermanagement/adduser', [...])
 7 SYSTEMPATH\CodeIgniter.php(925): App\Controllers\Usermanagement->adduserload()
 8 SYSTEMPATH\CodeIgniter.php(480): CodeIgniter\CodeIgniter->runController(Object(App\Controllers\Usermanagement))
 9 SYSTEMPATH\CodeIgniter.php(349): CodeIgniter\CodeIgniter->handleRequest(null, Object(Config\Cache), false)
10 FCPATH\index.php(67): CodeIgniter\CodeIgniter->run()
CRITICAL - 2024-03-16 23:03:37 --> Undefined variable $dval1
in APPPATH\Views\common\baselayout.php on line 371.
 1 APPPATH\Views\common\baselayout.php(371): CodeIgniter\Debug\Exceptions->errorHandler(2, 'Undefined variable $dval1', 'APPPATH\\Views\\common\\baselayout.php', 371)
 2 SYSTEMPATH\View\View.php(213): include('APPPATH\\Views\\common\\baselayout.php')
 3 SYSTEMPATH\View\View.php(216): CodeIgniter\View\View->CodeIgniter\View\{closure}()
 4 SYSTEMPATH\View\View.php(229): CodeIgniter\View\View->render('App\\Views\\common\\baselayout', [], true)
 5 SYSTEMPATH\Common.php(1135): CodeIgniter\View\View->render('rolemanagement/addrole', [], true)
 6 APPPATH\Controllers\Rolemanagement.php(73): view('rolemanagement/addrole', [...])
 7 SYSTEMPATH\CodeIgniter.php(925): App\Controllers\Rolemanagement->getrolelist()
 8 SYSTEMPATH\CodeIgniter.php(480): CodeIgniter\CodeIgniter->runController(Object(App\Controllers\Rolemanagement))
 9 SYSTEMPATH\CodeIgniter.php(349): CodeIgniter\CodeIgniter->handleRequest(null, Object(Config\Cache), false)
10 FCPATH\index.php(67): CodeIgniter\CodeIgniter->run()
CRITICAL - 2024-03-16 23:03:42 --> Undefined variable $dval1
in APPPATH\Views\common\baselayout.php on line 371.
 1 APPPATH\Views\common\baselayout.php(371): CodeIgniter\Debug\Exceptions->errorHandler(2, 'Undefined variable $dval1', 'APPPATH\\Views\\common\\baselayout.php', 371)
 2 SYSTEMPATH\View\View.php(213): include('APPPATH\\Views\\common\\baselayout.php')
 3 SYSTEMPATH\View\View.php(216): CodeIgniter\View\View->CodeIgniter\View\{closure}()
 4 SYSTEMPATH\View\View.php(229): CodeIgniter\View\View->render('App\\Views\\common\\baselayout', [], true)
 5 SYSTEMPATH\Common.php(1135): CodeIgniter\View\View->render('firewallrequest/addnew', [], true)
 6 APPPATH\Controllers\Firewallrequest.php(39): view('firewallrequest/addnew', [...])
 7 SYSTEMPATH\CodeIgniter.php(925): App\Controllers\Firewallrequest->addnew()
 8 SYSTEMPATH\CodeIgniter.php(480): CodeIgniter\CodeIgniter->runController(Object(App\Controllers\Firewallrequest))
 9 SYSTEMPATH\CodeIgniter.php(349): CodeIgniter\CodeIgniter->handleRequest(null, Object(Config\Cache), false)
10 FCPATH\index.php(67): CodeIgniter\CodeIgniter->run()
CRITICAL - 2024-03-16 23:06:26 --> Undefined variable $dval1
in APPPATH\Views\common\baselayout.php on line 371.
 1 APPPATH\Views\common\baselayout.php(371): CodeIgniter\Debug\Exceptions->errorHandler(2, 'Undefined variable $dval1', 'APPPATH\\Views\\common\\baselayout.php', 371)
 2 SYSTEMPATH\View\View.php(213): include('APPPATH\\Views\\common\\baselayout.php')
 3 SYSTEMPATH\View\View.php(216): CodeIgniter\View\View->CodeIgniter\View\{closure}()
 4 SYSTEMPATH\View\View.php(229): CodeIgniter\View\View->render('App\\Views\\common\\baselayout', [], true)
 5 SYSTEMPATH\Common.php(1135): CodeIgniter\View\View->render('firewallrequest/addnew', [], true)
 6 APPPATH\Controllers\Firewallrequest.php(39): view('firewallrequest/addnew', [...])
 7 SYSTEMPATH\CodeIgniter.php(925): App\Controllers\Firewallrequest->addnew()
 8 SYSTEMPATH\CodeIgniter.php(480): CodeIgniter\CodeIgniter->runController(Object(App\Controllers\Firewallrequest))
 9 SYSTEMPATH\CodeIgniter.php(349): CodeIgniter\CodeIgniter->handleRequest(null, Object(Config\Cache), false)
10 FCPATH\index.php(67): CodeIgniter\CodeIgniter->run()
CRITICAL - 2024-03-16 23:06:30 --> Undefined variable $dval1
in APPPATH\Views\common\baselayout.php on line 371.
 1 APPPATH\Views\common\baselayout.php(371): CodeIgniter\Debug\Exceptions->errorHandler(2, 'Undefined variable $dval1', 'APPPATH\\Views\\common\\baselayout.php', 371)
 2 SYSTEMPATH\View\View.php(213): include('APPPATH\\Views\\common\\baselayout.php')
 3 SYSTEMPATH\View\View.php(216): CodeIgniter\View\View->CodeIgniter\View\{closure}()
 4 SYSTEMPATH\View\View.php(229): CodeIgniter\View\View->render('App\\Views\\common\\baselayout', [], true)
 5 SYSTEMPATH\Common.php(1135): CodeIgniter\View\View->render('firewallrequest/addva', [], true)
 6 APPPATH\Controllers\VArequest.php(37): view('firewallrequest/addva', [...])
 7 SYSTEMPATH\CodeIgniter.php(925): App\Controllers\VArequest->addva()
 8 SYSTEMPATH\CodeIgniter.php(480): CodeIgniter\CodeIgniter->runController(Object(App\Controllers\VArequest))
 9 SYSTEMPATH\CodeIgniter.php(349): CodeIgniter\CodeIgniter->handleRequest(null, Object(Config\Cache), false)
10 FCPATH\index.php(67): CodeIgniter\CodeIgniter->run()
CRITICAL - 2024-03-16 23:06:35 --> Undefined variable $dval1
in APPPATH\Views\common\baselayout.php on line 371.
 1 APPPATH\Views\common\baselayout.php(371): CodeIgniter\Debug\Exceptions->errorHandler(2, 'Undefined variable $dval1', 'APPPATH\\Views\\common\\baselayout.php', 371)
 2 SYSTEMPATH\View\View.php(213): include('APPPATH\\Views\\common\\baselayout.php')
 3 SYSTEMPATH\View\View.php(216): CodeIgniter\View\View->CodeIgniter\View\{closure}()
 4 SYSTEMPATH\View\View.php(229): CodeIgniter\View\View->render('App\\Views\\common\\baselayout', [], true)
 5 SYSTEMPATH\Common.php(1135): CodeIgniter\View\View->render('firewallrequest/pendingpwdlist', [], true)
 6 APPPATH\Controllers\Firewallrequest.php(254): view('firewallrequest/pendingpwdlist', [...])
 7 SYSTEMPATH\CodeIgniter.php(925): App\Controllers\Firewallrequest->pendingpwdlist()
 8 SYSTEMPATH\CodeIgniter.php(480): CodeIgniter\CodeIgniter->runController(Object(App\Controllers\Firewallrequest))
 9 SYSTEMPATH\CodeIgniter.php(349): CodeIgniter\CodeIgniter->handleRequest(null, Object(Config\Cache), false)
10 FCPATH\index.php(67): CodeIgniter\CodeIgniter->run()
