CRITICAL - 2023-05-11 07:14:22 --> Undefined variable $row
in APPPATH\Views\firewallrequest\pendingrequestlist.php on line 65.
 1 APPPATH\Views\firewallrequest\pendingrequestlist.php(65): CodeIgniter\Debug\Exceptions->errorHandler(2, 'Undefined variable $row', 'APPPATH\\Views\\firewallrequest\\pendingrequestlist.php', 65)
 2 SYSTEMPATH\View\View.php(213): include('APPPATH\\Views\\firewallrequest\\pendingrequestlist.php')
 3 SYSTEMPATH\View\View.php(216): CodeIgniter\View\View->CodeIgniter\View\{closure}()
 4 SYSTEMPATH\Common.php(1135): CodeIgniter\View\View->render('firewallrequest/pendingrequestlist', [], true)
 5 APPPATH\Controllers\Firewallrequest.php(62): view('firewallrequest/pendingrequestlist', [...])
 6 SYSTEMPATH\CodeIgniter.php(925): App\Controllers\Firewallrequest->pendingrequestlist()
 7 SYSTEMPATH\CodeIgniter.php(480): CodeIgniter\CodeIgniter->runController(Object(App\Controllers\Firewallrequest))
 8 SYSTEMPATH\CodeIgniter.php(349): CodeIgniter\CodeIgniter->handleRequest(null, Object(Config\Cache), false)
 9 FCPATH\index.php(67): CodeIgniter\CodeIgniter->run()
CRITICAL - 2023-05-11 07:14:55 --> Cannot use object of type stdClass as array
in APPPATH\Views\firewallrequest\pendingrequestlist.php on line 65.
 1 SYSTEMPATH\View\View.php(213): include()
 2 SYSTEMPATH\View\View.php(216): CodeIgniter\View\View->CodeIgniter\View\{closure}()
 3 SYSTEMPATH\Common.php(1135): CodeIgniter\View\View->render('firewallrequest/pendingrequestlist', [], true)
 4 APPPATH\Controllers\Firewallrequest.php(62): view('firewallrequest/pendingrequestlist', [...])
 5 SYSTEMPATH\CodeIgniter.php(925): App\Controllers\Firewallrequest->pendingrequestlist()
 6 SYSTEMPATH\CodeIgniter.php(480): CodeIgniter\CodeIgniter->runController(Object(App\Controllers\Firewallrequest))
 7 SYSTEMPATH\CodeIgniter.php(349): CodeIgniter\CodeIgniter->handleRequest(null, Object(Config\Cache), false)
 8 FCPATH\index.php(67): CodeIgniter\CodeIgniter->run()
CRITICAL - 2023-05-11 23:03:24 --> Call to undefined method CodeIgniter\Database\MySQLi\Connection::where()
in APPPATH\Models\FirewallRequestModel.php on line 42.
 1 APPPATH\Controllers\Firewallrequest.php(81): App\Models\FirewallRequestModel->search_by_id('1')
 2 SYSTEMPATH\CodeIgniter.php(925): App\Controllers\Firewallrequest->getselectedreq('1')
 3 SYSTEMPATH\CodeIgniter.php(480): CodeIgniter\CodeIgniter->runController(Object(App\Controllers\Firewallrequest))
 4 SYSTEMPATH\CodeIgniter.php(349): CodeIgniter\CodeIgniter->handleRequest(null, Object(Config\Cache), false)
 5 FCPATH\index.php(67): CodeIgniter\CodeIgniter->run()
CRITICAL - 2023-05-11 23:08:23 --> Call to undefined method CodeIgniter\Database\MySQLi\Connection::where()
in APPPATH\Models\FirewallRequestModel.php on line 42.
 1 APPPATH\Controllers\Firewallrequest.php(81): App\Models\FirewallRequestModel->search_by_id('1')
 2 SYSTEMPATH\CodeIgniter.php(925): App\Controllers\Firewallrequest->getselectedreq('1')
 3 SYSTEMPATH\CodeIgniter.php(480): CodeIgniter\CodeIgniter->runController(Object(App\Controllers\Firewallrequest))
 4 SYSTEMPATH\CodeIgniter.php(349): CodeIgniter\CodeIgniter->handleRequest(null, Object(Config\Cache), false)
 5 FCPATH\index.php(67): CodeIgniter\CodeIgniter->run()
CRITICAL - 2023-05-11 23:11:11 --> Undefined variable $id
in APPPATH\Models\FirewallRequestModel.php on line 42.
 1 APPPATH\Models\FirewallRequestModel.php(42): CodeIgniter\Debug\Exceptions->errorHandler(2, 'Undefined variable $id', 'APPPATH\\Models\\FirewallRequestModel.php', 42)
 2 APPPATH\Controllers\Firewallrequest.php(81): App\Models\FirewallRequestModel->search_by_id('1')
 3 SYSTEMPATH\CodeIgniter.php(925): App\Controllers\Firewallrequest->getselectedreq('1')
 4 SYSTEMPATH\CodeIgniter.php(480): CodeIgniter\CodeIgniter->runController(Object(App\Controllers\Firewallrequest))
 5 SYSTEMPATH\CodeIgniter.php(349): CodeIgniter\CodeIgniter->handleRequest(null, Object(Config\Cache), false)
 6 FCPATH\index.php(67): CodeIgniter\CodeIgniter->run()
ERROR - 2023-05-11 23:11:26 --> mysqli_sql_exception: Unknown column 'id' in 'where clause' in C:\xampp\htdocs\IT_form_management\system\Database\MySQLi\Connection.php:292
Stack trace:
#0 C:\xampp\htdocs\IT_form_management\system\Database\MySQLi\Connection.php(292): mysqli->query('SELECT *\nFROM `...', 0)
#1 C:\xampp\htdocs\IT_form_management\system\Database\BaseConnection.php(666): CodeIgniter\Database\MySQLi\Connection->execute('SELECT *\nFROM `...')
#2 C:\xampp\htdocs\IT_form_management\system\Database\BaseConnection.php(593): CodeIgniter\Database\BaseConnection->simpleQuery('SELECT *\nFROM `...')
#3 C:\xampp\htdocs\IT_form_management\system\Database\BaseBuilder.php(1585): CodeIgniter\Database\BaseConnection->query('SELECT *\nFROM `...', Array, false)
#4 C:\xampp\htdocs\IT_form_management\system\Model.php(202): CodeIgniter\Database\BaseBuilder->get()
#5 C:\xampp\htdocs\IT_form_management\system\BaseModel.php(525): CodeIgniter\Model->doFind(false, NULL)
#6 C:\xampp\htdocs\IT_form_management\app\Models\FirewallRequestModel.php(42): CodeIgniter\BaseModel->find()
#7 C:\xampp\htdocs\IT_form_management\app\Controllers\Firewallrequest.php(81): App\Models\FirewallRequestModel->search_by_id('1')
#8 C:\xampp\htdocs\IT_form_management\system\CodeIgniter.php(925): App\Controllers\Firewallrequest->getselectedreq('1')
#9 C:\xampp\htdocs\IT_form_management\system\CodeIgniter.php(480): CodeIgniter\CodeIgniter->runController(Object(App\Controllers\Firewallrequest))
#10 C:\xampp\htdocs\IT_form_management\system\CodeIgniter.php(349): CodeIgniter\CodeIgniter->handleRequest(NULL, Object(Config\Cache), false)
#11 C:\xampp\htdocs\IT_form_management\public\index.php(67): CodeIgniter\CodeIgniter->run()
#12 {main}
CRITICAL - 2023-05-11 23:11:26 --> Unknown column 'id' in 'where clause'
in SYSTEMPATH\Database\MySQLi\Connection.php on line 292.
 1 SYSTEMPATH\Database\MySQLi\Connection.php(292): mysqli->query('SELECT *
FROM `firewallrequestmaster`
WHERE `id` = \'1\'', 0)
 2 SYSTEMPATH\Database\BaseConnection.php(666): CodeIgniter\Database\MySQLi\Connection->execute('SELECT *
FROM `firewallrequestmaster`
WHERE `id` = \'1\'')
 3 SYSTEMPATH\Database\BaseConnection.php(593): CodeIgniter\Database\BaseConnection->simpleQuery('SELECT *
FROM `firewallrequestmaster`
WHERE `id` = \'1\'')
 4 SYSTEMPATH\Database\BaseBuilder.php(1585): CodeIgniter\Database\BaseConnection->query('SELECT *
FROM `firewallrequestmaster`
WHERE `id` = :id:', [...], false)
 5 SYSTEMPATH\Model.php(202): CodeIgniter\Database\BaseBuilder->get()
 6 SYSTEMPATH\BaseModel.php(525): CodeIgniter\Model->doFind(false, null)
 7 APPPATH\Models\FirewallRequestModel.php(42): CodeIgniter\BaseModel->find()
 8 APPPATH\Controllers\Firewallrequest.php(81): App\Models\FirewallRequestModel->search_by_id('1')
 9 SYSTEMPATH\CodeIgniter.php(925): App\Controllers\Firewallrequest->getselectedreq('1')
10 SYSTEMPATH\CodeIgniter.php(480): CodeIgniter\CodeIgniter->runController(Object(App\Controllers\Firewallrequest))
11 SYSTEMPATH\CodeIgniter.php(349): CodeIgniter\CodeIgniter->handleRequest(null, Object(Config\Cache), false)
12 FCPATH\index.php(67): CodeIgniter\CodeIgniter->run()
