CRITICAL - 2024-03-25 06:45:47 --> Call to undefined method App\Models\InternetRequestModel::getpenbysecint
in SYSTEMPATH\Model.php on line 807.
 1 APPPATH\Controllers\Home.php(82): CodeIgniter\Model->__call('getpenbysecint', [...])
 2 SYSTEMPATH\CodeIgniter.php(926): App\Controllers\Home->homepage()
 3 SYSTEMPATH\CodeIgniter.php(480): CodeIgniter\CodeIgniter->runController(Object(App\Controllers\Home))
 4 SYSTEMPATH\CodeIgniter.php(349): CodeIgniter\CodeIgniter->handleRequest(null, Object(Config\Cache), false)
 5 FCPATH\index.php(67): CodeIgniter\CodeIgniter->run()
CRITICAL - 2024-03-25 06:49:12 --> Call to undefined method App\Models\FirewallRequestModel::ORDER
in SYSTEMPATH\Model.php on line 807.
 1 APPPATH\Models\FirewallRequestModel.php(44): CodeIgniter\Model->__call('ORDER', [...])
 2 APPPATH\Controllers\Firewallrequest.php(286): App\Models\FirewallRequestModel->getRequestsforapp('2')
 3 SYSTEMPATH\CodeIgniter.php(926): App\Controllers\Firewallrequest->pendingrequestlist()
 4 SYSTEMPATH\CodeIgniter.php(480): CodeIgniter\CodeIgniter->runController(Object(App\Controllers\Firewallrequest))
 5 SYSTEMPATH\CodeIgniter.php(349): CodeIgniter\CodeIgniter->handleRequest(null, Object(Config\Cache), false)
 6 FCPATH\index.php(67): CodeIgniter\CodeIgniter->run()
CRITICAL - 2024-03-25 06:52:29 --> Call to undefined method App\Models\InternetRequestModel::getpenbysecint
in SYSTEMPATH\Model.php on line 807.
 1 APPPATH\Controllers\Home.php(82): CodeIgniter\Model->__call('getpenbysecint', [...])
 2 SYSTEMPATH\CodeIgniter.php(926): App\Controllers\Home->homepage()
 3 SYSTEMPATH\CodeIgniter.php(480): CodeIgniter\CodeIgniter->runController(Object(App\Controllers\Home))
 4 SYSTEMPATH\CodeIgniter.php(349): CodeIgniter\CodeIgniter->handleRequest(null, Object(Config\Cache), false)
 5 FCPATH\index.php(67): CodeIgniter\CodeIgniter->run()
CRITICAL - 2024-03-25 08:52:06 --> Call to undefined method App\Models\InternetRequestModel::getpenbysecint
in SYSTEMPATH\Model.php on line 807.
 1 APPPATH\Controllers\Home.php(82): CodeIgniter\Model->__call('getpenbysecint', [...])
 2 SYSTEMPATH\CodeIgniter.php(926): App\Controllers\Home->homepage()
 3 SYSTEMPATH\CodeIgniter.php(480): CodeIgniter\CodeIgniter->runController(Object(App\Controllers\Home))
 4 SYSTEMPATH\CodeIgniter.php(349): CodeIgniter\CodeIgniter->handleRequest(null, Object(Config\Cache), false)
 5 FCPATH\index.php(67): CodeIgniter\CodeIgniter->run()
