CRITICAL - 2024-03-14 09:40:58 --> Undefined array key "user_avatar"
in APPPATH\Views\usermanagement\editprofile.php on line 129.
 1 APPPATH\Views\usermanagement\editprofile.php(129): CodeIgniter\Debug\Exceptions->errorHandler(2, 'Undefined array key "user_avatar"', 'APPPATH\\Views\\usermanagement\\editprofile.php', 129)
 2 SYSTEMPATH\View\View.php(213): include('APPPATH\\Views\\usermanagement\\editprofile.php')
 3 SYSTEMPATH\View\View.php(216): CodeIgniter\View\View->CodeIgniter\View\{closure}()
 4 SYSTEMPATH\Common.php(1135): CodeIgniter\View\View->render('usermanagement/editprofile', [], true)
 5 APPPATH\Controllers\Usermanagement.php(247): view('usermanagement/editprofile', [...])
 6 SYSTEMPATH\CodeIgniter.php(925): App\Controllers\Usermanagement->loadprofileforedit()
 7 SYSTEMPATH\CodeIgniter.php(480): CodeIgniter\CodeIgniter->runController(Object(App\Controllers\Usermanagement))
 8 SYSTEMPATH\CodeIgniter.php(349): CodeIgniter\CodeIgniter->handleRequest(null, Object(Config\Cache), false)
 9 FCPATH\index.php(67): CodeIgniter\CodeIgniter->run()
CRITICAL - 2024-03-14 09:41:12 --> Undefined array key "user_avatar"
in APPPATH\Views\usermanagement\editprofile.php on line 129.
 1 APPPATH\Views\usermanagement\editprofile.php(129): CodeIgniter\Debug\Exceptions->errorHandler(2, 'Undefined array key "user_avatar"', 'APPPATH\\Views\\usermanagement\\editprofile.php', 129)
 2 SYSTEMPATH\View\View.php(213): include('APPPATH\\Views\\usermanagement\\editprofile.php')
 3 SYSTEMPATH\View\View.php(216): CodeIgniter\View\View->CodeIgniter\View\{closure}()
 4 SYSTEMPATH\Common.php(1135): CodeIgniter\View\View->render('usermanagement/editprofile', [], true)
 5 APPPATH\Controllers\Usermanagement.php(247): view('usermanagement/editprofile', [...])
 6 SYSTEMPATH\CodeIgniter.php(925): App\Controllers\Usermanagement->loadprofileforedit()
 7 SYSTEMPATH\CodeIgniter.php(480): CodeIgniter\CodeIgniter->runController(Object(App\Controllers\Usermanagement))
 8 SYSTEMPATH\CodeIgniter.php(349): CodeIgniter\CodeIgniter->handleRequest(null, Object(Config\Cache), false)
 9 FCPATH\index.php(67): CodeIgniter\CodeIgniter->run()
CRITICAL - 2024-03-14 09:41:52 --> Undefined array key "user_avatar"
in APPPATH\Views\usermanagement\editprofile.php on line 129.
 1 APPPATH\Views\usermanagement\editprofile.php(129): CodeIgniter\Debug\Exceptions->errorHandler(2, 'Undefined array key "user_avatar"', 'APPPATH\\Views\\usermanagement\\editprofile.php', 129)
 2 SYSTEMPATH\View\View.php(213): include('APPPATH\\Views\\usermanagement\\editprofile.php')
 3 SYSTEMPATH\View\View.php(216): CodeIgniter\View\View->CodeIgniter\View\{closure}()
 4 SYSTEMPATH\Common.php(1135): CodeIgniter\View\View->render('usermanagement/editprofile', [], true)
 5 APPPATH\Controllers\Usermanagement.php(247): view('usermanagement/editprofile', [...])
 6 SYSTEMPATH\CodeIgniter.php(925): App\Controllers\Usermanagement->loadprofileforedit()
 7 SYSTEMPATH\CodeIgniter.php(480): CodeIgniter\CodeIgniter->runController(Object(App\Controllers\Usermanagement))
 8 SYSTEMPATH\CodeIgniter.php(349): CodeIgniter\CodeIgniter->handleRequest(null, Object(Config\Cache), false)
 9 FCPATH\index.php(67): CodeIgniter\CodeIgniter->run()
CRITICAL - 2024-03-14 09:42:05 --> Undefined array key "user_avatar"
in APPPATH\Views\usermanagement\editprofile.php on line 129.
 1 APPPATH\Views\usermanagement\editprofile.php(129): CodeIgniter\Debug\Exceptions->errorHandler(2, 'Undefined array key "user_avatar"', 'APPPATH\\Views\\usermanagement\\editprofile.php', 129)
 2 SYSTEMPATH\View\View.php(213): include('APPPATH\\Views\\usermanagement\\editprofile.php')
 3 SYSTEMPATH\View\View.php(216): CodeIgniter\View\View->CodeIgniter\View\{closure}()
 4 SYSTEMPATH\Common.php(1135): CodeIgniter\View\View->render('usermanagement/editprofile', [], true)
 5 APPPATH\Controllers\Usermanagement.php(247): view('usermanagement/editprofile', [...])
 6 SYSTEMPATH\CodeIgniter.php(925): App\Controllers\Usermanagement->loadprofileforedit()
 7 SYSTEMPATH\CodeIgniter.php(480): CodeIgniter\CodeIgniter->runController(Object(App\Controllers\Usermanagement))
 8 SYSTEMPATH\CodeIgniter.php(349): CodeIgniter\CodeIgniter->handleRequest(null, Object(Config\Cache), false)
 9 FCPATH\index.php(67): CodeIgniter\CodeIgniter->run()
CRITICAL - 2024-03-14 10:07:02 --> Undefined array key "user_avatar"
in APPPATH\Views\usermanagement\editprofile.php on line 129.
 1 APPPATH\Views\usermanagement\editprofile.php(129): CodeIgniter\Debug\Exceptions->errorHandler(2, 'Undefined array key "user_avatar"', 'APPPATH\\Views\\usermanagement\\editprofile.php', 129)
 2 SYSTEMPATH\View\View.php(213): include('APPPATH\\Views\\usermanagement\\editprofile.php')
 3 SYSTEMPATH\View\View.php(216): CodeIgniter\View\View->CodeIgniter\View\{closure}()
 4 SYSTEMPATH\Common.php(1135): CodeIgniter\View\View->render('usermanagement/editprofile', [], true)
 5 APPPATH\Controllers\Usermanagement.php(247): view('usermanagement/editprofile', [...])
 6 SYSTEMPATH\CodeIgniter.php(925): App\Controllers\Usermanagement->loadprofileforedit()
 7 SYSTEMPATH\CodeIgniter.php(480): CodeIgniter\CodeIgniter->runController(Object(App\Controllers\Usermanagement))
 8 SYSTEMPATH\CodeIgniter.php(349): CodeIgniter\CodeIgniter->handleRequest(null, Object(Config\Cache), false)
 9 FCPATH\index.php(67): CodeIgniter\CodeIgniter->run()
CRITICAL - 2024-03-14 13:53:16 --> Undefined array key "user_avatar"
in APPPATH\Views\usermanagement\editprofile.php on line 129.
 1 APPPATH\Views\usermanagement\editprofile.php(129): CodeIgniter\Debug\Exceptions->errorHandler(2, 'Undefined array key "user_avatar"', 'APPPATH\\Views\\usermanagement\\editprofile.php', 129)
 2 SYSTEMPATH\View\View.php(213): include('APPPATH\\Views\\usermanagement\\editprofile.php')
 3 SYSTEMPATH\View\View.php(216): CodeIgniter\View\View->CodeIgniter\View\{closure}()
 4 SYSTEMPATH\Common.php(1135): CodeIgniter\View\View->render('usermanagement/editprofile', [], true)
 5 APPPATH\Controllers\Usermanagement.php(247): view('usermanagement/editprofile', [...])
 6 SYSTEMPATH\CodeIgniter.php(925): App\Controllers\Usermanagement->loadprofileforedit()
 7 SYSTEMPATH\CodeIgniter.php(480): CodeIgniter\CodeIgniter->runController(Object(App\Controllers\Usermanagement))
 8 SYSTEMPATH\CodeIgniter.php(349): CodeIgniter\CodeIgniter->handleRequest(null, Object(Config\Cache), false)
 9 FCPATH\index.php(67): CodeIgniter\CodeIgniter->run()
